I[21:21:35.365] clangd version 21.1.8 (https://github.com/llvm/llvm-project 2078da43e25a4623cab2d0d60decddf709aaea28)
I[21:21:35.365] Features: linux+grpc
I[21:21:35.365] PID: 1013329
I[21:21:35.365] Working directory: /home/iris/Templates/Nullix
I[21:21:35.365] argv[0]: /home/iris/.config/VSCodium/User/globalStorage/llvm-vs-code-extensions.vscode-clangd/install/21.1.8/clangd_21.1.8/bin/clangd
I[21:21:35.365] argv[1]: --pretty
I[21:21:35.365] argv[2]: --clang-tidy
I[21:21:35.365] argv[3]: --log=verbose
I[21:21:35.365] argv[4]: --malloc-trim
I[21:21:35.365] argv[5]: -crash-pragmas
I[21:21:35.365] argv[6]: --debug-origin
I[21:21:35.365] argv[7]: --hidden-features
I[21:21:35.365] argv[8]: --limit-results=0
I[21:21:35.365] argv[9]: --background-index
I[21:21:35.365] argv[10]: --import-insertions
I[21:21:35.365] argv[11]: --use-dirty-headers
I[21:21:35.365] argv[12]: --pch-storage=memory
I[21:21:35.365] argv[13]: --limit-references=0
I[21:21:35.365] argv[14]: --rename-file-limit=0
I[21:21:35.365] argv[15]: --completion-parse=auto
I[21:21:35.365] argv[16]: --header-insertion=iwyu
I[21:21:35.365] argv[17]: --completion-style=detailed
I[21:21:35.365] argv[18]: --parse-forwarding-functions
I[21:21:35.365] argv[19]: --header-insertion-decorators
I[21:21:35.365] argv[20]: --ranking-model=decision_forest
I[21:21:35.365] argv[21]: --function-arg-placeholders=true
I[21:21:35.365] argv[22]: --background-index-priority=normal
V[21:21:35.366] User config file is /home/iris/.config/clangd/config.yaml
I[21:21:35.366] Starting LSP over stdin/stdout
V[21:21:35.389] <<< {
  "id": 0,
  "jsonrpc": "2.0",
  "method": "initialize",
  "params": {
    "capabilities": {
      "general": {
        "markdown": {
          "parser": "marked",
          "version": "1.1.0"
        },
        "positionEncodings": [
          "utf-16"
        ],
        "regularExpressions": {
          "engine": "ECMAScript",
          "version": "ES2020"
        },
        "staleRequestSupport": {
          "cancel": true,
          "retryOnContentModified": [
            "textDocument/semanticTokens/full",
            "textDocument/semanticTokens/range",
            "textDocument/semanticTokens/full/delta"
          ]
        }
      },
      "notebookDocument": {
        "synchronization": {
          "dynamicRegistration": true,
          "executionSummarySupport": true
        }
      },
      "textDocument": {
        "callHierarchy": {
          "dynamicRegistration": true
        },
        "codeAction": {
          "codeActionLiteralSupport": {
            "codeActionKind": {
              "valueSet": [
                "",
                "quickfix",
                "refactor",
                "refactor.extract",
                "refactor.inline",
                "refactor.rewrite",
                "source",
                "source.organizeImports"
              ]
            }
          },
          "dataSupport": true,
          "disabledSupport": true,
          "dynamicRegistration": true,
          "honorsChangeAnnotations": true,
          "isPreferredSupport": true,
          "resolveSupport": {
            "properties": [
              "edit"
            ]
          }
        },
        "codeLens": {
          "dynamicRegistration": true
        },
        "colorProvider": {
          "dynamicRegistration": true
        },
        "completion": {
          "completionItem": {
            "commitCharactersSupport": true,
            "deprecatedSupport": true,
            "documentationFormat": [
              "markdown",
              "plaintext"
            ],
            "insertReplaceSupport": true,
            "insertTextModeSupport": {
              "valueSet": [
                1,
                2
              ]
            },
            "labelDetailsSupport": true,
            "preselectSupport": true,
            "resolveSupport": {
              "properties": [
                "documentation",
                "detail",
                "additionalTextEdits"
              ]
            },
            "snippetSupport": true,
            "tagSupport": {
              "valueSet": [
                1
              ]
            }
          },
          "completionItemKind": {
            "valueSet": [
              1,
              2,
              3,
              4,
              5,
              6,
              7,
              8,
              9,
              10,
              11,
              12,
              13,
              14,
              15,
              16,
              17,
              18,
              19,
              20,
              21,
              22,
              23,
              24,
              25
            ]
          },
          "completionList": {
            "itemDefaults": [
              "commitCharacters",
              "editRange",
              "insertTextFormat",
              "insertTextMode",
              "data"
            ]
          },
          "contextSupport": true,
          "dynamicRegistration": true,
          "editsNearCursor": true,
          "insertTextMode": 2
        },
        "declaration": {
          "dynamicRegistration": true,
          "linkSupport": true
        },
        "definition": {
          "dynamicRegistration": true,
          "linkSupport": true
        },
        "diagnostic": {
          "dynamicRegistration": true,
          "relatedDocumentSupport": false
        },
        "documentHighlight": {
          "dynamicRegistration": true
        },
        "documentLink": {
          "dynamicRegistration": true,
          "tooltipSupport": true
        },
        "documentSymbol": {
          "dynamicRegistration": true,
          "hierarchicalDocumentSymbolSupport": true,
          "labelSupport": true,
          "symbolKind": {
            "valueSet": [
              1,
              2,
              3,
              4,
              5,
              6,
              7,
              8,
              9,
              10,
              11,
              12,
              13,
              14,
              15,
              16,
              17,
              18,
              19,
              20,
              21,
              22,
              23,
              24,
              25,
              26
            ]
          },
          "tagSupport": {
            "valueSet": [
              1
            ]
          }
        },
        "foldingRange": {
          "dynamicRegistration": true,
          "foldingRange": {
            "collapsedText": false
          },
          "foldingRangeKind": {
            "valueSet": [
              "comment",
              "imports",
              "region"
            ]
          },
          "lineFoldingOnly": true,
          "rangeLimit": 5000
        },
        "formatting": {
          "dynamicRegistration": true
        },
        "hover": {
          "contentFormat": [
            "markdown",
            "plaintext"
          ],
          "dynamicRegistration": true
        },
        "implementation": {
          "dynamicRegistration": true,
          "linkSupport": true
        },
        "inactiveRegionsCapabilities": {
          "inactiveRegions": true
        },
        "inlayHint": {
          "dynamicRegistration": true,
          "resolveSupport": {
            "properties": [
              "tooltip",
              "textEdits",
              "label.tooltip",
              "label.location",
              "label.command"
            ]
          }
        },
        "inlineValue": {
          "dynamicRegistration": true
        },
        "linkedEditingRange": {
          "dynamicRegistration": true
        },
        "onTypeFormatting": {
          "dynamicRegistration": true
        },
        "publishDiagnostics": {
          "codeDescriptionSupport": true,
          "dataSupport": true,
          "relatedInformation": true,
          "tagSupport": {
            "valueSet": [
              1,
              2
            ]
          },
          "versionSupport": false
        },
        "rangeFormatting": {
          "dynamicRegistration": true,
          "rangesSupport": true
        },
        "references": {
          "dynamicRegistration": true
        },
        "rename": {
          "dynamicRegistration": true,
          "honorsChangeAnnotations": true,
          "prepareSupport": true,
          "prepareSupportDefaultBehavior": 1
        },
        "selectionRange": {
          "dynamicRegistration": true
        },
        "semanticTokens": {
          "augmentsSyntaxTokens": true,
          "dynamicRegistration": true,
          "formats": [
            "relative"
          ],
          "multilineTokenSupport": false,
          "overlappingTokenSupport": false,
          "requests": {
            "full": {
              "delta": true
            },
            "range": true
          },
          "serverCancelSupport": true,
          "tokenModifiers": [
            "declaration",
            "definition",
            "readonly",
            "static",
            "deprecated",
            "abstract",
            "async",
            "modification",
            "documentation",
            "defaultLibrary"
          ],
          "tokenTypes": [
            "namespace",
            "type",
            "class",
            "enum",
            "interface",
            "struct",
            "typeParameter",
            "parameter",
            "variable",
            "property",
            "enumMember",
            "event",
            "function",
            "method",
            "macro",
            "keyword",
            "modifier",
            "comment",
            "string",
            "number",
            "regexp",
            "operator",
            "decorator"
          ]
        },
        "signatureHelp": {
          "contextSupport": true,
          "dynamicRegistration": true,
          "signatureInformation": {
            "activeParameterSupport": true,
            "documentationFormat": [
              "markdown",
              "plaintext"
            ],
            "parameterInformation": {
              "labelOffsetSupport": true
            }
          }
        },
        "synchronization": {
          "didSave": true,
          "dynamicRegistration": true,
          "willSave": true,
          "willSaveWaitUntil": true
        },
        "typeDefinition": {
          "dynamicRegistration": true,
          "linkSupport": true
        },
        "typeHierarchy": {
          "dynamicRegistration": true
        }
      },
      "window": {
        "showDocument": {
          "support": true
        },
        "showMessage": {
          "messageActionItem": {
            "additionalPropertiesSupport": true
          }
        },
        "workDoneProgress": true
      },
      "workspace": {
        "applyEdit": true,
        "codeLens": {
          "refreshSupport": true
        },
        "configuration": true,
        "diagnostics": {
          "refreshSupport": true
        },
        "didChangeConfiguration": {
          "dynamicRegistration": true
        },
        "didChangeWatchedFiles": {
          "dynamicRegistration": true,
          "relativePatternSupport": true
        },
        "executeCommand": {
          "dynamicRegistration": true
        },
        "fileOperations": {
          "didCreate": true,
          "didDelete": true,
          "didRename": true,
          "dynamicRegistration": true,
          "willCreate": true,
          "willDelete": true,
          "willRename": true
        },
        "foldingRange": {
          "refreshSupport": true
        },
        "inlayHint": {
          "refreshSupport": true
        },
        "inlineValue": {
          "refreshSupport": true
        },
        "semanticTokens": {
          "refreshSupport": true
        },
        "symbol": {
          "dynamicRegistration": true,
          "resolveSupport": {
            "properties": [
              "location.range"
            ]
          },
          "symbolKind": {
            "valueSet": [
              1,
              2,
              3,
              4,
              5,
              6,
              7,
              8,
              9,
              10,
              11,
              12,
              13,
              14,
              15,
              16,
              17,
              18,
              19,
              20,
              21,
              22,
              23,
              24,
              25,
              26
            ]
          },
          "tagSupport": {
            "valueSet": [
              1
            ]
          }
        },
        "workspaceEdit": {
          "changeAnnotationSupport": {
            "groupsOnLabel": true
          },
          "documentChanges": true,
          "failureHandling": "textOnlyTransactional",
          "normalizesLineEndings": true,
          "resourceOperations": [
            "create",
            "rename",
            "delete"
          ]
        },
        "workspaceFolders": true
      }
    },
    "clientInfo": {
      "name": "VSCodium",
      "version": "1.109.5"
    },
    "initializationOptions": {
      "clangdFileStatus": true,
      "fallbackFlags": []
    },
    "locale": "en",
    "processId": 1012141,
    "rootPath": "/home/iris/Templates/Nullix",
    "rootUri": "file:///home/iris/Templates/Nullix",
    "trace": "off",
    "workspaceFolders": [
      {
        "name": "Nullix",
        "uri": "file:///home/iris/Templates/Nullix"
      }
    ]
  }
}

I[21:21:35.391] <-- initialize(0)
I[21:21:35.459] --> reply:initialize(0) 68 ms
V[21:21:35.459] >>> {
  "id": 0,
  "jsonrpc": "2.0",
  "result": {
    "capabilities": {
      "astProvider": true,
      "callHierarchyProvider": true,
      "clangdInlayHintsProvider": true,
      "codeActionProvider": {
        "codeActionKinds": [
          "quickfix",
          "refactor",
          "info"
        ]
      },
      "compilationDatabase": {
        "automaticReload": true
      },
      "completionProvider": {
        "resolveProvider": false,
        "triggerCharacters": [
          ".",
          "<",
          ">",
          ":",
          "\"",
          "/",
          "*"
        ]
      },
      "declarationProvider": true,
      "definitionProvider": true,
      "documentFormattingProvider": true,
      "documentHighlightProvider": true,
      "documentLinkProvider": {
        "resolveProvider": false
      },
      "documentOnTypeFormattingProvider": {
        "firstTriggerCharacter": "\n",
        "moreTriggerCharacter": []
      },
      "documentRangeFormattingProvider": {
        "rangesSupport": true
      },
      "documentSymbolProvider": true,
      "executeCommandProvider": {
        "commands": [
          "clangd.applyFix",
          "clangd.applyRename",
          "clangd.applyTweak"
        ]
      },
      "foldingRangeProvider": true,
      "hoverProvider": true,
      "implementationProvider": true,
      "inactiveRegionsProvider": true,
      "inlayHintProvider": true,
      "memoryUsageProvider": true,
      "positionEncoding": "utf-16",
      "referencesProvider": true,
      "renameProvider": {
        "prepareProvider": true
      },
      "selectionRangeProvider": true,
      "semanticTokensProvider": {
        "full": {
          "delta": true
        },
        "legend": {
          "tokenModifiers": [
            "declaration",
            "definition",
            "deprecated",
            "deduced",
            "readonly",
            "static",
            "abstract",
            "virtual",
            "dependentName",
            "defaultLibrary",
            "usedAsMutableReference",
            "usedAsMutablePointer",
            "constructorOrDestructor",
            "userDefined",
            "functionScope",
            "classScope",
            "fileScope",
            "globalScope"
          ],
          "tokenTypes": [
            "variable",
            "variable",
            "parameter",
            "function",
            "method",
            "function",
            "property",
            "variable",
            "class",
            "interface",
            "enum",
            "enumMember",
            "type",
            "type",
            "unknown",
            "namespace",
            "typeParameter",
            "concept",
            "type",
            "macro",
            "modifier",
            "operator",
            "bracket",
            "label",
            "comment"
          ]
        },
        "range": false
      },
      "signatureHelpProvider": {
        "triggerCharacters": [
          "(",
          ")",
          "{",
          "}",
          "<",
          ">",
          ","
        ]
      },
      "standardTypeHierarchyProvider": true,
      "textDocumentSync": {
        "change": 2,
        "openClose": true,
        "save": true
      },
      "typeDefinitionProvider": true,
      "typeHierarchyProvider": true,
      "workspaceSymbolProvider": true
    },
    "offsetEncoding": "utf-16",
    "serverInfo": {
      "name": "clangd",
      "version": "clangd version 21.1.8 (https://github.com/llvm/llvm-project 2078da43e25a4623cab2d0d60decddf709aaea28) linux+grpc x86_64-unknown-linux-gnu"
    }
  }
}

V[21:21:35.468] <<< {
  "jsonrpc": "2.0",
  "method": "initialized",
  "params": {}
}

I[21:21:35.468] <-- initialized
V[21:21:35.502] <<< {
  "jsonrpc": "2.0",
  "method": "textDocument/didOpen",
  "params": {
    "textDocument": {
      "languageId": "cpp",
      "text": "#include \"process/ProcStream.hpp\"\n#include \"process/SubProcess.hpp\"\n#include <print>\n#include <array>\n\nnamespace\n    fs\n{\n    using namespace ::std::filesystem;\n} /* namespace std::fs */\n\nauto\n  main\n  ( void )\n-> int\n{\n\n    const char* HOME = std::getenv(\"HOME\");\n    auto XDG_CONFIG_HOME = fs::path(HOME) / \".config\";\n    auto XDG_CONFIG_ROFI = XDG_CONFIG_HOME / \"rofi\";\n\n    using namespace uniqx::system::process;\n\n    std::array<std::string const, 4> pkgs {\n        \"pactl\",\n        \"notify-send\",\n        \"rofi\",\n        \"jq\"\n    };\n\n    std::array<std::string , 4> missingPkgs { };\n\n    for\n        ( size_t itr { }; itr < pkgs.size ( ); ++itr )\n    {\n\n        auto const& pkgCheck { SubProcess::create ( )};\n        pkgCheck ( \"which\" );\n        pkgCheck.capture(ProcStream::stdout);\n        pkgCheck [ std::move ( pkgs.at ( itr ) ) ];\n        pkgCheck.run ( );\n        auto&& checked = pkgCheck.result ( ).stdOut ( );\n\n        if (!checked.empty ( ) && checked.back ( ) == '\\n') {\n            checked = checked.substr ( checked.rfind ( '/' ) + 1 );\n            checked.pop_back();\n        }\n\n        if ( !checked.empty() && checked != pkgs.at ( itr ) )\n        {\n\n            missingPkgs.at ( itr ) += pkgs.at ( itr );\n\n            std::println ( \"missing packages: {}\" , checked );\n\n        }\n\n    }\n    auto const notify_send { SubProcess::create(\"notify-send\") };\n    auto const pactl { SubProcess::create(\"pactl\") };\n\n    for\n     ( const auto& mPkg : missingPkgs )\n    {\n        std::println ( \"missing package: {}\" , mPkg );\n        return -1;\n    }\n\n\n\n}\n",
      "uri": "file:///home/iris/Templates/Nullix/src/main.cpp",
      "version": 1
    }
  }
}

I[21:21:35.502] <-- textDocument/didOpen
I[21:21:35.688] Loaded compilation database from /home/iris/Templates/Nullix/compile_commands.json
V[21:21:35.688] Broadcasting compilation database from /home/iris/Templates/Nullix
I[21:21:35.689] ASTWorker building file /home/iris/Templates/Nullix/src/main.cpp version 1 with command 
[/home/iris/Templates/Nullix/build]
/usr/bin/clang++ --driver-mode=g++ -I/home/iris/Templates/Nullix/lib/uniqx/include/system/file_tree -I/home/iris/Templates/Nullix/lib/uniqx/include/system/process -I/home/iris/Templates/Nullix/lib/uniqx/include/system -I/home/iris/Templates/Nullix/lib/nullix/include -I/home/iris/Templates/Nullix/lib/uniqx/include -I/home/iris/Templates/Nullix/lib/nullix -I/home/iris/Templates/Nullix/lib/uniqx -I/home/iris/Templates/Nullix/lib -g -std=gnu++26 -fcolor-diagnostics -Werror -Weverything -Wno-c++98-compat -Wno-switch-default -Wno-c++98-compat-pedantic -Wno-covered-switch-default -ferror-limit=999999 -fdiagnostics-color -o CMakeFiles/a.out.dir/src/main.cpp.o -c -resource-dir=/home/iris/.config/VSCodium/User/globalStorage/llvm-vs-code-extensions.vscode-clangd/install/21.1.8/clangd_21.1.8/lib/clang/21 -- /home/iris/Templates/Nullix/src/main.cpp
I[21:21:35.690] --> window/workDoneProgress/create(0)
V[21:21:35.690] >>> {
  "id": 0,
  "jsonrpc": "2.0",
  "method": "window/workDoneProgress/create",
  "params": {
    "token": "backgroundIndexProgress"
  }
}

I[21:21:35.691] Enqueueing 10 commands for indexing
V[21:21:35.865] Ignored diagnostic. argument unused during compilation: '-c'
V[21:21:35.873] Driver produced command: cc1 -cc1 -triple x86_64-unknown-linux-gnu -fsyntax-only -disable-free -clear-ast-before-backend -disable-llvm-verifier -discard-value-names -main-file-name main.cpp -mrelocation-model pic -pic-level 2 -pic-is-pie -mframe-pointer=all -fmath-errno -ffp-contract=on -fno-rounding-math -mconstructor-aliases -funwind-tables=2 -target-cpu x86-64 -tune-cpu generic -debug-info-kind=constructor -dwarf-version=5 -debugger-tuning=gdb -fdebug-compilation-dir=/home/iris/Templates/Nullix/build -fcoverage-compilation-dir=/home/iris/Templates/Nullix/build -resource-dir /home/iris/.config/VSCodium/User/globalStorage/llvm-vs-code-extensions.vscode-clangd/install/21.1.8/clangd_21.1.8/lib/clang/21 -I /home/iris/Templates/Nullix/lib/uniqx/include/system/file_tree -I /home/iris/Templates/Nullix/lib/uniqx/include/system/process -I /home/iris/Templates/Nullix/lib/uniqx/include/system -I /home/iris/Templates/Nullix/lib/nullix/include -I /home/iris/Templates/Nullix/lib/uniqx/include -I /home/iris/Templates/Nullix/lib/nullix -I /home/iris/Templates/Nullix/lib/uniqx -I /home/iris/Templates/Nullix/lib -internal-isystem /usr/bin/../lib64/gcc/x86_64-pc-linux-gnu/15.2.1/../../../../include/c++/15.2.1 -internal-isystem /usr/bin/../lib64/gcc/x86_64-pc-linux-gnu/15.2.1/../../../../include/c++/15.2.1/x86_64-pc-linux-gnu -internal-isystem /usr/bin/../lib64/gcc/x86_64-pc-linux-gnu/15.2.1/../../../../include/c++/15.2.1/backward -internal-isystem /home/iris/.config/VSCodium/User/globalStorage/llvm-vs-code-extensions.vscode-clangd/install/21.1.8/clangd_21.1.8/lib/clang/21/include -internal-isystem /usr/local/include -internal-isystem /usr/bin/../lib64/gcc/x86_64-pc-linux-gnu/15.2.1/../../../../x86_64-pc-linux-gnu/include -internal-externc-isystem /include -internal-externc-isystem /usr/include -Werror -Weverything -Wno-c++98-compat -Wno-switch-default -Wno-c++98-compat-pedantic -Wno-covered-switch-default -std=gnu++26 -fdeprecated-macro -ferror-limit 999999 -fgnuc-version=4.2.1 -fno-implicit-modules -fskip-odr-check-in-gmf -fcxx-exceptions -fexceptions -no-round-trip-args -faddrsig -D__GCC_HAVE_DWARF2_CFI_ASM=1 -x c++ /home/iris/Templates/Nullix/src/main.cpp
I[21:21:35.930] --> textDocument/clangd.fileStatus
V[21:21:35.930] >>> {
  "jsonrpc": "2.0",
  "method": "textDocument/clangd.fileStatus",
  "params": {
    "state": "parsing includes, running Update",
    "uri": "file:///home/iris/Templates/Nullix/src/main.cpp"
  }
}

V[21:21:35.930] Building first preamble for /home/iris/Templates/Nullix/src/main.cpp version 1
V[21:21:36.714] <<< {
  "id": 0,
  "jsonrpc": "2.0",
  "result": null
}

I[21:21:36.714] <-- reply(0)
I[21:21:36.714] --> $/progress
V[21:21:36.714] >>> {
  "jsonrpc": "2.0",
  "method": "$/progress",
  "params": {
    "token": "backgroundIndexProgress",
    "value": {
      "kind": "begin",
      "percentage": 0,
      "title": "indexing"
    }
  }
}

I[21:21:36.714] --> $/progress
V[21:21:36.714] >>> {
  "jsonrpc": "2.0",
  "method": "$/progress",
  "params": {
    "token": "backgroundIndexProgress",
    "value": {
      "kind": "report",
      "message": "0/1",
      "percentage": 0
    }
  }
}

V[21:21:36.715] <<< {
  "id": 1,
  "jsonrpc": "2.0",
  "method": "textDocument/codeAction",
  "params": {
    "context": {
      "diagnostics": [],
      "triggerKind": 2
    },
    "range": {
      "end": {
        "character": 8,
        "line": 64
      },
      "start": {
        "character": 8,
        "line": 64
      }
    },
    "textDocument": {
      "uri": "file:///home/iris/Templates/Nullix/src/main.cpp"
    }
  }
}

I[21:21:36.715] <-- textDocument/codeAction(1)
V[21:21:36.715] <<< {
  "id": 2,
  "jsonrpc": "2.0",
  "method": "textDocument/documentLink",
  "params": {
    "textDocument": {
      "uri": "file:///home/iris/Templates/Nullix/src/main.cpp"
    }
  }
}

I[21:21:36.715] <-- textDocument/documentLink(2)
V[21:21:36.716] <<< {
  "id": 3,
  "jsonrpc": "2.0",
  "method": "textDocument/inlayHint",
  "params": {
    "range": {
      "end": {
        "character": 0,
        "line": 71
      },
      "start": {
        "character": 0,
        "line": 0
      }
    },
    "textDocument": {
      "uri": "file:///home/iris/Templates/Nullix/src/main.cpp"
    }
  }
}

I[21:21:36.716] <-- textDocument/inlayHint(3)
V[21:21:36.716] <<< {
  "id": 4,
  "jsonrpc": "2.0",
  "method": "textDocument/foldingRange",
  "params": {
    "textDocument": {
      "uri": "file:///home/iris/Templates/Nullix/src/main.cpp"
    }
  }
}

I[21:21:36.717] <-- textDocument/foldingRange(4)
I[21:21:36.718] --> reply:textDocument/foldingRange(4) 1 ms
V[21:21:36.718] >>> {
  "id": 4,
  "jsonrpc": "2.0",
  "result": [
    {
      "endLine": 8,
      "kind": "region",
      "startCharacter": 1,
      "startLine": 7
    },
    {
      "endLine": 69,
      "kind": "region",
      "startCharacter": 1,
      "startLine": 15
    },
    {
      "endCharacter": 4,
      "endLine": 27,
      "kind": "region",
      "startCharacter": 43,
      "startLine": 23
    },
    {
      "endCharacter": 4,
      "endLine": 56,
      "kind": "region",
      "startCharacter": 5,
      "startLine": 34
    },
    {
      "endCharacter": 8,
      "endLine": 45,
      "kind": "region",
      "startCharacter": 61,
      "startLine": 43
    },
    {
      "endCharacter": 8,
      "endLine": 54,
      "kind": "region",
      "startCharacter": 9,
      "startLine": 49
    },
    {
      "endCharacter": 4,
      "endLine": 65,
      "kind": "region",
      "startCharacter": 5,
      "startLine": 63
    }
  ]
}

V[21:21:36.719] <<< {
  "id": 5,
  "jsonrpc": "2.0",
  "method": "textDocument/foldingRange",
  "params": {
    "textDocument": {
      "uri": "file:///home/iris/Templates/Nullix/src/main.cpp"
    }
  }
}

I[21:21:36.719] <-- textDocument/foldingRange(5)
V[21:21:36.719] <<< {
  "id": 6,
  "jsonrpc": "2.0",
  "method": "textDocument/semanticTokens/full",
  "params": {
    "textDocument": {
      "uri": "file:///home/iris/Templates/Nullix/src/main.cpp"
    }
  }
}

I[21:21:36.719] <-- textDocument/semanticTokens/full(6)
V[21:21:36.719] <<< {
  "jsonrpc": "2.0",
  "method": "$/setTrace",
  "params": {
    "value": "off"
  }
}

I[21:21:36.719] <-- $/setTrace
I[21:21:36.719] unhandled notification $/setTrace
I[21:21:36.719] --> reply:textDocument/foldingRange(5) 0 ms
V[21:21:36.720] >>> {
  "id": 5,
  "jsonrpc": "2.0",
  "result": [
    {
      "endLine": 8,
      "kind": "region",
      "startCharacter": 1,
      "startLine": 7
    },
    {
      "endLine": 69,
      "kind": "region",
      "startCharacter": 1,
      "startLine": 15
    },
    {
      "endCharacter": 4,
      "endLine": 27,
      "kind": "region",
      "startCharacter": 43,
      "startLine": 23
    },
    {
      "endCharacter": 4,
      "endLine": 56,
      "kind": "region",
      "startCharacter": 5,
      "startLine": 34
    },
    {
      "endCharacter": 8,
      "endLine": 45,
      "kind": "region",
      "startCharacter": 61,
      "startLine": 43
    },
    {
      "endCharacter": 8,
      "endLine": 54,
      "kind": "region",
      "startCharacter": 9,
      "startLine": 49
    },
    {
      "endCharacter": 4,
      "endLine": 65,
      "kind": "region",
      "startCharacter": 5,
      "startLine": 63
    }
  ]
}

V[21:21:36.857] <<< {
  "jsonrpc": "2.0",
  "method": "$/setTrace",
  "params": {
    "value": "off"
  }
}

I[21:21:36.857] <-- $/setTrace
I[21:21:36.857] unhandled notification $/setTrace
V[21:21:38.380] <<< {
  "jsonrpc": "2.0",
  "method": "$/cancelRequest",
  "params": {
    "id": 1
  }
}

I[21:21:38.380] <-- $/cancelRequest
V[21:21:38.387] <<< {
  "id": 7,
  "jsonrpc": "2.0",
  "method": "textDocument/codeAction",
  "params": {
    "context": {
      "diagnostics": [],
      "triggerKind": 2
    },
    "range": {
      "end": {
        "character": 8,
        "line": 64
      },
      "start": {
        "character": 8,
        "line": 64
      }
    },
    "textDocument": {
      "uri": "file:///home/iris/Templates/Nullix/src/main.cpp"
    }
  }
}

I[21:21:38.387] <-- textDocument/codeAction(7)
V[21:21:38.387] <<< {
  "jsonrpc": "2.0",
  "method": "$/cancelRequest",
  "params": {
    "id": 7
  }
}

I[21:21:38.387] <-- $/cancelRequest
V[21:21:38.388] <<< {
  "id": 8,
  "jsonrpc": "2.0",
  "method": "textDocument/codeAction",
  "params": {
    "context": {
      "diagnostics": [],
      "triggerKind": 2
    },
    "range": {
      "end": {
        "character": 8,
        "line": 64
      },
      "start": {
        "character": 8,
        "line": 64
      }
    },
    "textDocument": {
      "uri": "file:///home/iris/Templates/Nullix/src/main.cpp"
    }
  }
}

I[21:21:38.388] <-- textDocument/codeAction(8)
V[21:21:38.635] <<< {
  "jsonrpc": "2.0",
  "method": "$/setTrace",
  "params": {
    "value": "off"
  }
}

I[21:21:38.635] <-- $/setTrace
I[21:21:38.635] unhandled notification $/setTrace
V[21:21:38.922] <<< {
  "jsonrpc": "2.0",
  "method": "$/setTrace",
  "params": {
    "value": "off"
  }
}

I[21:21:38.922] <-- $/setTrace
I[21:21:38.922] unhandled notification $/setTrace
V[21:21:39.132] <<< {
  "jsonrpc": "2.0",
  "method": "$/cancelRequest",
  "params": {
    "id": 2
  }
}

I[21:21:39.132] <-- $/cancelRequest
V[21:21:39.136] <<< {
  "jsonrpc": "2.0",
  "method": "$/cancelRequest",
  "params": {
    "id": 8
  }
}

I[21:21:39.136] <-- $/cancelRequest
V[21:21:39.140] <<< {
  "id": 9,
  "jsonrpc": "2.0",
  "method": "textDocument/codeAction",
  "params": {
    "context": {
      "diagnostics": [],
      "triggerKind": 2
    },
    "range": {
      "end": {
        "character": 8,
        "line": 64
      },
      "start": {
        "character": 8,
        "line": 64
      }
    },
    "textDocument": {
      "uri": "file:///home/iris/Templates/Nullix/src/main.cpp"
    }
  }
}

I[21:21:39.140] <-- textDocument/codeAction(9)
V[21:21:39.148] <<< {
  "id": 10,
  "jsonrpc": "2.0",
  "method": "textDocument/documentLink",
  "params": {
    "textDocument": {
      "uri": "file:///home/iris/Templates/Nullix/src/main.cpp"
    }
  }
}

I[21:21:39.148] <-- textDocument/documentLink(10)
V[21:21:39.294] <<< {
  "jsonrpc": "2.0",
  "method": "$/cancelRequest",
  "params": {
    "id": 3
  }
}

I[21:21:39.294] <-- $/cancelRequest
V[21:21:39.316] <<< {
  "id": 11,
  "jsonrpc": "2.0",
  "method": "textDocument/documentSymbol",
  "params": {
    "textDocument": {
      "uri": "file:///home/iris/Templates/Nullix/src/main.cpp"
    }
  }
}

I[21:21:39.316] <-- textDocument/documentSymbol(11)
V[21:21:39.361] <<< {
  "id": 12,
  "jsonrpc": "2.0",
  "method": "textDocument/inlayHint",
  "params": {
    "range": {
      "end": {
        "character": 0,
        "line": 71
      },
      "start": {
        "character": 0,
        "line": 0
      }
    },
    "textDocument": {
      "uri": "file:///home/iris/Templates/Nullix/src/main.cpp"
    }
  }
}

I[21:21:39.362] <-- textDocument/inlayHint(12)
