[9:21:36 PM] [INFO] setStatusBarItem: status bar item is undefined
[9:21:36 PM] [INFO] [data.ts] extractRepo(): "/home/iris/Templates/Nullix/lib" less than "/home/iris/Templates/Nullix/src" and equal to "/home/iris/Templates/Nullix/src"
[9:21:36 PM] [INFO] Discord Rich Presence for VS Code activated.
[9:21:36 PM] [INFO] Registered Discord Rich Presence commands
[9:21:36 PM] [INFO] Successfully connected to Discord
[9:21:36 PM] [INFO] [004] Debug: Enabling Discord Rich Presence
[9:21:36 PM] [INFO] [004] Debug: Logging in with client ID "810516608442695700"
[9:21:36 PM] [INFO] [004] Debug: Login - isConnected true isReady 810516608442695700
[9:21:36 PM] [INFO] [004] Debug: Login - [object Object]
[9:21:36 PM] [INFO] [004] Debug: Client Should be logged in
[9:21:36 PM] [INFO] [004] Debug: Enable - [object Object]
[9:21:36 PM] [INFO] [004] Debug: Enabled - isConnected true isReady 810516608442695700
[9:21:38 PM] [INFO] [activity.ts] repo button1#gitRemoteUrl:  isGit false
[9:21:38 PM] [INFO] [activity.ts] createButton(): enabled true
[9:21:38 PM] [INFO] [activity.ts] createButton(): enabled true
[9:21:38 PM] [INFO] [activity.ts] getPresenceButtons button1: Active {
  "button": {
    "label": "Active Label Button 1",
    "url": "https://www.youtube.com/watch?v=dQw4w9WgXcQ"
  },
  "validationError": ""
}
[9:21:38 PM] [INFO] [activity.ts] getPresenceButtons button2: Active {
  "button": {
    "label": "Active Label Button 2",
    "url": "https://www.youtube.com/watch?v=dQw4w9WgXcQ"
  },
  "validationError": ""
}
[9:21:40 PM] [INFO] Discord Rich Presence for VS Code deactivated.
[9:21:40 PM] [INFO] setStatusBarItem: status bar item is undefined
[9:21:40 PM] [INFO] [004] Destroyed Discord RPC client
