2026-03-12 20:06:55.685 [info] [main] Log level: Info
2026-03-12 20:06:55.685 [info] [main] Validating found git in: "git"
2026-03-12 20:06:55.685 [info] [main] Using git "2.53.0" from "git"
2026-03-12 20:06:55.685 [info] [Model][doInitialScan] Initial repository scan started
2026-03-12 20:06:55.685 [info] > git rev-parse --show-toplevel [13ms]
2026-03-12 20:06:55.685 [info] fatal: not a git repository (or any of the parent directories): .git
2026-03-12 20:06:55.685 [info] > git rev-parse --show-toplevel [12ms]
2026-03-12 20:06:55.685 [info] fatal: not a git repository (or any of the parent directories): .git
2026-03-12 20:06:55.685 [info] > git rev-parse --show-toplevel [3ms]
2026-03-12 20:06:55.685 [info] fatal: not a git repository (or any of the parent directories): .git
2026-03-12 20:06:55.685 [info] > git rev-parse --show-toplevel [5ms]
2026-03-12 20:06:55.685 [info] fatal: not a git repository (or any of the parent directories): .git
2026-03-12 20:06:55.805 [info] > git rev-parse --show-toplevel [279ms]
2026-03-12 20:06:55.822 [info] > git rev-parse --git-dir --git-common-dir --show-superproject-working-tree [5ms]
2026-03-12 20:06:55.887 [info] [Model][openRepository] Opened repository (path): /home/iris/Templates/Nullix/lib
2026-03-12 20:06:55.887 [info] [Model][openRepository] Opened repository (real path): /home/iris/Templates/Nullix/lib
2026-03-12 20:06:55.887 [info] [Model][openRepository] Opened repository (kind): repository
2026-03-12 20:06:55.922 [info] > git rev-parse --show-toplevel [12ms]
2026-03-12 20:06:55.963 [info] fatal: not a git repository (or any of the parent directories): .git
2026-03-12 20:06:55.964 [info] [Model][doInitialScan] Initial repository scan completed - repositories (1), closed repositories (0), parent repositories (0), unsafe repositories (0)
2026-03-12 20:06:55.966 [info] > git config --get commit.template [66ms]
2026-03-12 20:06:56.367 [info] > git for-each-ref --format=%(refname)%00%(upstream:short)%00%(objectname)%00%(upstream:track)%00%(upstream:remotename)%00%(upstream:remoteref) refs/heads/lib refs/remotes/lib [363ms]
2026-03-12 20:06:56.381 [warning] [Git][revParse] Unable to read file: ENOENT: no such file or directory, open '/home/iris/Templates/Nullix/lib/.git/refs/remotes/origin/lib'
2026-03-12 20:06:56.403 [info] > git rev-parse refs/remotes/origin/lib [23ms]
2026-03-12 20:06:56.454 [info] > git for-each-ref --sort -committerdate --format %(refname)%00%(objectname)%00%(*objectname) [23ms]
2026-03-12 20:06:56.628 [info] > git check-ignore -v -z --stdin [142ms]
2026-03-12 20:06:58.724 [info] > git status -z -uall [2307ms]
2026-03-12 20:06:58.778 [info] > git for-each-ref --format=%(refname)%00%(upstream:short)%00%(objectname)%00%(upstream:track)%00%(upstream:remotename)%00%(upstream:remoteref) refs/heads/lib refs/remotes/lib [25ms]
2026-03-12 20:06:58.790 [info] > git config --get --local branch.lib.vscode-merge-base [6ms]
2026-03-12 20:06:58.791 [warning] [Git][config] git config failed: Failed to execute git
2026-03-12 20:06:58.799 [info] > git config --get commit.template [22ms]
2026-03-12 20:06:58.814 [info] > git for-each-ref --format=%(refname)%00%(upstream:short)%00%(objectname)%00%(upstream:track)%00%(upstream:remotename)%00%(upstream:remoteref) refs/heads/lib refs/remotes/lib [5ms]
2026-03-12 20:06:58.826 [warning] [Git][revParse] Unable to read file: ENOENT: no such file or directory, open '/home/iris/Templates/Nullix/lib/.git/refs/remotes/origin/lib'
2026-03-12 20:06:58.829 [info] > git rev-parse refs/remotes/origin/lib [3ms]
2026-03-12 20:06:58.843 [info] > git status -z -uall [9ms]
2026-03-12 20:06:58.846 [info] > git for-each-ref --sort -committerdate --format %(refname)%00%(objectname)%00%(*objectname) [4ms]
2026-03-12 20:06:58.933 [info] > git reflog lib --grep-reflog=branch: Created from *. [134ms]
2026-03-12 20:06:58.940 [info] > git symbolic-ref --short refs/remotes/origin/HEAD [1ms]
2026-03-12 20:06:58.940 [info] fatal: ref refs/remotes/origin/HEAD is not a symbolic ref
2026-03-12 20:06:58.940 [warning] [Repository][getDefaultBranch] Failed to get default branch details: Failed to execute git.
2026-03-12 20:06:58.957 [info] > git merge-base refs/heads/lib refs/remotes/origin/lib [7ms]
2026-03-12 20:06:58.967 [info] > git merge-base refs/heads/lib refs/remotes/origin/lib [12ms]
2026-03-12 20:06:58.976 [info] > git diff --raw --numstat --diff-filter=ADMR -z --find-renames=50% 94db5c224ddd2bc27e4c1b7f8b25300fe61eddad...refs/remotes/origin/lib -- [9ms]
2026-03-12 20:06:58.977 [info] > git diff --raw --numstat --diff-filter=ADMR -z --find-renames=50% 94db5c224ddd2bc27e4c1b7f8b25300fe61eddad...refs/remotes/origin/lib -- [2ms]
2026-03-12 20:07:06.661 [info] > git rev-parse --show-toplevel [8ms]
2026-03-12 20:07:06.661 [info] fatal: not a git repository (or any of the parent directories): .git
2026-03-12 20:07:10.213 [info] > git rev-parse --show-toplevel [3ms]
2026-03-12 20:07:10.213 [info] fatal: not a git repository (or any of the parent directories): .git
