2026-03-09 00:19:41.879 [info] read schema from vscode: vscode://schemas/settings/user
2026-03-09 00:19:43.454 [info] schema change detected vscode://schemas/settings/user
2026-03-09 00:19:44.057 [info] read schema from vscode: vscode://schemas/settings/resourceLanguage
2026-03-09 00:19:44.105 [info] schema change detected vscode://schemas/settings/user
2026-03-09 00:19:44.195 [info] read schema from vscode: vscode://schemas/launch
2026-03-09 00:19:44.198 [info] read schema from vscode: vscode://schemas/token-styling
2026-03-09 00:19:44.201 [info] read schema from vscode: vscode://schemas/textmate-colors
2026-03-09 00:19:44.223 [info] read schema from vscode: vscode://schemas/workbench-colors
2026-03-09 00:19:44.697 [info] schema change detected vscode://schemas/settings/user
2026-03-09 00:19:45.047 [info] schema change detected vscode://schemas/settings/user
2026-03-09 00:19:45.055 [info] schema change detected vscode://schemas/settings/user
2026-03-09 00:19:45.185 [info] cancelled
2026-03-09 00:19:45.417 [info] cancelled
2026-03-09 00:19:45.423 [info] schema change detected vscode://schemas/settings/user
2026-03-09 00:19:45.451 [info] read schema from vscode: vscode://schemas/settings/user
2026-03-09 00:19:45.998 [info] read schema from vscode: vscode://schemas/settings/resourceLanguage
2026-03-09 00:19:46.052 [info] read schema from vscode: vscode://schemas/launch
2026-03-09 00:19:46.130 [info] read schema from vscode: vscode://schemas/token-styling
2026-03-09 00:19:46.137 [info] read schema from vscode: vscode://schemas/textmate-colors
2026-03-09 00:19:46.183 [info] read schema from vscode: vscode://schemas/workbench-colors
2026-03-09 00:19:47.030 [info] cancelled
2026-03-09 00:20:06.153 [info] schema change detected vscode://schemas/settings/resourceLanguage
2026-03-09 00:20:06.161 [info] read schema from vscode: vscode://schemas/settings/user
2026-03-09 00:20:07.176 [info] schema change detected vscode://schemas/settings/user
2026-03-09 00:20:08.834 [info] read schema from vscode: vscode://schemas/settings/resourceLanguage
2026-03-09 00:20:08.840 [info] schema change detected vscode://schemas/settings/user
2026-03-09 00:20:09.868 [info] cancelled
2026-03-09 00:20:09.873 [info] read schema from vscode: vscode://schemas/settings/user
2026-03-09 00:21:34.081 [info] schema change detected vscode://schemas/settings/user
2026-03-09 00:21:44.893 [info] schema change detected vscode://schemas/launch
2026-03-09 00:28:00.469 [info] schema change detected vscode://schemas/launch
2026-03-09 00:28:01.132 [info] schema change detected vscode://schemas/settings/user
2026-03-09 00:28:04.333 [info] schema change detected vscode://schemas/launch
2026-03-09 00:28:06.849 [info] schema change detected vscode://schemas/launch
