2026-03-09 00:19:39.894 [info] Reading sessions from keychain...
2026-03-09 00:19:39.894 [info] Getting sessions for all scopes...
2026-03-09 00:19:39.894 [info] Got stored sessions!
2026-03-09 00:19:39.894 [info] Got 1 verified sessions.
2026-03-09 00:19:39.894 [info] Got 1 sessions for ...
2026-03-09 00:19:39.894 [info] Getting sessions for all scopes...
2026-03-09 00:19:39.894 [info] Got 1 sessions for ...
2026-03-09 00:19:45.039 [info] Getting sessions for all scopes...
2026-03-09 00:19:45.039 [info] Got 1 sessions for ...
2026-03-09 00:27:32.328 [info] Getting sessions for read:user,repo,user:email,workflow...
2026-03-09 00:27:32.328 [info] Got 1 sessions for read:user,repo,user:email,workflow...
2026-03-09 00:28:12.236 [info] Reading sessions from keychain...
2026-03-09 00:28:12.236 [info] Getting sessions for all scopes...
2026-03-09 00:28:12.236 [info] Got stored sessions!
2026-03-09 00:28:12.236 [info] Got 1 verified sessions.
2026-03-09 00:28:12.236 [info] Got 1 sessions for ...
2026-03-09 00:28:12.236 [info] Getting sessions for all scopes...
2026-03-09 00:28:12.236 [info] Got 1 sessions for ...
2026-03-09 00:28:12.236 [info] Getting sessions for all scopes...
2026-03-09 00:28:12.236 [info] Got 1 sessions for ...
2026-03-09 00:28:12.236 [info] Getting sessions for all scopes...
2026-03-09 00:28:12.236 [info] Got 1 sessions for ...
2026-03-09 00:28:29.897 [info] Reading sessions from keychain...
2026-03-09 00:28:29.897 [info] Getting sessions for all scopes...
2026-03-09 00:28:29.897 [info] Got stored sessions!
2026-03-09 00:28:29.897 [info] Got 1 verified sessions.
2026-03-09 00:28:29.897 [info] Got 1 sessions for ...
2026-03-09 00:28:29.897 [info] Getting sessions for all scopes...
2026-03-09 00:28:29.897 [info] Got 1 sessions for ...
2026-03-09 00:28:29.897 [info] Getting sessions for all scopes...
2026-03-09 00:28:29.897 [info] Got 1 sessions for ...
2026-03-09 00:28:29.897 [info] Getting sessions for all scopes...
2026-03-09 00:28:29.897 [info] Got 1 sessions for ...
2026-03-09 00:28:31.901 [info] Getting sessions for read:user,repo,user:email,workflow...
2026-03-09 00:28:31.902 [info] Got 1 sessions for read:user,repo,user:email,workflow...
2026-03-09 01:28:31.111 [info] Getting sessions for all scopes...
2026-03-09 01:28:31.111 [info] Got 1 sessions for ...
2026-03-09 01:28:31.119 [info] Getting sessions for all scopes...
2026-03-09 01:28:31.119 [info] Got 1 sessions for ...
