2026-03-10 14:19:27.747 [info] [main] Log level: Info
2026-03-10 14:19:27.747 [info] [main] Validating found git in: "git"
2026-03-10 14:19:27.747 [info] [main] Using git "2.53.0" from "git"
2026-03-10 14:19:27.747 [info] [Model][doInitialScan] Initial repository scan started
2026-03-10 14:19:27.747 [info] > git rev-parse --show-toplevel [115ms]
2026-03-10 14:19:27.747 [info] fatal: not a git repository (or any of the parent directories): .git
2026-03-10 14:19:27.747 [info] > git rev-parse --show-toplevel [26ms]
2026-03-10 14:19:27.748 [info] fatal: not a git repository (or any of the parent directories): .git
2026-03-10 14:19:27.748 [info] > git rev-parse --show-toplevel [8ms]
2026-03-10 14:19:27.748 [info] fatal: not a git repository (or any of the parent directories): .git
2026-03-10 14:19:27.758 [info] > git rev-parse --show-toplevel [3ms]
2026-03-10 14:19:27.758 [info] fatal: not a git repository (or any of the parent directories): .git
2026-03-10 14:19:27.775 [info] > git rev-parse --show-toplevel [5ms]
2026-03-10 14:19:27.775 [info] fatal: not a git repository (or any of the parent directories): .git
2026-03-10 14:19:27.791 [info] > git rev-parse --show-toplevel [6ms]
2026-03-10 14:19:27.815 [info] > git rev-parse --git-dir --git-common-dir --show-superproject-working-tree [9ms]
2026-03-10 14:19:27.937 [info] [Model][openRepository] Opened repository (path): /home/iris/Templates/Nullix/lib
2026-03-10 14:19:27.937 [info] [Model][openRepository] Opened repository (real path): /home/iris/Templates/Nullix/lib
2026-03-10 14:19:27.937 [info] [Model][openRepository] Opened repository (kind): repository
2026-03-10 14:19:28.012 [info] > git rev-parse --show-toplevel [44ms]
2026-03-10 14:19:28.012 [info] fatal: not a git repository (or any of the parent directories): .git
2026-03-10 14:19:28.014 [info] [Model][doInitialScan] Initial repository scan completed - repositories (1), closed repositories (0), parent repositories (0), unsafe repositories (0)
2026-03-10 14:19:28.017 [info] > git config --get commit.template [63ms]
2026-03-10 14:19:28.070 [info] > git for-each-ref --format=%(refname)%00%(upstream:short)%00%(objectname)%00%(upstream:track)%00%(upstream:remotename)%00%(upstream:remoteref) refs/heads/lib refs/remotes/lib [7ms]
2026-03-10 14:19:28.078 [warning] [Git][revParse] Unable to read file: ENOENT: no such file or directory, open '/home/iris/Templates/Nullix/lib/.git/refs/remotes/origin/lib'
2026-03-10 14:19:28.082 [info] > git rev-parse refs/remotes/origin/lib [5ms]
2026-03-10 14:19:28.110 [info] > git for-each-ref --sort -committerdate --format %(refname)%00%(objectname)%00%(*objectname) [5ms]
2026-03-10 14:19:28.197 [info] > git status -z -uall [104ms]
2026-03-10 14:19:28.286 [info] > git for-each-ref --format=%(refname)%00%(upstream:short)%00%(objectname)%00%(upstream:track)%00%(upstream:remotename)%00%(upstream:remoteref) refs/heads/lib refs/remotes/lib [19ms]
2026-03-10 14:19:28.329 [info] > git config --get --local branch.lib.vscode-merge-base [28ms]
2026-03-10 14:19:28.329 [warning] [Git][config] git config failed: Failed to execute git
2026-03-10 14:19:28.355 [info] > git config --get commit.template [71ms]
2026-03-10 14:19:28.388 [info] > git reflog lib --grep-reflog=branch: Created from *. [33ms]
2026-03-10 14:19:28.405 [info] > git for-each-ref --format=%(refname)%00%(upstream:short)%00%(objectname)%00%(upstream:track)%00%(upstream:remotename)%00%(upstream:remoteref) refs/heads/lib refs/remotes/lib [30ms]
2026-03-10 14:19:28.420 [warning] [Git][revParse] Unable to read file: ENOENT: no such file or directory, open '/home/iris/Templates/Nullix/lib/.git/refs/remotes/origin/lib'
2026-03-10 14:19:28.427 [info] > git rev-parse refs/remotes/origin/lib [7ms]
2026-03-10 14:19:28.442 [info] > git symbolic-ref --short refs/remotes/origin/HEAD [37ms]
2026-03-10 14:19:28.442 [info] fatal: ref refs/remotes/origin/HEAD is not a symbolic ref
2026-03-10 14:19:28.442 [warning] [Repository][getDefaultBranch] Failed to get default branch details: Failed to execute git.
2026-03-10 14:19:28.461 [info] > git status -z -uall [27ms]
2026-03-10 14:19:28.462 [info] > git merge-base refs/heads/lib refs/remotes/origin/lib [10ms]
2026-03-10 14:19:28.468 [info] > git for-each-ref --sort -committerdate --format %(refname)%00%(objectname)%00%(*objectname) [27ms]
2026-03-10 14:19:28.495 [info] > git merge-base refs/heads/lib refs/remotes/origin/lib [14ms]
2026-03-10 14:19:28.500 [info] > git diff --raw --numstat --diff-filter=ADMR -z --find-renames=50% 94db5c224ddd2bc27e4c1b7f8b25300fe61eddad...refs/remotes/origin/lib -- [32ms]
2026-03-10 14:19:28.506 [info] > git diff --raw --numstat --diff-filter=ADMR -z --find-renames=50% 94db5c224ddd2bc27e4c1b7f8b25300fe61eddad...refs/remotes/origin/lib -- [6ms]
2026-03-10 14:19:28.707 [info] > git check-ignore -v -z --stdin [2ms]
2026-03-10 14:19:31.980 [info] > git rev-parse --show-toplevel [160ms]
2026-03-10 14:19:31.980 [info] fatal: not a git repository (or any of the parent directories): .git
2026-03-10 14:19:31.986 [info] > git rev-parse --show-toplevel [1ms]
2026-03-10 14:19:31.986 [info] fatal: not a git repository (or any of the parent directories): .git
