2026-03-11 18:04:44.937 [info] Extension host with pid 190345 started
2026-03-11 18:04:44.937 [info] Skipping acquiring lock for /home/iris/.config/VSCodium/User/workspaceStorage/0dc7954b7351c20d3183ab0915089e9b.
2026-03-11 18:04:45.014 [info] ExtensionService#_doActivateExtension vscode.github-authentication, startup: false, activationEvent: 'onAuthenticationRequest:github'
2026-03-11 18:04:45.106 [info] ExtensionService#_doActivateExtension vscode.emmet, startup: false, activationEvent: 'onLanguage'
2026-03-11 18:04:45.379 [info] ExtensionService#_doActivateExtension vscode.git-base, startup: true, activationEvent: '*', root cause: vscode.git
2026-03-11 18:04:45.414 [info] ExtensionService#_doActivateExtension helgardrichard.helium-icon-theme, startup: true, activationEvent: '*'
2026-03-11 18:04:45.478 [info] ExtensionService#_doActivateExtension KylinIdeTeam.cmake-intellisence, startup: true, activationEvent: 'workspaceContains:CMakeLists.txt'
2026-03-11 18:04:45.578 [info] ExtensionService#_doActivateExtension ms-vscode.cmake-tools, startup: true, activationEvent: 'workspaceContains:CMakeLists.txt'
2026-03-11 18:04:46.204 [info] ExtensionService#_doActivateExtension vscode.git, startup: true, activationEvent: '*'
2026-03-11 18:04:46.597 [info] ExtensionService#_doActivateExtension vscode.github, startup: true, activationEvent: '*'
2026-03-11 18:04:46.882 [info] ExtensionService#_doActivateExtension vscode.terminal-suggest, startup: false, activationEvent: 'onTerminalShellIntegration:*'
2026-03-11 18:04:48.652 [info] Eager extensions activated
2026-03-11 18:04:48.693 [info] ExtensionService#_doActivateExtension vscode.merge-conflict, startup: false, activationEvent: 'onStartupFinished'
2026-03-11 18:04:48.763 [info] ExtensionService#_doActivateExtension Catppuccin.catppuccin-vsc, startup: false, activationEvent: 'onStartupFinished'
2026-03-11 18:04:48.821 [info] ExtensionService#_doActivateExtension LeonardSSH.vscord, startup: false, activationEvent: 'onStartupFinished'
2026-03-11 18:33:49.236 [info] Extension host terminating: renderer closed the MessagePort
2026-03-11 18:33:49.263 [error] Error: Channel has been closed
	at s (file:///usr/share/vscodium/resources/app/out/vs/workbench/api/node/extensionHostProcess.js:123:3585)
	at Object.appendLine (file:///usr/share/vscodium/resources/app/out/vs/workbench/api/node/extensionHostProcess.js:123:3724)
	at b.logTrace (/home/iris/.vscode-oss/extensions/kylinideteam.cmake-intellisence-0.4.0-universal/dist/client.js:1:97171)
	at Object.log (/home/iris/.vscode-oss/extensions/kylinideteam.cmake-intellisence-0.4.0-universal/dist/client.js:1:90664)
	at /home/iris/.vscode-oss/extensions/kylinideteam.cmake-intellisence-0.4.0-universal/dist/client.js:1:47362
	at /home/iris/.vscode-oss/extensions/kylinideteam.cmake-intellisence-0.4.0-universal/dist/client.js:1:47557
	at ie (/home/iris/.vscode-oss/extensions/kylinideteam.cmake-intellisence-0.4.0-universal/dist/client.js:1:47922)
	at /home/iris/.vscode-oss/extensions/kylinideteam.cmake-intellisence-0.4.0-universal/dist/client.js:1:42706
	at Immediate.<anonymous> (/home/iris/.vscode-oss/extensions/kylinideteam.cmake-intellisence-0.4.0-universal/dist/client.js:1:42726)
	at process.processImmediate (node:internal/timers:485:21)
2026-03-11 18:33:51.249 [error] Error: Channel has been closed
	at s (file:///usr/share/vscodium/resources/app/out/vs/workbench/api/node/extensionHostProcess.js:123:3585)
	at Object.appendLine (file:///usr/share/vscodium/resources/app/out/vs/workbench/api/node/extensionHostProcess.js:123:3724)
	at b.logOutputMessage (/home/iris/.vscode-oss/extensions/kylinideteam.cmake-intellisence-0.4.0-universal/dist/client.js:1:96598)
	at b.error (/home/iris/.vscode-oss/extensions/kylinideteam.cmake-intellisence-0.4.0-universal/dist/client.js:1:96489)
	at /home/iris/.vscode-oss/extensions/kylinideteam.cmake-intellisence-0.4.0-universal/dist/client.js:1:104864
	at async Promise.all (index 9)
	at async gee._deactivateAll (file:///usr/share/vscodium/resources/app/out/vs/workbench/api/node/extensionHostProcess.js:120:12199)
2026-03-11 18:33:51.249 [info] Extension host with pid 190345 exiting with code 0
