2026-03-11 21:21:32.301 [info] [main] Log level: Info
2026-03-11 21:21:32.301 [info] [main] Validating found git in: "git"
2026-03-11 21:21:32.301 [info] [main] Using git "2.53.0" from "git"
2026-03-11 21:21:32.301 [info] [Model][doInitialScan] Initial repository scan started
2026-03-11 21:21:32.301 [info] > git rev-parse --show-toplevel [1049ms]
2026-03-11 21:21:32.301 [info] fatal: not a git repository (or any of the parent directories): .git
2026-03-11 21:21:32.301 [info] > git rev-parse --show-toplevel [17ms]
2026-03-11 21:21:32.301 [info] fatal: not a git repository (or any of the parent directories): .git
2026-03-11 21:21:32.301 [info] > git rev-parse --show-toplevel [34ms]
2026-03-11 21:21:32.301 [info] fatal: not a git repository (or any of the parent directories): .git
2026-03-11 21:21:32.305 [info] > git rev-parse --show-toplevel [6ms]
2026-03-11 21:21:32.306 [info] fatal: not a git repository (or any of the parent directories): .git
2026-03-11 21:21:33.055 [info] > git rev-parse --show-toplevel [717ms]
2026-03-11 21:21:33.321 [info] > git rev-parse --git-dir --git-common-dir --show-superproject-working-tree [27ms]
2026-03-11 21:21:33.697 [info] [Model][openRepository] Opened repository (path): /home/iris/Templates/Nullix/lib
2026-03-11 21:21:33.698 [info] [Model][openRepository] Opened repository (real path): /home/iris/Templates/Nullix/lib
2026-03-11 21:21:33.698 [info] [Model][openRepository] Opened repository (kind): repository
2026-03-11 21:21:33.734 [info] > git rev-parse --show-toplevel [11ms]
2026-03-11 21:21:33.734 [info] fatal: not a git repository (or any of the parent directories): .git
2026-03-11 21:21:33.735 [info] [Model][doInitialScan] Initial repository scan completed - repositories (1), closed repositories (0), parent repositories (0), unsafe repositories (0)
2026-03-11 21:21:33.739 [info] > git config --get commit.template [22ms]
2026-03-11 21:21:34.093 [info] > git for-each-ref --format=%(refname)%00%(upstream:short)%00%(objectname)%00%(upstream:track)%00%(upstream:remotename)%00%(upstream:remoteref) refs/heads/lib refs/remotes/lib [342ms]
2026-03-11 21:21:34.478 [warning] [Git][revParse] Unable to read file: ENOENT: no such file or directory, open '/home/iris/Templates/Nullix/lib/.git/refs/remotes/origin/lib'
2026-03-11 21:21:34.503 [info] > git check-ignore -v -z --stdin [5ms]
2026-03-11 21:21:34.505 [info] > git rev-parse refs/remotes/origin/lib [28ms]
2026-03-11 21:21:34.545 [info] > git for-each-ref --sort -committerdate --format %(refname)%00%(objectname)%00%(*objectname) [18ms]
2026-03-11 21:21:34.605 [info] > git rev-parse --show-toplevel [12ms]
2026-03-11 21:21:34.605 [info] fatal: not a git repository (or any of the parent directories): .git
2026-03-11 21:21:35.736 [info] > git status -z -uall [1221ms]
2026-03-11 21:21:36.591 [info] > git for-each-ref --format=%(refname)%00%(upstream:short)%00%(objectname)%00%(upstream:track)%00%(upstream:remotename)%00%(upstream:remoteref) refs/heads/lib refs/remotes/lib [830ms]
2026-03-11 21:21:36.720 [info] > git config --get --local branch.lib.vscode-merge-base [115ms]
2026-03-11 21:21:36.720 [warning] [Git][config] git config failed: Failed to execute git
2026-03-11 21:21:36.728 [info] > git config --get commit.template [153ms]
2026-03-11 21:21:36.752 [info] > git rev-parse --show-toplevel [61ms]
2026-03-11 21:21:36.752 [info] fatal: not a git repository (or any of the parent directories): .git
2026-03-11 21:21:36.857 [info] > git for-each-ref --format=%(refname)%00%(upstream:short)%00%(objectname)%00%(upstream:track)%00%(upstream:remotename)%00%(upstream:remoteref) refs/heads/lib refs/remotes/lib [83ms]
2026-03-11 21:21:36.858 [info] > git reflog lib --grep-reflog=branch: Created from *. [129ms]
2026-03-11 21:21:36.899 [warning] [Git][revParse] Unable to read file: ENOENT: no such file or directory, open '/home/iris/Templates/Nullix/lib/.git/refs/remotes/origin/lib'
2026-03-11 21:21:36.931 [info] > git rev-parse --show-toplevel [77ms]
2026-03-11 21:21:36.931 [info] fatal: not a git repository (or any of the parent directories): .git
2026-03-11 21:21:36.937 [info] > git rev-parse refs/remotes/origin/lib [38ms]
2026-03-11 21:21:36.985 [info] > git symbolic-ref --short refs/remotes/origin/HEAD [119ms]
2026-03-11 21:21:36.986 [info] fatal: ref refs/remotes/origin/HEAD is not a symbolic ref
2026-03-11 21:21:36.986 [warning] [Repository][getDefaultBranch] Failed to get default branch details: Failed to execute git.
2026-03-11 21:21:37.012 [info] > git status -z -uall [64ms]
2026-03-11 21:21:37.012 [info] > git for-each-ref --sort -committerdate --format %(refname)%00%(objectname)%00%(*objectname) [27ms]
2026-03-11 21:21:37.040 [info] > git merge-base refs/heads/lib refs/remotes/origin/lib [7ms]
2026-03-11 21:21:37.052 [info] > git merge-base refs/heads/lib refs/remotes/origin/lib [49ms]
2026-03-11 21:21:37.116 [info] > git diff --raw --numstat --diff-filter=ADMR -z --find-renames=50% 94db5c224ddd2bc27e4c1b7f8b25300fe61eddad...refs/remotes/origin/lib -- [39ms]
2026-03-11 21:21:37.121 [info] > git diff --raw --numstat --diff-filter=ADMR -z --find-renames=50% 94db5c224ddd2bc27e4c1b7f8b25300fe61eddad...refs/remotes/origin/lib -- [68ms]
2026-03-11 21:21:38.643 [info] > git rev-parse --show-toplevel [12ms]
2026-03-11 21:21:38.644 [info] fatal: not a git repository (or any of the parent directories): .git
2026-03-11 21:21:38.954 [info] > git rev-parse --show-toplevel [6ms]
2026-03-11 21:21:38.954 [info] fatal: not a git repository (or any of the parent directories): .git
