2026-03-12 22:00:13.527 [info] [main] Log level: Info
2026-03-12 22:00:13.527 [info] [main] Validating found git in: "git"
2026-03-12 22:00:13.527 [info] [main] Using git "2.53.0" from "git"
2026-03-12 22:00:13.527 [info] [Model][doInitialScan] Initial repository scan started
2026-03-12 22:00:13.527 [info] > git rev-parse --show-toplevel [21ms]
2026-03-12 22:00:13.527 [info] fatal: not a git repository (or any of the parent directories): .git
2026-03-12 22:00:13.527 [info] > git rev-parse --show-toplevel [61ms]
2026-03-12 22:00:13.527 [info] fatal: not a git repository (or any of the parent directories): .git
2026-03-12 22:00:13.870 [info] > git rev-parse --show-toplevel [291ms]
2026-03-12 22:00:13.870 [info] fatal: not a git repository (or any of the parent directories): .git
2026-03-12 22:00:13.928 [info] > git rev-parse --show-toplevel [23ms]
2026-03-12 22:00:13.997 [info] fatal: not a git repository (or any of the parent directories): .git
2026-03-12 22:00:14.082 [info] > git rev-parse --show-toplevel [62ms]
2026-03-12 22:00:14.221 [info] > git rev-parse --git-dir --git-common-dir --show-superproject-working-tree [17ms]
2026-03-12 22:00:14.258 [info] [Model][openRepository] Opened repository (path): /home/iris/Templates/Nullix/lib
2026-03-12 22:00:14.258 [info] [Model][openRepository] Opened repository (real path): /home/iris/Templates/Nullix/lib
2026-03-12 22:00:14.258 [info] [Model][openRepository] Opened repository (kind): repository
2026-03-12 22:00:14.313 [info] > git rev-parse --show-toplevel [31ms]
2026-03-12 22:00:14.314 [info] fatal: not a git repository (or any of the parent directories): .git
2026-03-12 22:00:14.314 [info] [Model][doInitialScan] Initial repository scan completed - repositories (1), closed repositories (0), parent repositories (0), unsafe repositories (0)
2026-03-12 22:00:14.316 [info] > git config --get commit.template [44ms]
2026-03-12 22:00:14.672 [info] > git for-each-ref --format=%(refname)%00%(upstream:short)%00%(objectname)%00%(upstream:track)%00%(upstream:remotename)%00%(upstream:remoteref) refs/heads/lib refs/remotes/lib [345ms]
2026-03-12 22:00:14.680 [warning] [Git][revParse] Unable to read file: ENOENT: no such file or directory, open '/home/iris/Templates/Nullix/lib/.git/refs/remotes/origin/lib'
2026-03-12 22:00:14.683 [info] > git rev-parse refs/remotes/origin/lib [3ms]
2026-03-12 22:00:14.699 [info] > git for-each-ref --sort -committerdate --format %(refname)%00%(objectname)%00%(*objectname) [2ms]
2026-03-12 22:00:14.961 [info] > git check-ignore -v -z --stdin [2ms]
2026-03-12 22:00:15.308 [info] > git status -z -uall [618ms]
2026-03-12 22:00:15.811 [info] > git for-each-ref --format=%(refname)%00%(upstream:short)%00%(objectname)%00%(upstream:track)%00%(upstream:remotename)%00%(upstream:remoteref) refs/heads/lib refs/remotes/lib [484ms]
2026-03-12 22:00:15.852 [info] > git config --get --local branch.lib.vscode-merge-base [30ms]
2026-03-12 22:00:15.852 [warning] [Git][config] git config failed: Failed to execute git
2026-03-12 22:00:15.860 [info] > git config --get commit.template [54ms]
2026-03-12 22:00:15.873 [info] > git for-each-ref --format=%(refname)%00%(upstream:short)%00%(objectname)%00%(upstream:track)%00%(upstream:remotename)%00%(upstream:remoteref) refs/heads/lib refs/remotes/lib [4ms]
2026-03-12 22:00:15.882 [warning] [Git][revParse] Unable to read file: ENOENT: no such file or directory, open '/home/iris/Templates/Nullix/lib/.git/refs/remotes/origin/lib'
2026-03-12 22:00:15.891 [info] > git rev-parse refs/remotes/origin/lib [9ms]
2026-03-12 22:00:15.904 [info] > git status -z -uall [7ms]
2026-03-12 22:00:15.905 [info] > git reflog lib --grep-reflog=branch: Created from *. [45ms]
2026-03-12 22:00:15.912 [info] > git for-each-ref --sort -committerdate --format %(refname)%00%(objectname)%00%(*objectname) [10ms]
2026-03-12 22:00:15.920 [info] > git symbolic-ref --short refs/remotes/origin/HEAD [9ms]
2026-03-12 22:00:15.920 [info] fatal: ref refs/remotes/origin/HEAD is not a symbolic ref
2026-03-12 22:00:15.920 [warning] [Repository][getDefaultBranch] Failed to get default branch details: Failed to execute git.
2026-03-12 22:00:15.938 [info] > git merge-base refs/heads/lib refs/remotes/origin/lib [10ms]
2026-03-12 22:00:15.946 [info] > git merge-base refs/heads/lib refs/remotes/origin/lib [10ms]
2026-03-12 22:00:15.956 [info] > git diff --raw --numstat --diff-filter=ADMR -z --find-renames=50% 94db5c224ddd2bc27e4c1b7f8b25300fe61eddad...refs/remotes/origin/lib -- [2ms]
2026-03-12 22:00:15.957 [info] > git diff --raw --numstat --diff-filter=ADMR -z --find-renames=50% 94db5c224ddd2bc27e4c1b7f8b25300fe61eddad...refs/remotes/origin/lib -- [13ms]
2026-03-12 22:00:23.742 [info] > git rev-parse --show-toplevel [13ms]
2026-03-12 22:00:23.805 [info] fatal: not a git repository (or any of the parent directories): .git
2026-03-12 22:00:30.127 [info] > git rev-parse --show-toplevel [6ms]
2026-03-12 22:00:30.128 [info] fatal: not a git repository (or any of the parent directories): .git
