[2:19:29 PM] [INFO] setStatusBarItem: status bar item is undefined
[2:19:29 PM] [INFO] [data.ts] extractRepo(): "/home/iris/Templates/Nullix/lib" less than "/home/iris/.config/ivy-shell" and equal to "/home/iris/.config/ivy-shell"
[2:19:29 PM] [INFO] Discord Rich Presence for VS Code activated.
[2:19:29 PM] [INFO] Registered Discord Rich Presence commands
[2:19:30 PM] [INFO] Successfully connected to Discord
[2:19:30 PM] [INFO] [004] Debug: Enabling Discord Rich Presence
[2:19:30 PM] [INFO] [004] Debug: Logging in with client ID "810516608442695700"
[2:19:30 PM] [INFO] [004] Debug: Login - isConnected true isReady 810516608442695700
[2:19:30 PM] [INFO] [004] Debug: Login - [object Object]
[2:19:30 PM] [INFO] [004] Debug: Client Should be logged in
[2:19:30 PM] [INFO] [004] Debug: Enable - [object Object]
[2:19:30 PM] [INFO] [004] Debug: Enabled - isConnected true isReady 810516608442695700
[2:19:30 PM] [INFO] [activity.ts] repo button1#gitRemoteUrl:  isGit false
[2:19:30 PM] [INFO] [activity.ts] createButton(): enabled true
[2:19:30 PM] [INFO] [activity.ts] createButton(): enabled true
[2:19:30 PM] [INFO] [activity.ts] getPresenceButtons button1: Active {
  "button": {
    "label": "Active Label Button 1",
    "url": "https://www.youtube.com/watch?v=dQw4w9WgXcQ"
  },
  "validationError": ""
}
[2:19:30 PM] [INFO] [activity.ts] getPresenceButtons button2: Active {
  "button": {
    "label": "Active Label Button 2",
    "url": "https://www.youtube.com/watch?v=dQw4w9WgXcQ"
  },
  "validationError": ""
}
[2:19:31 PM] [INFO] onDidChangeTextEditorSelection()
[2:19:31 PM] [INFO] [data.ts] extractRepo(): "/home/iris/Templates/Nullix/lib" less than "/home/iris/.config/ivy-shell" and equal to "/home/iris/.config/ivy-shell"
[2:19:31 PM] [INFO] onDidChangeTextEditorSelection()
[2:19:31 PM] [INFO] [data.ts] extractRepo(): "/home/iris/Templates/Nullix/lib" less than "/home/iris/.config/ivy-shell" and equal to "/home/iris/.config/ivy-shell"
[2:19:31 PM] [INFO] onDidChangeTextEditorSelection()
[2:19:31 PM] [INFO] [data.ts] extractRepo(): "/home/iris/Templates/Nullix/lib" less than "/home/iris/.config/ivy-shell" and equal to "/home/iris/.config/ivy-shell"
[2:19:32 PM] [INFO] [activity.ts] repo button1#gitRemoteUrl:  isGit false
[2:19:32 PM] [INFO] [activity.ts] createButton(): enabled true
[2:19:32 PM] [INFO] [activity.ts] createButton(): enabled true
[2:19:32 PM] [INFO] [activity.ts] getPresenceButtons button1: Active {
  "button": {
    "label": "Active Label Button 1",
    "url": "https://www.youtube.com/watch?v=dQw4w9WgXcQ"
  },
  "validationError": ""
}
[2:19:32 PM] [INFO] [activity.ts] getPresenceButtons button2: Active {
  "button": {
    "label": "Active Label Button 2",
    "url": "https://www.youtube.com/watch?v=dQw4w9WgXcQ"
  },
  "validationError": ""
}
[2:19:32 PM] [INFO] onDidChangeTextEditorSelection()
[2:19:32 PM] [INFO] [data.ts] extractRepo(): "/home/iris/Templates/Nullix/lib" less than "/home/iris/.config/ivy-shell" and equal to "/home/iris/.config/ivy-shell"
[2:19:32 PM] [INFO] onDidChangeTextEditorSelection()
[2:19:32 PM] [INFO] [data.ts] extractRepo(): "/home/iris/Templates/Nullix/lib" less than "/home/iris/.config/ivy-shell" and equal to "/home/iris/.config/ivy-shell"
[2:19:32 PM] [INFO] onDidChangeTextEditorSelection()
[2:19:32 PM] [INFO] [data.ts] extractRepo(): "/home/iris/Templates/Nullix/lib" less than "/home/iris/.config/ivy-shell" and equal to "/home/iris/.config/ivy-shell"
[2:19:33 PM] [INFO] onDidChangeTextEditorSelection()
[2:19:33 PM] [INFO] [data.ts] extractRepo(): "/home/iris/Templates/Nullix/lib" less than "/home/iris/.config/ivy-shell" and equal to "/home/iris/.config/ivy-shell"
[2:19:33 PM] [INFO] [activity.ts] repo button1#gitRemoteUrl:  isGit false
[2:19:33 PM] [INFO] [activity.ts] createButton(): enabled true
[2:19:33 PM] [INFO] [activity.ts] createButton(): enabled true
[2:19:33 PM] [INFO] [activity.ts] getPresenceButtons button1: Active {
  "button": {
    "label": "Active Label Button 1",
    "url": "https://www.youtube.com/watch?v=dQw4w9WgXcQ"
  },
  "validationError": ""
}
[2:19:33 PM] [INFO] [activity.ts] getPresenceButtons button2: Active {
  "button": {
    "label": "Active Label Button 2",
    "url": "https://www.youtube.com/watch?v=dQw4w9WgXcQ"
  },
  "validationError": ""
}
[2:19:34 PM] [INFO] onDidChangeTextEditorSelection()
[2:19:34 PM] [INFO] [data.ts] extractRepo(): "/home/iris/Templates/Nullix/lib" less than "/home/iris/.config/ivy-shell" and equal to "/home/iris/.config/ivy-shell"
[2:19:34 PM] [INFO] onDidChangeTextEditorSelection()
[2:19:34 PM] [INFO] [data.ts] extractRepo(): "/home/iris/Templates/Nullix/lib" less than "/home/iris/.config/ivy-shell" and equal to "/home/iris/.config/ivy-shell"
[2:19:34 PM] [INFO] onDidChangeTextEditorSelection()
[2:19:34 PM] [INFO] [data.ts] extractRepo(): "/home/iris/Templates/Nullix/lib" less than "/home/iris/.config/ivy-shell" and equal to "/home/iris/.config/ivy-shell"
[2:19:34 PM] [INFO] onDidChangeTextEditorSelection()
[2:19:34 PM] [INFO] [data.ts] extractRepo(): "/home/iris/Templates/Nullix/lib" less than "/home/iris/.config/ivy-shell" and equal to "/home/iris/.config/ivy-shell"
[2:19:35 PM] [INFO] onDidChangeTextEditorSelection()
[2:19:35 PM] [INFO] [data.ts] extractRepo(): "/home/iris/Templates/Nullix/lib" less than "/home/iris/.config/ivy-shell" and equal to "/home/iris/.config/ivy-shell"
[2:19:35 PM] [INFO] [activity.ts] repo button1#gitRemoteUrl:  isGit false
[2:19:35 PM] [INFO] [activity.ts] createButton(): enabled true
[2:19:35 PM] [INFO] [activity.ts] createButton(): enabled true
[2:19:35 PM] [INFO] [activity.ts] getPresenceButtons button1: Active {
  "button": {
    "label": "Active Label Button 1",
    "url": "https://www.youtube.com/watch?v=dQw4w9WgXcQ"
  },
  "validationError": ""
}
[2:19:35 PM] [INFO] [activity.ts] getPresenceButtons button2: Active {
  "button": {
    "label": "Active Label Button 2",
    "url": "https://www.youtube.com/watch?v=dQw4w9WgXcQ"
  },
  "validationError": ""
}
[2:19:35 PM] [INFO] onDidChangeTextEditorSelection()
[2:19:35 PM] [INFO] [data.ts] extractRepo(): "/home/iris/Templates/Nullix/lib" less than "/home/iris/.config/ivy-shell" and equal to "/home/iris/.config/ivy-shell"
[2:19:36 PM] [INFO] onDidChangeTextEditorSelection()
[2:19:36 PM] [INFO] [data.ts] extractRepo(): "/home/iris/Templates/Nullix/lib" less than "/home/iris/.config/ivy-shell" and equal to "/home/iris/.config/ivy-shell"
[2:19:36 PM] [INFO] onDidChangeTextEditorSelection()
[2:19:36 PM] [INFO] [data.ts] extractRepo(): "/home/iris/Templates/Nullix/lib" less than "/home/iris/.config/ivy-shell" and equal to "/home/iris/.config/ivy-shell"
[2:19:36 PM] [INFO] onDidChangeTextEditorSelection()
[2:19:36 PM] [INFO] [data.ts] extractRepo(): "/home/iris/Templates/Nullix/lib" less than "/home/iris/.config/ivy-shell" and equal to "/home/iris/.config/ivy-shell"
[2:19:36 PM] [INFO] onDidChangeTextEditorSelection()
[2:19:36 PM] [INFO] [data.ts] extractRepo(): "/home/iris/Templates/Nullix/lib" less than "/home/iris/.config/ivy-shell" and equal to "/home/iris/.config/ivy-shell"
[2:19:37 PM] [INFO] [activity.ts] repo button1#gitRemoteUrl:  isGit false
[2:19:37 PM] [INFO] [activity.ts] createButton(): enabled true
[2:19:37 PM] [INFO] [activity.ts] createButton(): enabled true
[2:19:37 PM] [INFO] [activity.ts] getPresenceButtons button1: Active {
  "button": {
    "label": "Active Label Button 1",
    "url": "https://www.youtube.com/watch?v=dQw4w9WgXcQ"
  },
  "validationError": ""
}
[2:19:37 PM] [INFO] [activity.ts] getPresenceButtons button2: Active {
  "button": {
    "label": "Active Label Button 2",
    "url": "https://www.youtube.com/watch?v=dQw4w9WgXcQ"
  },
  "validationError": ""
}
[2:19:41 PM] [INFO] onDidChangeTextEditorSelection()
[2:19:41 PM] [INFO] [data.ts] extractRepo(): "/home/iris/Templates/Nullix/lib" less than "/home/iris/.config/ivy-shell" and equal to "/home/iris/.config/ivy-shell"
[2:19:41 PM] [INFO] [activity.ts] repo button1#gitRemoteUrl:  isGit false
[2:19:41 PM] [INFO] [activity.ts] createButton(): enabled true
[2:19:41 PM] [INFO] [activity.ts] createButton(): enabled true
[2:19:41 PM] [INFO] [activity.ts] getPresenceButtons button1: Active {
  "button": {
    "label": "Active Label Button 1",
    "url": "https://www.youtube.com/watch?v=dQw4w9WgXcQ"
  },
  "validationError": ""
}
[2:19:41 PM] [INFO] [activity.ts] getPresenceButtons button2: Active {
  "button": {
    "label": "Active Label Button 2",
    "url": "https://www.youtube.com/watch?v=dQw4w9WgXcQ"
  },
  "validationError": ""
}
[2:19:43 PM] [INFO] onDidChangeTextEditorSelection()
[2:19:43 PM] [INFO] [data.ts] extractRepo(): "/home/iris/Templates/Nullix/lib" less than "/home/iris/.config/ivy-shell" and equal to "/home/iris/.config/ivy-shell"
[2:19:43 PM] [INFO] [activity.ts] repo button1#gitRemoteUrl:  isGit false
[2:19:43 PM] [INFO] [activity.ts] createButton(): enabled true
[2:19:43 PM] [INFO] [activity.ts] createButton(): enabled true
[2:19:43 PM] [INFO] [activity.ts] getPresenceButtons button1: Active {
  "button": {
    "label": "Active Label Button 1",
    "url": "https://www.youtube.com/watch?v=dQw4w9WgXcQ"
  },
  "validationError": ""
}
[2:19:43 PM] [INFO] [activity.ts] getPresenceButtons button2: Active {
  "button": {
    "label": "Active Label Button 2",
    "url": "https://www.youtube.com/watch?v=dQw4w9WgXcQ"
  },
  "validationError": ""
}
[2:19:43 PM] [INFO] onDidChangeTextEditorSelection()
[2:19:43 PM] [INFO] [data.ts] extractRepo(): "/home/iris/Templates/Nullix/lib" less than "/home/iris/.config/ivy-shell" and equal to "/home/iris/.config/ivy-shell"
[2:19:43 PM] [INFO] onDidChangeTextEditorSelection()
[2:19:43 PM] [INFO] [data.ts] extractRepo(): "/home/iris/Templates/Nullix/lib" less than "/home/iris/.config/ivy-shell" and equal to "/home/iris/.config/ivy-shell"
[2:19:43 PM] [INFO] onDidChangeTextEditorSelection()
[2:19:43 PM] [INFO] [data.ts] extractRepo(): "/home/iris/Templates/Nullix/lib" less than "/home/iris/.config/ivy-shell" and equal to "/home/iris/.config/ivy-shell"
[2:19:45 PM] [INFO] [activity.ts] repo button1#gitRemoteUrl:  isGit false
[2:19:45 PM] [INFO] [activity.ts] createButton(): enabled true
[2:19:45 PM] [INFO] [activity.ts] createButton(): enabled true
[2:19:45 PM] [INFO] [activity.ts] getPresenceButtons button1: Active {
  "button": {
    "label": "Active Label Button 1",
    "url": "https://www.youtube.com/watch?v=dQw4w9WgXcQ"
  },
  "validationError": ""
}
[2:19:45 PM] [INFO] [activity.ts] getPresenceButtons button2: Active {
  "button": {
    "label": "Active Label Button 2",
    "url": "https://www.youtube.com/watch?v=dQw4w9WgXcQ"
  },
  "validationError": ""
}
[2:20:02 PM] [INFO] onDidChangeTextEditorSelection()
[2:20:02 PM] [INFO] [data.ts] extractRepo(): "/home/iris/Templates/Nullix/lib" less than "/home/iris/.config/ivy-shell" and equal to "/home/iris/.config/ivy-shell"
[2:20:02 PM] [INFO] [activity.ts] repo button1#gitRemoteUrl:  isGit false
[2:20:02 PM] [INFO] [activity.ts] createButton(): enabled true
[2:20:02 PM] [INFO] [activity.ts] createButton(): enabled true
[2:20:02 PM] [INFO] [activity.ts] getPresenceButtons button1: Active {
  "button": {
    "label": "Active Label Button 1",
    "url": "https://www.youtube.com/watch?v=dQw4w9WgXcQ"
  },
  "validationError": ""
}
[2:20:02 PM] [INFO] [activity.ts] getPresenceButtons button2: Active {
  "button": {
    "label": "Active Label Button 2",
    "url": "https://www.youtube.com/watch?v=dQw4w9WgXcQ"
  },
  "validationError": ""
}
[2:20:03 PM] [INFO] onDidChangeTextDocument()
[2:20:03 PM] [INFO] [data.ts] extractRepo(): "/home/iris/Templates/Nullix/lib" less than "/home/iris/.config/ivy-shell" and equal to "/home/iris/.config/ivy-shell"
[2:20:03 PM] [INFO] onDidChangeTextDocument()
[2:20:03 PM] [INFO] [data.ts] extractRepo(): "/home/iris/Templates/Nullix/lib" less than "/home/iris/.config/ivy-shell" and equal to "/home/iris/.config/ivy-shell"
[2:20:03 PM] [INFO] onDidChangeTextEditorSelection()
[2:20:03 PM] [INFO] [data.ts] extractRepo(): "/home/iris/Templates/Nullix/lib" less than "/home/iris/.config/ivy-shell" and equal to "/home/iris/.config/ivy-shell"
[2:20:04 PM] [INFO] onDidChangeTextDocument()
[2:20:04 PM] [INFO] [data.ts] extractRepo(): "/home/iris/Templates/Nullix/lib" less than "/home/iris/.config/ivy-shell" and equal to "/home/iris/.config/ivy-shell"
[2:20:04 PM] [INFO] onDidChangeTextDocument()
[2:20:04 PM] [INFO] [data.ts] extractRepo(): "/home/iris/Templates/Nullix/lib" less than "/home/iris/.config/ivy-shell" and equal to "/home/iris/.config/ivy-shell"
[2:20:04 PM] [INFO] onDidChangeTextEditorSelection()
[2:20:04 PM] [INFO] [data.ts] extractRepo(): "/home/iris/Templates/Nullix/lib" less than "/home/iris/.config/ivy-shell" and equal to "/home/iris/.config/ivy-shell"
[2:20:04 PM] [INFO] onDidChangeTextDocument()
[2:20:04 PM] [INFO] [data.ts] extractRepo(): "/home/iris/Templates/Nullix/lib" less than "/home/iris/.config/ivy-shell" and equal to "/home/iris/.config/ivy-shell"
[2:20:04 PM] [INFO] [activity.ts] repo button1#gitRemoteUrl:  isGit false
[2:20:04 PM] [INFO] [activity.ts] createButton(): enabled true
[2:20:04 PM] [INFO] [activity.ts] createButton(): enabled true
[2:20:04 PM] [INFO] [activity.ts] getPresenceButtons button1: Active {
  "button": {
    "label": "Active Label Button 1",
    "url": "https://www.youtube.com/watch?v=dQw4w9WgXcQ"
  },
  "validationError": ""
}
[2:20:04 PM] [INFO] [activity.ts] getPresenceButtons button2: Active {
  "button": {
    "label": "Active Label Button 2",
    "url": "https://www.youtube.com/watch?v=dQw4w9WgXcQ"
  },
  "validationError": ""
}
[2:20:05 PM] [INFO] onDidChangeTextDocument()
[2:20:05 PM] [INFO] [data.ts] extractRepo(): "/home/iris/Templates/Nullix/lib" less than "/home/iris/.config/ivy-shell" and equal to "/home/iris/.config/ivy-shell"
[2:20:05 PM] [INFO] onDidChangeTextDocument()
[2:20:05 PM] [INFO] [data.ts] extractRepo(): "/home/iris/Templates/Nullix/lib" less than "/home/iris/.config/ivy-shell" and equal to "/home/iris/.config/ivy-shell"
[2:20:06 PM] [INFO] onDidChangeTextEditorSelection()
[2:20:06 PM] [INFO] [data.ts] extractRepo(): "/home/iris/Templates/Nullix/lib" less than "/home/iris/.config/ivy-shell" and equal to "/home/iris/.config/ivy-shell"
[2:20:06 PM] [INFO] onDidChangeTextDocument()
[2:20:06 PM] [INFO] [data.ts] extractRepo(): "/home/iris/Templates/Nullix/lib" less than "/home/iris/.config/ivy-shell" and equal to "/home/iris/.config/ivy-shell"
[2:20:06 PM] [INFO] onDidChangeTextDocument()
[2:20:06 PM] [INFO] [data.ts] extractRepo(): "/home/iris/Templates/Nullix/lib" less than "/home/iris/.config/ivy-shell" and equal to "/home/iris/.config/ivy-shell"
[2:20:06 PM] [INFO] onDidChangeTextEditorSelection()
[2:20:06 PM] [INFO] [data.ts] extractRepo(): "/home/iris/Templates/Nullix/lib" less than "/home/iris/.config/ivy-shell" and equal to "/home/iris/.config/ivy-shell"
[2:20:06 PM] [INFO] [activity.ts] repo button1#gitRemoteUrl:  isGit false
[2:20:06 PM] [INFO] [activity.ts] createButton(): enabled true
[2:20:06 PM] [INFO] [activity.ts] createButton(): enabled true
[2:20:06 PM] [INFO] [activity.ts] getPresenceButtons button1: Active {
  "button": {
    "label": "Active Label Button 1",
    "url": "https://www.youtube.com/watch?v=dQw4w9WgXcQ"
  },
  "validationError": ""
}
[2:20:06 PM] [INFO] [activity.ts] getPresenceButtons button2: Active {
  "button": {
    "label": "Active Label Button 2",
    "url": "https://www.youtube.com/watch?v=dQw4w9WgXcQ"
  },
  "validationError": ""
}
[2:20:07 PM] [INFO] onDidChangeTextDocument()
[2:20:07 PM] [INFO] [data.ts] extractRepo(): "/home/iris/Templates/Nullix/lib" less than "/home/iris/.config/ivy-shell" and equal to "/home/iris/.config/ivy-shell"
[2:20:07 PM] [INFO] onDidChangeTextDocument()
[2:20:07 PM] [INFO] [data.ts] extractRepo(): "/home/iris/Templates/Nullix/lib" less than "/home/iris/.config/ivy-shell" and equal to "/home/iris/.config/ivy-shell"
[2:20:08 PM] [INFO] [activity.ts] repo button1#gitRemoteUrl:  isGit false
[2:20:08 PM] [INFO] [activity.ts] createButton(): enabled true
[2:20:08 PM] [INFO] [activity.ts] createButton(): enabled true
[2:20:08 PM] [INFO] [activity.ts] getPresenceButtons button1: Active {
  "button": {
    "label": "Active Label Button 1",
    "url": "https://www.youtube.com/watch?v=dQw4w9WgXcQ"
  },
  "validationError": ""
}
[2:20:08 PM] [INFO] [activity.ts] getPresenceButtons button2: Active {
  "button": {
    "label": "Active Label Button 2",
    "url": "https://www.youtube.com/watch?v=dQw4w9WgXcQ"
  },
  "validationError": ""
}
[2:20:13 PM] [INFO] onDidChangeTextEditorSelection()
[2:20:13 PM] [INFO] [data.ts] extractRepo(): "/home/iris/Templates/Nullix/lib" less than "/home/iris/.config/ivy-shell" and equal to "/home/iris/.config/ivy-shell"
[2:20:13 PM] [INFO] [activity.ts] repo button1#gitRemoteUrl:  isGit false
[2:20:13 PM] [INFO] [activity.ts] createButton(): enabled true
[2:20:13 PM] [INFO] [activity.ts] createButton(): enabled true
[2:20:13 PM] [INFO] [activity.ts] getPresenceButtons button1: Active {
  "button": {
    "label": "Active Label Button 1",
    "url": "https://www.youtube.com/watch?v=dQw4w9WgXcQ"
  },
  "validationError": ""
}
[2:20:13 PM] [INFO] [activity.ts] getPresenceButtons button2: Active {
  "button": {
    "label": "Active Label Button 2",
    "url": "https://www.youtube.com/watch?v=dQw4w9WgXcQ"
  },
  "validationError": ""
}
[2:20:13 PM] [INFO] onDidChangeTextEditorSelection()
[2:20:13 PM] [INFO] [data.ts] extractRepo(): "/home/iris/Templates/Nullix/lib" less than "/home/iris/.config/ivy-shell" and equal to "/home/iris/.config/ivy-shell"
[2:20:13 PM] [INFO] onDidChangeTextEditorSelection()
[2:20:13 PM] [INFO] [data.ts] extractRepo(): "/home/iris/Templates/Nullix/lib" less than "/home/iris/.config/ivy-shell" and equal to "/home/iris/.config/ivy-shell"
[2:20:14 PM] [INFO] onDidChangeTextEditorSelection()
[2:20:14 PM] [INFO] [data.ts] extractRepo(): "/home/iris/Templates/Nullix/lib" less than "/home/iris/.config/ivy-shell" and equal to "/home/iris/.config/ivy-shell"
[2:20:15 PM] [INFO] [activity.ts] repo button1#gitRemoteUrl:  isGit false
[2:20:15 PM] [INFO] [activity.ts] createButton(): enabled true
[2:20:15 PM] [INFO] [activity.ts] createButton(): enabled true
[2:20:15 PM] [INFO] [activity.ts] getPresenceButtons button1: Active {
  "button": {
    "label": "Active Label Button 1",
    "url": "https://www.youtube.com/watch?v=dQw4w9WgXcQ"
  },
  "validationError": ""
}
[2:20:15 PM] [INFO] [activity.ts] getPresenceButtons button2: Active {
  "button": {
    "label": "Active Label Button 2",
    "url": "https://www.youtube.com/watch?v=dQw4w9WgXcQ"
  },
  "validationError": ""
}
[2:20:21 PM] [INFO] onDidChangeTextEditorSelection()
[2:20:21 PM] [INFO] [data.ts] extractRepo(): "/home/iris/Templates/Nullix/lib" less than "/home/iris/.config/ivy-shell" and equal to "/home/iris/.config/ivy-shell"
[2:20:21 PM] [INFO] [activity.ts] repo button1#gitRemoteUrl:  isGit false
[2:20:21 PM] [INFO] [activity.ts] createButton(): enabled true
[2:20:21 PM] [INFO] [activity.ts] createButton(): enabled true
[2:20:22 PM] [INFO] [activity.ts] getPresenceButtons button1: Active {
  "button": {
    "label": "Active Label Button 1",
    "url": "https://www.youtube.com/watch?v=dQw4w9WgXcQ"
  },
  "validationError": ""
}
[2:20:22 PM] [INFO] [activity.ts] getPresenceButtons button2: Active {
  "button": {
    "label": "Active Label Button 2",
    "url": "https://www.youtube.com/watch?v=dQw4w9WgXcQ"
  },
  "validationError": ""
}
[2:20:22 PM] [INFO] onDidChangeTextDocument()
[2:20:22 PM] [INFO] [data.ts] extractRepo(): "/home/iris/Templates/Nullix/lib" less than "/home/iris/.config/ivy-shell" and equal to "/home/iris/.config/ivy-shell"
[2:20:22 PM] [INFO] onDidChangeTextDocument()
[2:20:22 PM] [INFO] [data.ts] extractRepo(): "/home/iris/Templates/Nullix/lib" less than "/home/iris/.config/ivy-shell" and equal to "/home/iris/.config/ivy-shell"
[2:20:22 PM] [INFO] onDidChangeTextEditorSelection()
[2:20:22 PM] [INFO] [data.ts] extractRepo(): "/home/iris/Templates/Nullix/lib" less than "/home/iris/.config/ivy-shell" and equal to "/home/iris/.config/ivy-shell"
[2:20:23 PM] [INFO] onDidChangeTextDocument()
[2:20:23 PM] [INFO] [data.ts] extractRepo(): "/home/iris/Templates/Nullix/lib" less than "/home/iris/.config/ivy-shell" and equal to "/home/iris/.config/ivy-shell"
[2:20:23 PM] [INFO] onDidChangeTextEditorSelection()
[2:20:23 PM] [INFO] [data.ts] extractRepo(): "/home/iris/Templates/Nullix/lib" less than "/home/iris/.config/ivy-shell" and equal to "/home/iris/.config/ivy-shell"
[2:20:23 PM] [INFO] onDidChangeTextDocument()
[2:20:23 PM] [INFO] [data.ts] extractRepo(): "/home/iris/Templates/Nullix/lib" less than "/home/iris/.config/ivy-shell" and equal to "/home/iris/.config/ivy-shell"
[2:20:23 PM] [INFO] onDidChangeTextEditorSelection()
[2:20:23 PM] [INFO] [data.ts] extractRepo(): "/home/iris/Templates/Nullix/lib" less than "/home/iris/.config/ivy-shell" and equal to "/home/iris/.config/ivy-shell"
[2:20:23 PM] [INFO] [activity.ts] repo button1#gitRemoteUrl:  isGit false
[2:20:23 PM] [INFO] [activity.ts] createButton(): enabled true
[2:20:23 PM] [INFO] [activity.ts] createButton(): enabled true
[2:20:23 PM] [INFO] [activity.ts] getPresenceButtons button1: Active {
  "button": {
    "label": "Active Label Button 1",
    "url": "https://www.youtube.com/watch?v=dQw4w9WgXcQ"
  },
  "validationError": ""
}
[2:20:23 PM] [INFO] [activity.ts] getPresenceButtons button2: Active {
  "button": {
    "label": "Active Label Button 2",
    "url": "https://www.youtube.com/watch?v=dQw4w9WgXcQ"
  },
  "validationError": ""
}
[2:20:24 PM] [INFO] onDidChangeTextDocument()
[2:20:24 PM] [INFO] [data.ts] extractRepo(): "/home/iris/Templates/Nullix/lib" less than "/home/iris/.config/ivy-shell" and equal to "/home/iris/.config/ivy-shell"
[2:20:24 PM] [INFO] onDidChangeTextEditorSelection()
[2:20:24 PM] [INFO] [data.ts] extractRepo(): "/home/iris/Templates/Nullix/lib" less than "/home/iris/.config/ivy-shell" and equal to "/home/iris/.config/ivy-shell"
[2:20:24 PM] [INFO] onDidChangeTextDocument()
[2:20:24 PM] [INFO] [data.ts] extractRepo(): "/home/iris/Templates/Nullix/lib" less than "/home/iris/.config/ivy-shell" and equal to "/home/iris/.config/ivy-shell"
[2:20:24 PM] [INFO] onDidChangeTextEditorSelection()
[2:20:24 PM] [INFO] [data.ts] extractRepo(): "/home/iris/Templates/Nullix/lib" less than "/home/iris/.config/ivy-shell" and equal to "/home/iris/.config/ivy-shell"
[2:20:24 PM] [INFO] onDidChangeTextDocument()
[2:20:24 PM] [INFO] [data.ts] extractRepo(): "/home/iris/Templates/Nullix/lib" less than "/home/iris/.config/ivy-shell" and equal to "/home/iris/.config/ivy-shell"
[2:20:24 PM] [INFO] onDidChangeTextEditorSelection()
[2:20:24 PM] [INFO] [data.ts] extractRepo(): "/home/iris/Templates/Nullix/lib" less than "/home/iris/.config/ivy-shell" and equal to "/home/iris/.config/ivy-shell"
[2:20:25 PM] [INFO] onDidChangeTextDocument()
[2:20:25 PM] [INFO] [data.ts] extractRepo(): "/home/iris/Templates/Nullix/lib" less than "/home/iris/.config/ivy-shell" and equal to "/home/iris/.config/ivy-shell"
[2:20:25 PM] [INFO] onDidChangeTextEditorSelection()
[2:20:25 PM] [INFO] [data.ts] extractRepo(): "/home/iris/Templates/Nullix/lib" less than "/home/iris/.config/ivy-shell" and equal to "/home/iris/.config/ivy-shell"
[2:20:25 PM] [INFO] onDidChangeTextDocument()
[2:20:25 PM] [INFO] [data.ts] extractRepo(): "/home/iris/Templates/Nullix/lib" less than "/home/iris/.config/ivy-shell" and equal to "/home/iris/.config/ivy-shell"
[2:20:25 PM] [INFO] onDidChangeTextEditorSelection()
[2:20:25 PM] [INFO] [data.ts] extractRepo(): "/home/iris/Templates/Nullix/lib" less than "/home/iris/.config/ivy-shell" and equal to "/home/iris/.config/ivy-shell"
[2:20:25 PM] [INFO] [activity.ts] repo button1#gitRemoteUrl:  isGit false
[2:20:25 PM] [INFO] [activity.ts] createButton(): enabled true
[2:20:25 PM] [INFO] [activity.ts] createButton(): enabled true
[2:20:25 PM] [INFO] [activity.ts] getPresenceButtons button1: Active {
  "button": {
    "label": "Active Label Button 1",
    "url": "https://www.youtube.com/watch?v=dQw4w9WgXcQ"
  },
  "validationError": ""
}
[2:20:25 PM] [INFO] [activity.ts] getPresenceButtons button2: Active {
  "button": {
    "label": "Active Label Button 2",
    "url": "https://www.youtube.com/watch?v=dQw4w9WgXcQ"
  },
  "validationError": ""
}
[2:20:26 PM] [INFO] onDidChangeTextDocument()
[2:20:26 PM] [INFO] [data.ts] extractRepo(): "/home/iris/Templates/Nullix/lib" less than "/home/iris/.config/ivy-shell" and equal to "/home/iris/.config/ivy-shell"
[2:20:26 PM] [INFO] onDidChangeTextEditorSelection()
[2:20:26 PM] [INFO] [data.ts] extractRepo(): "/home/iris/Templates/Nullix/lib" less than "/home/iris/.config/ivy-shell" and equal to "/home/iris/.config/ivy-shell"
[2:20:27 PM] [INFO] onDidChangeTextDocument()
[2:20:27 PM] [INFO] [data.ts] extractRepo(): "/home/iris/Templates/Nullix/lib" less than "/home/iris/.config/ivy-shell" and equal to "/home/iris/.config/ivy-shell"
[2:20:27 PM] [INFO] onDidChangeTextDocument()
[2:20:27 PM] [INFO] [data.ts] extractRepo(): "/home/iris/Templates/Nullix/lib" less than "/home/iris/.config/ivy-shell" and equal to "/home/iris/.config/ivy-shell"
[2:20:27 PM] [INFO] [activity.ts] repo button1#gitRemoteUrl:  isGit false
[2:20:27 PM] [INFO] [activity.ts] createButton(): enabled true
[2:20:27 PM] [INFO] [activity.ts] createButton(): enabled true
[2:20:27 PM] [INFO] [activity.ts] getPresenceButtons button1: Active {
  "button": {
    "label": "Active Label Button 1",
    "url": "https://www.youtube.com/watch?v=dQw4w9WgXcQ"
  },
  "validationError": ""
}
[2:20:27 PM] [INFO] [activity.ts] getPresenceButtons button2: Active {
  "button": {
    "label": "Active Label Button 2",
    "url": "https://www.youtube.com/watch?v=dQw4w9WgXcQ"
  },
  "validationError": ""
}
[2:20:33 PM] [INFO] onDidChangeTextEditorSelection()
[2:20:33 PM] [INFO] [data.ts] extractRepo(): "/home/iris/Templates/Nullix/lib" less than "/home/iris/.config/ivy-shell" and equal to "/home/iris/.config/ivy-shell"
[2:20:33 PM] [INFO] [activity.ts] repo button1#gitRemoteUrl:  isGit false
[2:20:33 PM] [INFO] [activity.ts] createButton(): enabled true
[2:20:33 PM] [INFO] [activity.ts] createButton(): enabled true
[2:20:33 PM] [INFO] [activity.ts] getPresenceButtons button1: Active {
  "button": {
    "label": "Active Label Button 1",
    "url": "https://www.youtube.com/watch?v=dQw4w9WgXcQ"
  },
  "validationError": ""
}
[2:20:33 PM] [INFO] [activity.ts] getPresenceButtons button2: Active {
  "button": {
    "label": "Active Label Button 2",
    "url": "https://www.youtube.com/watch?v=dQw4w9WgXcQ"
  },
  "validationError": ""
}
[2:20:33 PM] [INFO] onDidChangeTextDocument()
[2:20:33 PM] [INFO] [data.ts] extractRepo(): "/home/iris/Templates/Nullix/lib" less than "/home/iris/.config/ivy-shell" and equal to "/home/iris/.config/ivy-shell"
[2:20:33 PM] [INFO] onDidChangeTextDocument()
[2:20:33 PM] [INFO] [data.ts] extractRepo(): "/home/iris/Templates/Nullix/lib" less than "/home/iris/.config/ivy-shell" and equal to "/home/iris/.config/ivy-shell"
[2:20:33 PM] [INFO] onDidChangeTextEditorSelection()
[2:20:33 PM] [INFO] [data.ts] extractRepo(): "/home/iris/Templates/Nullix/lib" less than "/home/iris/.config/ivy-shell" and equal to "/home/iris/.config/ivy-shell"
[2:20:34 PM] [INFO] onDidChangeTextDocument()
[2:20:34 PM] [INFO] [data.ts] extractRepo(): "/home/iris/Templates/Nullix/lib" less than "/home/iris/.config/ivy-shell" and equal to "/home/iris/.config/ivy-shell"
[2:20:34 PM] [INFO] onDidChangeTextDocument()
[2:20:34 PM] [INFO] [data.ts] extractRepo(): "/home/iris/Templates/Nullix/lib" less than "/home/iris/.config/ivy-shell" and equal to "/home/iris/.config/ivy-shell"
[2:20:35 PM] [INFO] [activity.ts] repo button1#gitRemoteUrl:  isGit false
[2:20:35 PM] [INFO] [activity.ts] createButton(): enabled true
[2:20:35 PM] [INFO] [activity.ts] createButton(): enabled true
[2:20:35 PM] [INFO] [activity.ts] getPresenceButtons button1: Active {
  "button": {
    "label": "Active Label Button 1",
    "url": "https://www.youtube.com/watch?v=dQw4w9WgXcQ"
  },
  "validationError": ""
}
[2:20:35 PM] [INFO] [activity.ts] getPresenceButtons button2: Active {
  "button": {
    "label": "Active Label Button 2",
    "url": "https://www.youtube.com/watch?v=dQw4w9WgXcQ"
  },
  "validationError": ""
}
[2:20:50 PM] [INFO] onDidChangeTextEditorSelection()
[2:20:50 PM] [INFO] [data.ts] extractRepo(): "/home/iris/Templates/Nullix/lib" less than "/home/iris/.config/ivy-shell" and equal to "/home/iris/.config/ivy-shell"
[2:20:50 PM] [INFO] [activity.ts] repo button1#gitRemoteUrl:  isGit false
[2:20:50 PM] [INFO] [activity.ts] createButton(): enabled true
[2:20:50 PM] [INFO] [activity.ts] createButton(): enabled true
[2:20:50 PM] [INFO] [activity.ts] getPresenceButtons button1: Active {
  "button": {
    "label": "Active Label Button 1",
    "url": "https://www.youtube.com/watch?v=dQw4w9WgXcQ"
  },
  "validationError": ""
}
[2:20:50 PM] [INFO] [activity.ts] getPresenceButtons button2: Active {
  "button": {
    "label": "Active Label Button 2",
    "url": "https://www.youtube.com/watch?v=dQw4w9WgXcQ"
  },
  "validationError": ""
}
[2:20:59 PM] [INFO] onDidChangeWindowState()
[2:20:59 PM] [INFO] [data.ts] extractRepo(): "/home/iris/Templates/Nullix/lib" less than "/home/iris/.config/ivy-shell" and equal to "/home/iris/.config/ivy-shell"
[2:21:07 PM] [INFO] onDidChangeWindowState()
[2:21:07 PM] [INFO] [data.ts] extractRepo(): "/home/iris/Templates/Nullix/lib" less than "/home/iris/.config/ivy-shell" and equal to "/home/iris/.config/ivy-shell"
[2:21:07 PM] [INFO] [activity.ts] repo button1#gitRemoteUrl:  isGit false
[2:21:07 PM] [INFO] [activity.ts] createButton(): enabled true
[2:21:07 PM] [INFO] [activity.ts] createButton(): enabled true
[2:21:07 PM] [INFO] [activity.ts] getPresenceButtons button1: Active {
  "button": {
    "label": "Active Label Button 1",
    "url": "https://www.youtube.com/watch?v=dQw4w9WgXcQ"
  },
  "validationError": ""
}
[2:21:07 PM] [INFO] [activity.ts] getPresenceButtons button2: Active {
  "button": {
    "label": "Active Label Button 2",
    "url": "https://www.youtube.com/watch?v=dQw4w9WgXcQ"
  },
  "validationError": ""
}
[2:21:15 PM] [INFO] onDidChangeTextDocument()
[2:21:15 PM] [INFO] [data.ts] extractRepo(): "/home/iris/Templates/Nullix/lib" less than "/home/iris/.config/ivy-shell" and equal to "/home/iris/.config/ivy-shell"
[2:21:15 PM] [INFO] onDidChangeTextDocument()
[2:21:15 PM] [INFO] [data.ts] extractRepo(): "/home/iris/Templates/Nullix/lib" less than "/home/iris/.config/ivy-shell" and equal to "/home/iris/.config/ivy-shell"
[2:21:15 PM] [INFO] onDidChangeTextEditorSelection()
[2:21:15 PM] [INFO] [data.ts] extractRepo(): "/home/iris/Templates/Nullix/lib" less than "/home/iris/.config/ivy-shell" and equal to "/home/iris/.config/ivy-shell"
[2:21:15 PM] [INFO] [activity.ts] repo button1#gitRemoteUrl:  isGit false
[2:21:15 PM] [INFO] [activity.ts] createButton(): enabled true
[2:21:15 PM] [INFO] [activity.ts] createButton(): enabled true
[2:21:15 PM] [INFO] [activity.ts] getPresenceButtons button1: Active {
  "button": {
    "label": "Active Label Button 1",
    "url": "https://www.youtube.com/watch?v=dQw4w9WgXcQ"
  },
  "validationError": ""
}
[2:21:15 PM] [INFO] [activity.ts] getPresenceButtons button2: Active {
  "button": {
    "label": "Active Label Button 2",
    "url": "https://www.youtube.com/watch?v=dQw4w9WgXcQ"
  },
  "validationError": ""
}
[2:21:15 PM] [INFO] onDidChangeTextDocument()
[2:21:15 PM] [INFO] [data.ts] extractRepo(): "/home/iris/Templates/Nullix/lib" less than "/home/iris/.config/ivy-shell" and equal to "/home/iris/.config/ivy-shell"
[2:21:15 PM] [INFO] onDidChangeTextEditorSelection()
[2:21:15 PM] [INFO] [data.ts] extractRepo(): "/home/iris/Templates/Nullix/lib" less than "/home/iris/.config/ivy-shell" and equal to "/home/iris/.config/ivy-shell"
[2:21:15 PM] [INFO] onDidChangeTextDocument()
[2:21:15 PM] [INFO] [data.ts] extractRepo(): "/home/iris/Templates/Nullix/lib" less than "/home/iris/.config/ivy-shell" and equal to "/home/iris/.config/ivy-shell"
[2:21:15 PM] [INFO] onDidChangeTextEditorSelection()
[2:21:15 PM] [INFO] [data.ts] extractRepo(): "/home/iris/Templates/Nullix/lib" less than "/home/iris/.config/ivy-shell" and equal to "/home/iris/.config/ivy-shell"
[2:21:15 PM] [INFO] onDidChangeTextDocument()
[2:21:15 PM] [INFO] [data.ts] extractRepo(): "/home/iris/Templates/Nullix/lib" less than "/home/iris/.config/ivy-shell" and equal to "/home/iris/.config/ivy-shell"
[2:21:15 PM] [INFO] onDidChangeTextEditorSelection()
[2:21:15 PM] [INFO] [data.ts] extractRepo(): "/home/iris/Templates/Nullix/lib" less than "/home/iris/.config/ivy-shell" and equal to "/home/iris/.config/ivy-shell"
[2:21:15 PM] [INFO] onDidChangeTextDocument()
[2:21:15 PM] [INFO] [data.ts] extractRepo(): "/home/iris/Templates/Nullix/lib" less than "/home/iris/.config/ivy-shell" and equal to "/home/iris/.config/ivy-shell"
[2:21:15 PM] [INFO] onDidChangeTextEditorSelection()
[2:21:15 PM] [INFO] [data.ts] extractRepo(): "/home/iris/Templates/Nullix/lib" less than "/home/iris/.config/ivy-shell" and equal to "/home/iris/.config/ivy-shell"
[2:21:16 PM] [INFO] onDidChangeTextDocument()
[2:21:16 PM] [INFO] [data.ts] extractRepo(): "/home/iris/Templates/Nullix/lib" less than "/home/iris/.config/ivy-shell" and equal to "/home/iris/.config/ivy-shell"
[2:21:16 PM] [INFO] onDidChangeTextEditorSelection()
[2:21:16 PM] [INFO] [data.ts] extractRepo(): "/home/iris/Templates/Nullix/lib" less than "/home/iris/.config/ivy-shell" and equal to "/home/iris/.config/ivy-shell"
[2:21:16 PM] [INFO] onDidChangeTextDocument()
[2:21:16 PM] [INFO] [data.ts] extractRepo(): "/home/iris/Templates/Nullix/lib" less than "/home/iris/.config/ivy-shell" and equal to "/home/iris/.config/ivy-shell"
[2:21:16 PM] [INFO] onDidChangeTextEditorSelection()
[2:21:16 PM] [INFO] [data.ts] extractRepo(): "/home/iris/Templates/Nullix/lib" less than "/home/iris/.config/ivy-shell" and equal to "/home/iris/.config/ivy-shell"
[2:21:16 PM] [INFO] onDidChangeTextDocument()
[2:21:16 PM] [INFO] [data.ts] extractRepo(): "/home/iris/Templates/Nullix/lib" less than "/home/iris/.config/ivy-shell" and equal to "/home/iris/.config/ivy-shell"
[2:21:16 PM] [INFO] onDidChangeTextEditorSelection()
[2:21:16 PM] [INFO] [data.ts] extractRepo(): "/home/iris/Templates/Nullix/lib" less than "/home/iris/.config/ivy-shell" and equal to "/home/iris/.config/ivy-shell"
[2:21:17 PM] [INFO] [activity.ts] repo button1#gitRemoteUrl:  isGit false
[2:21:17 PM] [INFO] [activity.ts] createButton(): enabled true
[2:21:17 PM] [INFO] [activity.ts] createButton(): enabled true
[2:21:17 PM] [INFO] [activity.ts] getPresenceButtons button1: Active {
  "button": {
    "label": "Active Label Button 1",
    "url": "https://www.youtube.com/watch?v=dQw4w9WgXcQ"
  },
  "validationError": ""
}
[2:21:17 PM] [INFO] [activity.ts] getPresenceButtons button2: Active {
  "button": {
    "label": "Active Label Button 2",
    "url": "https://www.youtube.com/watch?v=dQw4w9WgXcQ"
  },
  "validationError": ""
}
[2:21:17 PM] [INFO] onDidChangeTextDocument()
[2:21:17 PM] [INFO] [data.ts] extractRepo(): "/home/iris/Templates/Nullix/lib" less than "/home/iris/.config/ivy-shell" and equal to "/home/iris/.config/ivy-shell"
[2:21:17 PM] [INFO] onDidChangeTextDocument()
[2:21:17 PM] [INFO] [data.ts] extractRepo(): "/home/iris/Templates/Nullix/lib" less than "/home/iris/.config/ivy-shell" and equal to "/home/iris/.config/ivy-shell"
[2:21:19 PM] [INFO] [activity.ts] repo button1#gitRemoteUrl:  isGit false
[2:21:19 PM] [INFO] [activity.ts] createButton(): enabled true
[2:21:19 PM] [INFO] [activity.ts] createButton(): enabled true
[2:21:19 PM] [INFO] [activity.ts] getPresenceButtons button1: Active {
  "button": {
    "label": "Active Label Button 1",
    "url": "https://www.youtube.com/watch?v=dQw4w9WgXcQ"
  },
  "validationError": ""
}
[2:21:19 PM] [INFO] [activity.ts] getPresenceButtons button2: Active {
  "button": {
    "label": "Active Label Button 2",
    "url": "https://www.youtube.com/watch?v=dQw4w9WgXcQ"
  },
  "validationError": ""
}
[2:21:19 PM] [INFO] onDidChangeTextEditorSelection()
[2:21:19 PM] [INFO] [data.ts] extractRepo(): "/home/iris/Templates/Nullix/lib" less than "/home/iris/.config/ivy-shell" and equal to "/home/iris/.config/ivy-shell"
[2:21:21 PM] [INFO] [activity.ts] repo button1#gitRemoteUrl:  isGit false
[2:21:21 PM] [INFO] [activity.ts] createButton(): enabled true
[2:21:21 PM] [INFO] [activity.ts] createButton(): enabled true
[2:21:21 PM] [INFO] [activity.ts] getPresenceButtons button1: Active {
  "button": {
    "label": "Active Label Button 1",
    "url": "https://www.youtube.com/watch?v=dQw4w9WgXcQ"
  },
  "validationError": ""
}
[2:21:21 PM] [INFO] [activity.ts] getPresenceButtons button2: Active {
  "button": {
    "label": "Active Label Button 2",
    "url": "https://www.youtube.com/watch?v=dQw4w9WgXcQ"
  },
  "validationError": ""
}
[2:21:22 PM] [INFO] onDidChangeTextEditorSelection()
[2:21:22 PM] [INFO] [data.ts] extractRepo(): "/home/iris/Templates/Nullix/lib" less than "/home/iris/.config/ivy-shell" and equal to "/home/iris/.config/ivy-shell"
[2:21:22 PM] [INFO] onDidChangeTextEditorSelection()
[2:21:22 PM] [INFO] [data.ts] extractRepo(): "/home/iris/Templates/Nullix/lib" less than "/home/iris/.config/ivy-shell" and equal to "/home/iris/.config/ivy-shell"
[2:21:22 PM] [INFO] onDidChangeTextEditorSelection()
[2:21:22 PM] [INFO] [data.ts] extractRepo(): "/home/iris/Templates/Nullix/lib" less than "/home/iris/.config/ivy-shell" and equal to "/home/iris/.config/ivy-shell"
[2:21:22 PM] [INFO] onDidChangeTextEditorSelection()
[2:21:22 PM] [INFO] [data.ts] extractRepo(): "/home/iris/Templates/Nullix/lib" less than "/home/iris/.config/ivy-shell" and equal to "/home/iris/.config/ivy-shell"
[2:21:22 PM] [INFO] onDidChangeTextEditorSelection()
[2:21:22 PM] [INFO] [data.ts] extractRepo(): "/home/iris/Templates/Nullix/lib" less than "/home/iris/.config/ivy-shell" and equal to "/home/iris/.config/ivy-shell"
[2:21:22 PM] [INFO] onDidChangeTextEditorSelection()
[2:21:22 PM] [INFO] [data.ts] extractRepo(): "/home/iris/Templates/Nullix/lib" less than "/home/iris/.config/ivy-shell" and equal to "/home/iris/.config/ivy-shell"
[2:21:22 PM] [INFO] onDidChangeTextEditorSelection()
[2:21:22 PM] [INFO] [data.ts] extractRepo(): "/home/iris/Templates/Nullix/lib" less than "/home/iris/.config/ivy-shell" and equal to "/home/iris/.config/ivy-shell"
[2:21:22 PM] [INFO] onDidChangeTextEditorSelection()
[2:21:22 PM] [INFO] [data.ts] extractRepo(): "/home/iris/Templates/Nullix/lib" less than "/home/iris/.config/ivy-shell" and equal to "/home/iris/.config/ivy-shell"
[2:21:22 PM] [INFO] onDidChangeTextEditorSelection()
[2:21:22 PM] [INFO] [data.ts] extractRepo(): "/home/iris/Templates/Nullix/lib" less than "/home/iris/.config/ivy-shell" and equal to "/home/iris/.config/ivy-shell"
[2:21:22 PM] [INFO] onDidChangeTextEditorSelection()
[2:21:22 PM] [INFO] [data.ts] extractRepo(): "/home/iris/Templates/Nullix/lib" less than "/home/iris/.config/ivy-shell" and equal to "/home/iris/.config/ivy-shell"
[2:21:22 PM] [INFO] onDidChangeTextEditorSelection()
[2:21:22 PM] [INFO] [data.ts] extractRepo(): "/home/iris/Templates/Nullix/lib" less than "/home/iris/.config/ivy-shell" and equal to "/home/iris/.config/ivy-shell"
[2:21:22 PM] [INFO] onDidChangeTextEditorSelection()
[2:21:22 PM] [INFO] [data.ts] extractRepo(): "/home/iris/Templates/Nullix/lib" less than "/home/iris/.config/ivy-shell" and equal to "/home/iris/.config/ivy-shell"
[2:21:22 PM] [INFO] onDidChangeTextEditorSelection()
[2:21:22 PM] [INFO] [data.ts] extractRepo(): "/home/iris/Templates/Nullix/lib" less than "/home/iris/.config/ivy-shell" and equal to "/home/iris/.config/ivy-shell"
[2:21:22 PM] [INFO] onDidChangeTextEditorSelection()
[2:21:22 PM] [INFO] [data.ts] extractRepo(): "/home/iris/Templates/Nullix/lib" less than "/home/iris/.config/ivy-shell" and equal to "/home/iris/.config/ivy-shell"
[2:21:22 PM] [INFO] onDidChangeTextEditorSelection()
[2:21:22 PM] [INFO] [data.ts] extractRepo(): "/home/iris/Templates/Nullix/lib" less than "/home/iris/.config/ivy-shell" and equal to "/home/iris/.config/ivy-shell"
[2:21:22 PM] [INFO] onDidChangeTextEditorSelection()
[2:21:22 PM] [INFO] [data.ts] extractRepo(): "/home/iris/Templates/Nullix/lib" less than "/home/iris/.config/ivy-shell" and equal to "/home/iris/.config/ivy-shell"
[2:21:22 PM] [INFO] onDidChangeTextEditorSelection()
[2:21:22 PM] [INFO] [data.ts] extractRepo(): "/home/iris/Templates/Nullix/lib" less than "/home/iris/.config/ivy-shell" and equal to "/home/iris/.config/ivy-shell"
[2:21:22 PM] [INFO] onDidChangeTextEditorSelection()
[2:21:22 PM] [INFO] [data.ts] extractRepo(): "/home/iris/Templates/Nullix/lib" less than "/home/iris/.config/ivy-shell" and equal to "/home/iris/.config/ivy-shell"
[2:21:22 PM] [INFO] onDidChangeTextEditorSelection()
[2:21:22 PM] [INFO] [data.ts] extractRepo(): "/home/iris/Templates/Nullix/lib" less than "/home/iris/.config/ivy-shell" and equal to "/home/iris/.config/ivy-shell"
[2:21:22 PM] [INFO] onDidChangeTextEditorSelection()
[2:21:22 PM] [INFO] [data.ts] extractRepo(): "/home/iris/Templates/Nullix/lib" less than "/home/iris/.config/ivy-shell" and equal to "/home/iris/.config/ivy-shell"
[2:21:22 PM] [INFO] onDidChangeTextEditorSelection()
[2:21:22 PM] [INFO] [data.ts] extractRepo(): "/home/iris/Templates/Nullix/lib" less than "/home/iris/.config/ivy-shell" and equal to "/home/iris/.config/ivy-shell"
[2:21:23 PM] [INFO] [activity.ts] repo button1#gitRemoteUrl:  isGit false
[2:21:23 PM] [INFO] [activity.ts] createButton(): enabled true
[2:21:23 PM] [INFO] [activity.ts] createButton(): enabled true
[2:21:23 PM] [INFO] [activity.ts] getPresenceButtons button1: Active {
  "button": {
    "label": "Active Label Button 1",
    "url": "https://www.youtube.com/watch?v=dQw4w9WgXcQ"
  },
  "validationError": ""
}
[2:21:23 PM] [INFO] [activity.ts] getPresenceButtons button2: Active {
  "button": {
    "label": "Active Label Button 2",
    "url": "https://www.youtube.com/watch?v=dQw4w9WgXcQ"
  },
  "validationError": ""
}
[2:21:23 PM] [INFO] onDidChangeTextDocument()
[2:21:23 PM] [INFO] [data.ts] extractRepo(): "/home/iris/Templates/Nullix/lib" less than "/home/iris/.config/ivy-shell" and equal to "/home/iris/.config/ivy-shell"
[2:21:23 PM] [INFO] onDidChangeTextDocument()
[2:21:23 PM] [INFO] [data.ts] extractRepo(): "/home/iris/Templates/Nullix/lib" less than "/home/iris/.config/ivy-shell" and equal to "/home/iris/.config/ivy-shell"
[2:21:23 PM] [INFO] onDidChangeTextEditorSelection()
[2:21:23 PM] [INFO] [data.ts] extractRepo(): "/home/iris/Templates/Nullix/lib" less than "/home/iris/.config/ivy-shell" and equal to "/home/iris/.config/ivy-shell"
[2:21:24 PM] [INFO] onDidChangeTextDocument()
[2:21:24 PM] [INFO] [data.ts] extractRepo(): "/home/iris/Templates/Nullix/lib" less than "/home/iris/.config/ivy-shell" and equal to "/home/iris/.config/ivy-shell"
[2:21:24 PM] [INFO] onDidChangeTextDocument()
[2:21:24 PM] [INFO] [data.ts] extractRepo(): "/home/iris/Templates/Nullix/lib" less than "/home/iris/.config/ivy-shell" and equal to "/home/iris/.config/ivy-shell"
[2:21:25 PM] [INFO] [activity.ts] repo button1#gitRemoteUrl:  isGit false
[2:21:25 PM] [INFO] [activity.ts] createButton(): enabled true
[2:21:25 PM] [INFO] [activity.ts] createButton(): enabled true
[2:21:25 PM] [INFO] [activity.ts] getPresenceButtons button1: Active {
  "button": {
    "label": "Active Label Button 1",
    "url": "https://www.youtube.com/watch?v=dQw4w9WgXcQ"
  },
  "validationError": ""
}
[2:21:25 PM] [INFO] [activity.ts] getPresenceButtons button2: Active {
  "button": {
    "label": "Active Label Button 2",
    "url": "https://www.youtube.com/watch?v=dQw4w9WgXcQ"
  },
  "validationError": ""
}
[2:21:25 PM] [INFO] onDidChangeTextDocument()
[2:21:25 PM] [INFO] [data.ts] extractRepo(): "/home/iris/Templates/Nullix/lib" less than "/home/iris/.config/ivy-shell" and equal to "/home/iris/.config/ivy-shell"
[2:21:25 PM] [INFO] onDidChangeTextDocument()
[2:21:25 PM] [INFO] [data.ts] extractRepo(): "/home/iris/Templates/Nullix/lib" less than "/home/iris/.config/ivy-shell" and equal to "/home/iris/.config/ivy-shell"
[2:21:25 PM] [INFO] onDidChangeTextEditorSelection()
[2:21:25 PM] [INFO] [data.ts] extractRepo(): "/home/iris/Templates/Nullix/lib" less than "/home/iris/.config/ivy-shell" and equal to "/home/iris/.config/ivy-shell"
[2:21:26 PM] [INFO] onDidChangeTextDocument()
[2:21:26 PM] [INFO] [data.ts] extractRepo(): "/home/iris/Templates/Nullix/lib" less than "/home/iris/.config/ivy-shell" and equal to "/home/iris/.config/ivy-shell"
[2:21:26 PM] [INFO] onDidChangeTextDocument()
[2:21:26 PM] [INFO] [data.ts] extractRepo(): "/home/iris/Templates/Nullix/lib" less than "/home/iris/.config/ivy-shell" and equal to "/home/iris/.config/ivy-shell"
[2:21:26 PM] [INFO] onDidChangeWindowState()
[2:21:26 PM] [INFO] [data.ts] extractRepo(): "/home/iris/Templates/Nullix/lib" less than "/home/iris/.config/ivy-shell" and equal to "/home/iris/.config/ivy-shell"
[2:21:27 PM] [INFO] [activity.ts] repo button1#gitRemoteUrl:  isGit false
[2:21:27 PM] [INFO] [activity.ts] createButton(): enabled true
[2:21:27 PM] [INFO] [activity.ts] createButton(): enabled true
[2:21:27 PM] [INFO] [activity.ts] getPresenceButtons button1: Active {
  "button": {
    "label": "Active Label Button 1",
    "url": "https://www.youtube.com/watch?v=dQw4w9WgXcQ"
  },
  "validationError": ""
}
[2:21:27 PM] [INFO] [activity.ts] getPresenceButtons button2: Active {
  "button": {
    "label": "Active Label Button 2",
    "url": "https://www.youtube.com/watch?v=dQw4w9WgXcQ"
  },
  "validationError": ""
}
[2:22:20 PM] [INFO] onDidChangeWindowState()
[2:22:20 PM] [INFO] [data.ts] extractRepo(): "/home/iris/Templates/Nullix/lib" less than "/home/iris/.config/ivy-shell" and equal to "/home/iris/.config/ivy-shell"
[2:22:20 PM] [INFO] [activity.ts] repo button1#gitRemoteUrl:  isGit false
[2:22:20 PM] [INFO] [activity.ts] createButton(): enabled true
[2:22:20 PM] [INFO] [activity.ts] createButton(): enabled true
[2:22:20 PM] [INFO] [activity.ts] getPresenceButtons button1: Active {
  "button": {
    "label": "Active Label Button 1",
    "url": "https://www.youtube.com/watch?v=dQw4w9WgXcQ"
  },
  "validationError": ""
}
[2:22:20 PM] [INFO] [activity.ts] getPresenceButtons button2: Active {
  "button": {
    "label": "Active Label Button 2",
    "url": "https://www.youtube.com/watch?v=dQw4w9WgXcQ"
  },
  "validationError": ""
}
[2:22:26 PM] [INFO] onDidChangeTextEditorSelection()
[2:22:26 PM] [INFO] [data.ts] extractRepo(): "/home/iris/Templates/Nullix/lib" less than "/home/iris/.config/ivy-shell" and equal to "/home/iris/.config/ivy-shell"
[2:22:26 PM] [INFO] [activity.ts] repo button1#gitRemoteUrl:  isGit false
[2:22:26 PM] [INFO] [activity.ts] createButton(): enabled true
[2:22:26 PM] [INFO] [activity.ts] createButton(): enabled true
[2:22:26 PM] [INFO] [activity.ts] getPresenceButtons button1: Active {
  "button": {
    "label": "Active Label Button 1",
    "url": "https://www.youtube.com/watch?v=dQw4w9WgXcQ"
  },
  "validationError": ""
}
[2:22:26 PM] [INFO] [activity.ts] getPresenceButtons button2: Active {
  "button": {
    "label": "Active Label Button 2",
    "url": "https://www.youtube.com/watch?v=dQw4w9WgXcQ"
  },
  "validationError": ""
}
[2:22:26 PM] [INFO] onDidChangeTextDocument()
[2:22:26 PM] [INFO] [data.ts] extractRepo(): "/home/iris/Templates/Nullix/lib" less than "/home/iris/.config/ivy-shell" and equal to "/home/iris/.config/ivy-shell"
[2:22:26 PM] [INFO] onDidChangeTextDocument()
[2:22:26 PM] [INFO] [data.ts] extractRepo(): "/home/iris/Templates/Nullix/lib" less than "/home/iris/.config/ivy-shell" and equal to "/home/iris/.config/ivy-shell"
[2:22:26 PM] [INFO] onDidChangeTextEditorSelection()
[2:22:26 PM] [INFO] [data.ts] extractRepo(): "/home/iris/Templates/Nullix/lib" less than "/home/iris/.config/ivy-shell" and equal to "/home/iris/.config/ivy-shell"
[2:22:27 PM] [INFO] onDidChangeTextDocument()
[2:22:27 PM] [INFO] [data.ts] extractRepo(): "/home/iris/Templates/Nullix/lib" less than "/home/iris/.config/ivy-shell" and equal to "/home/iris/.config/ivy-shell"
[2:22:27 PM] [INFO] onDidChangeTextEditorSelection()
[2:22:27 PM] [INFO] [data.ts] extractRepo(): "/home/iris/Templates/Nullix/lib" less than "/home/iris/.config/ivy-shell" and equal to "/home/iris/.config/ivy-shell"
[2:22:28 PM] [INFO] [activity.ts] repo button1#gitRemoteUrl:  isGit false
[2:22:28 PM] [INFO] [activity.ts] createButton(): enabled true
[2:22:28 PM] [INFO] [activity.ts] createButton(): enabled true
[2:22:28 PM] [INFO] [activity.ts] getPresenceButtons button1: Active {
  "button": {
    "label": "Active Label Button 1",
    "url": "https://www.youtube.com/watch?v=dQw4w9WgXcQ"
  },
  "validationError": ""
}
[2:22:28 PM] [INFO] [activity.ts] getPresenceButtons button2: Active {
  "button": {
    "label": "Active Label Button 2",
    "url": "https://www.youtube.com/watch?v=dQw4w9WgXcQ"
  },
  "validationError": ""
}
[2:22:28 PM] [INFO] onDidChangeTextDocument()
[2:22:28 PM] [INFO] [data.ts] extractRepo(): "/home/iris/Templates/Nullix/lib" less than "/home/iris/.config/ivy-shell" and equal to "/home/iris/.config/ivy-shell"
[2:22:28 PM] [INFO] onDidChangeTextEditorSelection()
[2:22:28 PM] [INFO] [data.ts] extractRepo(): "/home/iris/Templates/Nullix/lib" less than "/home/iris/.config/ivy-shell" and equal to "/home/iris/.config/ivy-shell"
[2:22:29 PM] [INFO] onDidChangeTextDocument()
[2:22:29 PM] [INFO] [data.ts] extractRepo(): "/home/iris/Templates/Nullix/lib" less than "/home/iris/.config/ivy-shell" and equal to "/home/iris/.config/ivy-shell"
[2:22:29 PM] [INFO] onDidChangeTextEditorSelection()
[2:22:29 PM] [INFO] [data.ts] extractRepo(): "/home/iris/Templates/Nullix/lib" less than "/home/iris/.config/ivy-shell" and equal to "/home/iris/.config/ivy-shell"
[2:22:29 PM] [INFO] onDidChangeTextDocument()
[2:22:29 PM] [INFO] [data.ts] extractRepo(): "/home/iris/Templates/Nullix/lib" less than "/home/iris/.config/ivy-shell" and equal to "/home/iris/.config/ivy-shell"
[2:22:30 PM] [INFO] [activity.ts] repo button1#gitRemoteUrl:  isGit false
[2:22:30 PM] [INFO] [activity.ts] createButton(): enabled true
[2:22:30 PM] [INFO] [activity.ts] createButton(): enabled true
[2:22:30 PM] [INFO] [activity.ts] getPresenceButtons button1: Active {
  "button": {
    "label": "Active Label Button 1",
    "url": "https://www.youtube.com/watch?v=dQw4w9WgXcQ"
  },
  "validationError": ""
}
[2:22:30 PM] [INFO] [activity.ts] getPresenceButtons button2: Active {
  "button": {
    "label": "Active Label Button 2",
    "url": "https://www.youtube.com/watch?v=dQw4w9WgXcQ"
  },
  "validationError": ""
}
[2:22:30 PM] [INFO] onDidChangeTextDocument()
[2:22:30 PM] [INFO] [data.ts] extractRepo(): "/home/iris/Templates/Nullix/lib" less than "/home/iris/.config/ivy-shell" and equal to "/home/iris/.config/ivy-shell"
[2:22:30 PM] [INFO] onDidChangeTextDocument()
[2:22:30 PM] [INFO] [data.ts] extractRepo(): "/home/iris/Templates/Nullix/lib" less than "/home/iris/.config/ivy-shell" and equal to "/home/iris/.config/ivy-shell"
[2:22:30 PM] [INFO] onDidChangeTextDocument()
[2:22:30 PM] [INFO] [data.ts] extractRepo(): "/home/iris/Templates/Nullix/lib" less than "/home/iris/.config/ivy-shell" and equal to "/home/iris/.config/ivy-shell"
[2:22:32 PM] [INFO] [activity.ts] repo button1#gitRemoteUrl:  isGit false
[2:22:32 PM] [INFO] [activity.ts] createButton(): enabled true
[2:22:32 PM] [INFO] [activity.ts] createButton(): enabled true
[2:22:32 PM] [INFO] [activity.ts] getPresenceButtons button1: Active {
  "button": {
    "label": "Active Label Button 1",
    "url": "https://www.youtube.com/watch?v=dQw4w9WgXcQ"
  },
  "validationError": ""
}
[2:22:32 PM] [INFO] [activity.ts] getPresenceButtons button2: Active {
  "button": {
    "label": "Active Label Button 2",
    "url": "https://www.youtube.com/watch?v=dQw4w9WgXcQ"
  },
  "validationError": ""
}
[2:22:32 PM] [INFO] Discord Rich Presence for VS Code deactivated.
[2:22:32 PM] [INFO] setStatusBarItem: status bar item is undefined
[2:22:32 PM] [INFO] [004] Destroyed Discord RPC client
