2026-03-09 00:19:40.487 [info] [main] Log level: Info
2026-03-09 00:19:40.487 [info] [main] Validating found git in: "git"
2026-03-09 00:19:40.487 [info] [main] Using git "2.53.0" from "git"
2026-03-09 00:19:40.487 [info] [Model][doInitialScan] Initial repository scan started
2026-03-09 00:19:40.487 [info] > git rev-parse --show-toplevel [73ms]
2026-03-09 00:19:40.487 [info] fatal: not a git repository (or any of the parent directories): .git
2026-03-09 00:19:40.487 [info] > git rev-parse --show-toplevel [171ms]
2026-03-09 00:19:40.487 [info] fatal: not a git repository (or any of the parent directories): .git
2026-03-09 00:19:40.487 [info] > git rev-parse --show-toplevel [114ms]
2026-03-09 00:19:40.487 [info] fatal: not a git repository (or any of the parent directories): .git
2026-03-09 00:19:40.494 [info] > git rev-parse --show-toplevel [11ms]
2026-03-09 00:19:40.494 [info] fatal: not a git repository (or any of the parent directories): .git
2026-03-09 00:19:40.535 [info] > git rev-parse --show-toplevel [22ms]
2026-03-09 00:19:40.535 [info] fatal: not a git repository (or any of the parent directories): .git
2026-03-09 00:19:40.622 [info] > git rev-parse --show-toplevel [35ms]
2026-03-09 00:19:40.622 [info] fatal: not a git repository (or any of the parent directories): .git
2026-03-09 00:19:40.660 [info] > git rev-parse --show-toplevel [10ms]
2026-03-09 00:19:40.703 [info] fatal: not a git repository (or any of the parent directories): .git
2026-03-09 00:19:40.800 [info] > git rev-parse --show-toplevel [71ms]
2026-03-09 00:19:40.800 [info] fatal: not a git repository (or any of the parent directories): .git
2026-03-09 00:19:40.866 [info] > git rev-parse --show-toplevel [41ms]
2026-03-09 00:19:40.866 [info] fatal: not a git repository (or any of the parent directories): .git
2026-03-09 00:19:40.894 [info] > git rev-parse --show-toplevel [9ms]
2026-03-09 00:19:40.894 [info] fatal: not a git repository (or any of the parent directories): .git
2026-03-09 00:19:40.938 [info] > git rev-parse --show-toplevel [7ms]
2026-03-09 00:19:40.938 [info] fatal: not a git repository (or any of the parent directories): .git
2026-03-09 00:19:40.984 [info] > git rev-parse --show-toplevel [14ms]
2026-03-09 00:19:41.025 [info] fatal: not a git repository (or any of the parent directories): .git
2026-03-09 00:19:41.068 [info] > git rev-parse --show-toplevel [9ms]
2026-03-09 00:19:41.212 [info] fatal: not a git repository (or any of the parent directories): .git
2026-03-09 00:19:41.261 [info] > git rev-parse --show-toplevel [16ms]
2026-03-09 00:19:41.261 [info] fatal: not a git repository (or any of the parent directories): .git
2026-03-09 00:19:41.306 [info] > git rev-parse --show-toplevel [10ms]
2026-03-09 00:19:41.306 [info] fatal: not a git repository (or any of the parent directories): .git
2026-03-09 00:19:41.438 [info] > git rev-parse --show-toplevel [85ms]
2026-03-09 00:19:41.438 [info] fatal: not a git repository (or any of the parent directories): .git
2026-03-09 00:19:41.543 [info] > git rev-parse --show-toplevel [25ms]
2026-03-09 00:19:41.543 [info] fatal: not a git repository (or any of the parent directories): .git
2026-03-09 00:19:42.196 [info] > git rev-parse --show-toplevel [613ms]
2026-03-09 00:19:42.368 [info] > git rev-parse --git-dir --git-common-dir --show-superproject-working-tree [88ms]
2026-03-09 00:19:42.577 [info] [Model][openRepository] Opened repository (path): /home/iris/Templates/Ether-Wallbash
2026-03-09 00:19:42.577 [info] [Model][openRepository] Opened repository (real path): /home/iris/Templates/Ether-Wallbash
2026-03-09 00:19:42.577 [info] [Model][openRepository] Opened repository (kind): repository
2026-03-09 00:19:42.693 [info] > git config --get commit.template [32ms]
2026-03-09 00:19:42.800 [info] > git rev-parse --show-toplevel [118ms]
2026-03-09 00:19:42.897 [info] > git rev-parse --git-dir --git-common-dir --show-superproject-working-tree [15ms]
2026-03-09 00:19:42.934 [info] > git for-each-ref --format=%(refname)%00%(upstream:short)%00%(objectname)%00%(upstream:track)%00%(upstream:remotename)%00%(upstream:remoteref) refs/heads/main refs/remotes/main [148ms]
2026-03-09 00:19:42.960 [warning] [Git][revParse] Unable to read file: ENOENT: no such file or directory, open '/home/iris/Templates/Ether-Wallbash/.git/refs/remotes/origin/main'
2026-03-09 00:19:42.967 [info] > git rev-parse refs/remotes/origin/main [7ms]
2026-03-09 00:19:43.183 [info] > git for-each-ref --sort -committerdate --format %(refname)%00%(objectname)%00%(*objectname) [147ms]
2026-03-09 00:19:43.456 [info] [Model][openRepository] Opened repository (path): /home/iris/Templates/HyDE
2026-03-09 00:19:43.457 [info] [Model][openRepository] Opened repository (real path): /home/iris/Templates/HyDE
2026-03-09 00:19:43.457 [info] [Model][openRepository] Opened repository (kind): repository
2026-03-09 00:19:43.760 [info] > git config --get commit.template [33ms]
2026-03-09 00:19:43.761 [info] > git rev-parse --show-toplevel [285ms]
2026-03-09 00:19:43.938 [info] > git rev-parse --git-dir --git-common-dir --show-superproject-working-tree [139ms]
2026-03-09 00:19:44.500 [info] [Model][openRepository] Opened repository (path): /home/iris/Templates/Hyprland-Dots
2026-03-09 00:19:44.502 [info] [Model][openRepository] Opened repository (real path): /home/iris/Templates/Hyprland-Dots
2026-03-09 00:19:44.502 [info] [Model][openRepository] Opened repository (kind): repository
2026-03-09 00:19:44.583 [info] > git for-each-ref --format=%(refname)%00%(upstream:short)%00%(objectname)%00%(upstream:track)%00%(upstream:remotename)%00%(upstream:remoteref) refs/heads/dev refs/remotes/dev [942ms]
2026-03-09 00:19:45.056 [warning] [Git][revParse] Unable to read file: ENOENT: no such file or directory, open '/home/iris/Templates/HyDE/.git/refs/remotes/origin/dev'
2026-03-09 00:19:45.066 [info] > git config --get commit.template [499ms]
2026-03-09 00:19:45.896 [info] > git rev-parse refs/remotes/origin/dev [841ms]
2026-03-09 00:19:45.978 [info] > git rev-parse --show-toplevel [1397ms]
2026-03-09 00:19:47.518 [info] > git status -z -uall [1576ms]
2026-03-09 00:19:47.518 [info] > git rev-parse --git-dir --git-common-dir --show-superproject-working-tree [1369ms]
2026-03-09 00:19:47.519 [info] > git for-each-ref --format=%(refname)%00%(upstream:short)%00%(objectname)%00%(upstream:track)%00%(upstream:remotename)%00%(upstream:remoteref) refs/heads/development refs/remotes/development [1421ms]
2026-03-09 00:19:47.525 [info] > git for-each-ref --sort -committerdate --format %(refname)%00%(objectname)%00%(*objectname) [1548ms]
2026-03-09 00:19:47.663 [warning] [Git][revParse] Unable to read file: ENOENT: no such file or directory, open '/home/iris/Templates/Hyprland-Dots/.git/refs/remotes/origin/development'
2026-03-09 00:19:47.681 [info] > git for-each-ref --format=%(refname)%00%(upstream:short)%00%(objectname)%00%(upstream:track)%00%(upstream:remotename)%00%(upstream:remoteref) refs/heads/dev refs/remotes/dev [116ms]
2026-03-09 00:19:47.830 [info] > git config --get --local branch.dev.vscode-merge-base [138ms]
2026-03-09 00:19:47.830 [warning] [Git][config] git config failed: Failed to execute git
2026-03-09 00:19:47.844 [info] > git config --get commit.template [172ms]
2026-03-09 00:19:47.845 [info] > git rev-parse refs/remotes/origin/development [182ms]
2026-03-09 00:19:47.941 [info] > git reflog dev --grep-reflog=branch: Created from *. [97ms]
2026-03-09 00:19:47.962 [info] > git symbolic-ref --short refs/remotes/origin/HEAD [4ms]
2026-03-09 00:19:47.962 [info] fatal: ref refs/remotes/origin/HEAD is not a symbolic ref
2026-03-09 00:19:47.962 [warning] [Repository][getDefaultBranch] Failed to get default branch details: Failed to execute git.
2026-03-09 00:19:47.994 [info] > git for-each-ref --format=%(refname)%00%(upstream:short)%00%(objectname)%00%(upstream:track)%00%(upstream:remotename)%00%(upstream:remoteref) refs/heads/dev refs/remotes/dev [59ms]
2026-03-09 00:19:48.009 [warning] [Git][revParse] Unable to read file: ENOENT: no such file or directory, open '/home/iris/Templates/HyDE/.git/refs/remotes/origin/dev'
2026-03-09 00:19:48.042 [info] > git merge-base refs/heads/dev refs/remotes/origin/dev [63ms]
2026-03-09 00:19:48.217 [info] > git status -z -uall [364ms]
2026-03-09 00:19:48.221 [info] > git for-each-ref --sort -committerdate --format %(refname)%00%(objectname)%00%(*objectname) [357ms]
2026-03-09 00:19:48.267 [info] > git rev-parse refs/remotes/origin/dev [258ms]
2026-03-09 00:19:48.537 [info] > git status -z -uall [164ms]
2026-03-09 00:19:48.537 [info] > git for-each-ref --sort -committerdate --format %(refname)%00%(objectname)%00%(*objectname) [103ms]
2026-03-09 00:19:48.540 [info] > git for-each-ref --format=%(refname)%00%(upstream:short)%00%(objectname)%00%(upstream:track)%00%(upstream:remotename)%00%(upstream:remoteref) refs/heads/development refs/remotes/development [276ms]
2026-03-09 00:19:48.558 [info] > git diff --raw --numstat --diff-filter=ADMR -z --find-renames=50% 686acb6ebddf4ce2a13e49fbeda9d5ef60cc7ac8...refs/remotes/origin/dev -- [354ms]
2026-03-09 00:19:48.588 [info] [Model][openRepository] Opened repository (path): /home/iris/Templates/IDE
2026-03-09 00:19:48.588 [info] [Model][openRepository] Opened repository (real path): /home/iris/Templates/IDE
2026-03-09 00:19:48.588 [info] [Model][openRepository] Opened repository (kind): repository
2026-03-09 00:19:48.681 [info] > git config --get --local branch.development.vscode-merge-base [122ms]
2026-03-09 00:19:48.821 [warning] [Git][config] git config failed: Failed to execute git
2026-03-09 00:19:48.835 [info] > git config --get commit.template [304ms]
2026-03-09 00:19:48.992 [info] > git status -z -uall [5981ms]
2026-03-09 00:19:48.992 [info] > git reflog development --grep-reflog=branch: Created from *. [158ms]
2026-03-09 00:19:49.003 [info] > git rev-parse --show-toplevel [330ms]
2026-03-09 00:19:49.003 [info] fatal: not a git repository (or any of the parent directories): .git
2026-03-09 00:19:49.004 [info] > git config --get commit.template [343ms]
2026-03-09 00:19:49.305 [info] > git for-each-ref --format=%(refname)%00%(upstream:short)%00%(objectname)%00%(upstream:track)%00%(upstream:remotename)%00%(upstream:remoteref) refs/heads/main refs/remotes/main [276ms]
2026-03-09 00:19:49.313 [info] > git symbolic-ref --short refs/remotes/origin/HEAD [310ms]
2026-03-09 00:19:49.313 [info] fatal: ref refs/remotes/origin/HEAD is not a symbolic ref
2026-03-09 00:19:49.313 [warning] [Repository][getDefaultBranch] Failed to get default branch details: Failed to execute git.
2026-03-09 00:19:49.339 [info] > git config --get --local branch.main.vscode-merge-base [27ms]
2026-03-09 00:19:49.354 [info] > git config --get commit.template [55ms]
2026-03-09 00:19:49.358 [info] > git rev-parse --show-toplevel [65ms]
2026-03-09 00:19:49.358 [info] fatal: not a git repository (or any of the parent directories): .git
2026-03-09 00:19:49.358 [info] > git for-each-ref --format=%(refname)%00%(upstream:short)%00%(objectname)%00%(upstream:track)%00%(upstream:remotename)%00%(upstream:remoteref) refs/heads/development refs/remotes/development [86ms]
2026-03-09 00:19:49.585 [warning] [Git][revParse] Unable to read file: ENOENT: no such file or directory, open '/home/iris/Templates/Hyprland-Dots/.git/refs/remotes/origin/development'
2026-03-09 00:19:49.591 [info] > git for-each-ref --format=%(refname)%00%(upstream:short)%00%(objectname)%00%(upstream:track)%00%(upstream:remotename)%00%(upstream:remoteref) refs/heads/origin/main refs/remotes/origin/main [237ms]
2026-03-09 00:19:49.607 [info] > git merge-base refs/heads/development refs/remotes/origin/development [285ms]
2026-03-09 00:19:49.636 [info] > git merge-base refs/heads/main refs/remotes/origin/main [30ms]
2026-03-09 00:19:49.693 [info] > git rev-parse refs/remotes/origin/development [108ms]
2026-03-09 00:19:49.728 [info] > git for-each-ref --format=%(refname)%00%(upstream:short)%00%(objectname)%00%(upstream:track)%00%(upstream:remotename)%00%(upstream:remoteref) refs/heads/master refs/remotes/master [395ms]
2026-03-09 00:19:49.952 [info] > git status -z -uall [241ms]
2026-03-09 00:19:49.952 [info] > git for-each-ref --sort -committerdate --format %(refname)%00%(objectname)%00%(*objectname) [225ms]
2026-03-09 00:19:49.989 [info] > git diff --raw --numstat --diff-filter=ADMR -z --find-renames=50% 00d1bfe595e2208b641e53c984c11e9ba9d878bb...refs/remotes/origin/main -- [296ms]
2026-03-09 00:19:49.990 [info] > git for-each-ref --format=%(refname)%00%(upstream:short)%00%(objectname)%00%(upstream:track)%00%(upstream:remotename)%00%(upstream:remoteref) refs/heads/main refs/remotes/main [358ms]
2026-03-09 00:19:49.991 [info] > git rev-parse --show-toplevel [413ms]
2026-03-09 00:19:49.991 [info] > git diff --raw --numstat --diff-filter=ADMR -z --find-renames=50% b9c200da8baa7f9654d877dcb4ae8187d7c8274f...refs/remotes/origin/development -- [372ms]
2026-03-09 00:19:50.012 [warning] [Git][revParse] Unable to read file: ENOENT: no such file or directory, open '/home/iris/Templates/Ether-Wallbash/.git/refs/remotes/origin/main'
2026-03-09 00:19:50.033 [info] > git merge-base refs/heads/development refs/remotes/origin/development [47ms]
2026-03-09 00:19:50.091 [info] > git diff --raw --numstat --diff-filter=ADMR -z --find-renames=50% b9c200da8baa7f9654d877dcb4ae8187d7c8274f...refs/remotes/origin/development -- [44ms]
2026-03-09 00:19:50.100 [info] > git rev-parse --git-dir --git-common-dir --show-superproject-working-tree [70ms]
2026-03-09 00:19:50.101 [info] > git rev-parse refs/remotes/origin/main [89ms]
2026-03-09 00:19:50.278 [info] > git for-each-ref --sort -committerdate --format %(refname)%00%(objectname)%00%(*objectname) [126ms]
2026-03-09 00:19:50.279 [info] > git for-each-ref --sort -committerdate --format %(refname)%00%(objectname)%00%(*objectname) [40ms]
2026-03-09 00:19:50.836 [info] [Model][openRepository] Opened repository (path): /home/iris/Templates/hyprdots
2026-03-09 00:19:50.836 [info] [Model][openRepository] Opened repository (real path): /home/iris/Templates/hyprdots
2026-03-09 00:19:50.836 [info] [Model][openRepository] Opened repository (kind): repository
2026-03-09 00:19:50.837 [info] [Model][doInitialScan] Initial repository scan completed - repositories (5), closed repositories (0), parent repositories (0), unsafe repositories (0)
2026-03-09 00:19:50.880 [info] > git status -z -uall [765ms]
2026-03-09 00:19:50.880 [info] > git status -z -uall [676ms]
2026-03-09 00:19:50.978 [info] > git for-each-ref --format=%(refname)%00%(upstream:short)%00%(objectname)%00%(upstream:track)%00%(upstream:remotename)%00%(upstream:remoteref) refs/heads/master refs/remotes/master [62ms]
2026-03-09 00:19:51.078 [info] > git rev-parse --show-toplevel [204ms]
2026-03-09 00:19:51.079 [info] fatal: not a git repository (or any of the parent directories): .git
2026-03-09 00:19:51.079 [info] > git config --get commit.template [214ms]
2026-03-09 00:19:51.129 [info] > git config --get --local branch.master.vscode-merge-base [52ms]
2026-03-09 00:19:51.143 [info] > git config --get commit.template [168ms]
2026-03-09 00:19:51.178 [info] > git for-each-ref --format=%(refname)%00%(upstream:short)%00%(objectname)%00%(upstream:track)%00%(upstream:remotename)%00%(upstream:remoteref) refs/heads/origin/master refs/remotes/origin/master [35ms]
2026-03-09 00:19:51.284 [info] > git rev-parse --show-toplevel [159ms]
2026-03-09 00:19:51.284 [info] fatal: not a git repository (or any of the parent directories): .git
2026-03-09 00:19:51.361 [info] > git merge-base refs/heads/master refs/remotes/origin/master [79ms]
2026-03-09 00:19:51.439 [info] > git rev-parse --show-toplevel [95ms]
2026-03-09 00:19:51.483 [info] fatal: not a git repository (or any of the parent directories): .git
2026-03-09 00:19:51.483 [info] > git for-each-ref --format=%(refname)%00%(upstream:short)%00%(objectname)%00%(upstream:track)%00%(upstream:remotename)%00%(upstream:remoteref) refs/heads/master refs/remotes/master [170ms]
2026-03-09 00:19:51.512 [info] > git diff --raw --numstat --diff-filter=ADMR -z --find-renames=50% 9f167372c2bbb720e3496aa9fa34f2a79aa7734b...refs/remotes/origin/master -- [91ms]
2026-03-09 00:19:51.514 [info] > git for-each-ref --format=%(refname)%00%(upstream:short)%00%(objectname)%00%(upstream:track)%00%(upstream:remotename)%00%(upstream:remoteref) refs/heads/main refs/remotes/main [347ms]
2026-03-09 00:19:51.543 [warning] [Git][revParse] Unable to read file: ENOENT: no such file or directory, open '/home/iris/Templates/hyprdots/.git/refs/remotes/origin/main'
2026-03-09 00:19:51.548 [info] > git rev-parse --show-toplevel [36ms]
2026-03-09 00:19:51.548 [info] fatal: not a git repository (or any of the parent directories): .git
2026-03-09 00:19:51.565 [info] > git rev-parse refs/remotes/origin/main [22ms]
2026-03-09 00:19:51.620 [info] > git status -z -uall [11ms]
2026-03-09 00:19:51.620 [info] > git rev-parse --show-toplevel [57ms]
2026-03-09 00:19:51.620 [info] fatal: not a git repository (or any of the parent directories): .git
2026-03-09 00:19:51.634 [info] > git for-each-ref --sort -committerdate --format %(refname)%00%(objectname)%00%(*objectname) [40ms]
2026-03-09 00:19:51.637 [info] > git rev-parse --show-toplevel [7ms]
2026-03-09 00:19:51.637 [info] fatal: not a git repository (or any of the parent directories): .git
2026-03-09 00:19:51.637 [info] > git for-each-ref --sort -committerdate --format %(refname)%00%(objectname)%00%(*objectname) [19ms]
2026-03-09 00:19:51.703 [info] > git rev-parse --show-toplevel [43ms]
2026-03-09 00:19:51.755 [info] fatal: not a git repository (or any of the parent directories): .git
2026-03-09 00:19:51.793 [info] > git rev-parse --show-toplevel [23ms]
2026-03-09 00:19:51.793 [info] fatal: not a git repository (or any of the parent directories): .git
2026-03-09 00:19:51.816 [info] > git status -z -uall [231ms]
2026-03-09 00:19:52.013 [info] > git for-each-ref --format=%(refname)%00%(upstream:short)%00%(objectname)%00%(upstream:track)%00%(upstream:remotename)%00%(upstream:remoteref) refs/heads/main refs/remotes/main [168ms]
2026-03-09 00:19:52.031 [info] > git rev-parse --show-toplevel [216ms]
2026-03-09 00:19:52.031 [info] fatal: not a git repository (or any of the parent directories): .git
2026-03-09 00:19:52.064 [info] > git config --get --local branch.main.vscode-merge-base [33ms]
2026-03-09 00:19:52.078 [info] > git config --get commit.template [85ms]
2026-03-09 00:19:52.099 [info] > git for-each-ref --format=%(refname)%00%(upstream:short)%00%(objectname)%00%(upstream:track)%00%(upstream:remotename)%00%(upstream:remoteref) refs/heads/origin/main refs/remotes/origin/main [21ms]
2026-03-09 00:19:52.118 [info] > git rev-parse --show-toplevel [57ms]
2026-03-09 00:19:52.118 [info] fatal: not a git repository (or any of the parent directories): .git
2026-03-09 00:19:52.224 [info] > git merge-base refs/heads/main refs/remotes/origin/main [107ms]
2026-03-09 00:19:52.249 [info] > git diff --raw --numstat --diff-filter=ADMR -z --find-renames=50% 3c8b0dfb5e7f8e41a67b80463513f10d57cab1a4...refs/remotes/origin/main -- [8ms]
2026-03-09 00:19:52.250 [info] > git rev-parse --show-toplevel [28ms]
2026-03-09 00:19:52.250 [info] fatal: not a git repository (or any of the parent directories): .git
2026-03-09 00:19:52.251 [info] > git for-each-ref --format=%(refname)%00%(upstream:short)%00%(objectname)%00%(upstream:track)%00%(upstream:remotename)%00%(upstream:remoteref) refs/heads/main refs/remotes/main [44ms]
2026-03-09 00:19:52.284 [warning] [Git][revParse] Unable to read file: ENOENT: no such file or directory, open '/home/iris/Templates/hyprdots/.git/refs/remotes/origin/main'
2026-03-09 00:19:52.311 [info] > git rev-parse refs/remotes/origin/main [29ms]
2026-03-09 00:19:52.360 [info] > git rev-parse --show-toplevel [88ms]
2026-03-09 00:19:52.360 [info] fatal: not a git repository (or any of the parent directories): .git
2026-03-09 00:19:52.362 [info] > git status -z -uall [25ms]
2026-03-09 00:19:52.378 [info] > git for-each-ref --sort -committerdate --format %(refname)%00%(objectname)%00%(*objectname) [19ms]
2026-03-09 00:19:52.394 [info] > git rev-parse --show-toplevel [18ms]
2026-03-09 00:19:52.394 [info] fatal: not a git repository (or any of the parent directories): .git
2026-03-09 00:19:52.435 [info] > git rev-parse --show-toplevel [16ms]
2026-03-09 00:19:52.435 [info] fatal: not a git repository (or any of the parent directories): .git
2026-03-09 00:19:52.456 [info] > git rev-parse --show-toplevel [5ms]
2026-03-09 00:19:52.456 [info] fatal: not a git repository (or any of the parent directories): .git
2026-03-09 00:19:52.551 [info] > git rev-parse --show-toplevel [70ms]
2026-03-09 00:19:52.551 [info] fatal: not a git repository (or any of the parent directories): .git
2026-03-09 00:19:52.613 [info] > git rev-parse --show-toplevel [14ms]
2026-03-09 00:19:52.613 [info] fatal: not a git repository (or any of the parent directories): .git
2026-03-09 00:19:52.647 [info] > git rev-parse --show-toplevel [20ms]
2026-03-09 00:19:52.649 [info] fatal: not a git repository (or any of the parent directories): .git
2026-03-09 00:20:06.503 [info] > git rev-parse --show-toplevel [76ms]
2026-03-09 00:20:06.503 [info] fatal: not a git repository (or any of the parent directories): .git
2026-03-09 00:20:06.600 [info] > git rev-parse --show-toplevel [32ms]
2026-03-09 00:20:06.615 [info] fatal: not a git repository (or any of the parent directories): .git
2026-03-09 00:20:06.793 [info] > git rev-parse --show-toplevel [94ms]
2026-03-09 00:20:06.793 [info] fatal: not a git repository (or any of the parent directories): .git
