[INFO - 12:19:38 AM] Start CMake Language Server ...
[Trace - 12:19:38 AM] Sending request 'initialize - (0)'.
Params: {
    "processId": 605515,
    "clientInfo": {
        "name": "VSCodium",
        "version": "1.109.5"
    },
    "locale": "en",
    "rootPath": "/home/iris/Desktop",
    "rootUri": "file:///home/iris/Desktop",
    "capabilities": {
        "workspace": {
            "applyEdit": true,
            "workspaceEdit": {
                "documentChanges": true,
                "resourceOperations": [
                    "create",
                    "rename",
                    "delete"
                ],
                "failureHandling": "textOnlyTransactional",
                "normalizesLineEndings": true,
                "changeAnnotationSupport": {
                    "groupsOnLabel": true
                }
            },
            "configuration": true,
            "didChangeWatchedFiles": {
                "dynamicRegistration": true,
                "relativePatternSupport": true
            },
            "symbol": {
                "dynamicRegistration": true,
                "symbolKind": {
                    "valueSet": [
                        1,
                        2,
                        3,
                        4,
                        5,
                        6,
                        7,
                        8,
                        9,
                        10,
                        11,
                        12,
                        13,
                        14,
                        15,
                        16,
                        17,
                        18,
                        19,
                        20,
                        21,
                        22,
                        23,
                        24,
                        25,
                        26
                    ]
                },
                "tagSupport": {
                    "valueSet": [
                        1
                    ]
                },
                "resolveSupport": {
                    "properties": [
                        "location.range"
                    ]
                }
            },
            "codeLens": {
                "refreshSupport": true
            },
            "executeCommand": {
                "dynamicRegistration": true
            },
            "didChangeConfiguration": {
                "dynamicRegistration": true
            },
            "workspaceFolders": true,
            "foldingRange": {
                "refreshSupport": true
            },
            "semanticTokens": {
                "refreshSupport": true
            },
            "fileOperations": {
                "dynamicRegistration": true,
                "didCreate": true,
                "didRename": true,
                "didDelete": true,
                "willCreate": true,
                "willRename": true,
                "willDelete": true
            },
            "inlineValue": {
                "refreshSupport": true
            },
            "inlayHint": {
                "refreshSupport": true
            },
            "diagnostics": {
                "refreshSupport": true
            }
        },
        "textDocument": {
            "publishDiagnostics": {
                "relatedInformation": true,
                "versionSupport": false,
                "tagSupport": {
                    "valueSet": [
                        1,
                        2
                    ]
                },
                "codeDescriptionSupport": true,
                "dataSupport": true
            },
            "synchronization": {
                "dynamicRegistration": true,
                "willSave": true,
                "willSaveWaitUntil": true,
                "didSave": true
            },
            "completion": {
                "dynamicRegistration": true,
                "contextSupport": true,
                "completionItem": {
                    "snippetSupport": true,
                    "commitCharactersSupport": true,
                    "documentationFormat": [
                        "markdown",
                        "plaintext"
                    ],
                    "deprecatedSupport": true,
                    "preselectSupport": true,
                    "tagSupport": {
                        "valueSet": [
                            1
                        ]
                    },
                    "insertReplaceSupport": true,
                    "resolveSupport": {
                        "properties": [
                            "documentation",
                            "detail",
                            "additionalTextEdits"
                        ]
                    },
                    "insertTextModeSupport": {
                        "valueSet": [
                            1,
                            2
                        ]
                    },
                    "labelDetailsSupport": true
                },
                "insertTextMode": 2,
                "completionItemKind": {
                    "valueSet": [
                        1,
                        2,
                        3,
                        4,
                        5,
                        6,
                        7,
                        8,
                        9,
                        10,
                        11,
                        12,
                        13,
                        14,
                        15,
                        16,
                        17,
                        18,
                        19,
                        20,
                        21,
                        22,
                        23,
                        24,
                        25
                    ]
                },
                "completionList": {
                    "itemDefaults": [
                        "commitCharacters",
                        "editRange",
                        "insertTextFormat",
                        "insertTextMode",
                        "data"
                    ]
                }
            },
            "hover": {
                "dynamicRegistration": true,
                "contentFormat": [
                    "markdown",
                    "plaintext"
                ]
            },
            "signatureHelp": {
                "dynamicRegistration": true,
                "signatureInformation": {
                    "documentationFormat": [
                        "markdown",
                        "plaintext"
                    ],
                    "parameterInformation": {
                        "labelOffsetSupport": true
                    },
                    "activeParameterSupport": true
                },
                "contextSupport": true
            },
            "definition": {
                "dynamicRegistration": true,
                "linkSupport": true
            },
            "references": {
                "dynamicRegistration": true
            },
            "documentHighlight": {
                "dynamicRegistration": true
            },
            "documentSymbol": {
                "dynamicRegistration": true,
                "symbolKind": {
                    "valueSet": [
                        1,
                        2,
                        3,
                        4,
                        5,
                        6,
                        7,
                        8,
                        9,
                        10,
                        11,
                        12,
                        13,
                        14,
                        15,
                        16,
                        17,
                        18,
                        19,
                        20,
                        21,
                        22,
                        23,
                        24,
                        25,
                        26
                    ]
                },
                "hierarchicalDocumentSymbolSupport": true,
                "tagSupport": {
                    "valueSet": [
                        1
                    ]
                },
                "labelSupport": true
            },
            "codeAction": {
                "dynamicRegistration": true,
                "isPreferredSupport": true,
                "disabledSupport": true,
                "dataSupport": true,
                "resolveSupport": {
                    "properties": [
                        "edit"
                    ]
                },
                "codeActionLiteralSupport": {
                    "codeActionKind": {
                        "valueSet": [
                            "",
                            "quickfix",
                            "refactor",
                            "refactor.extract",
                            "refactor.inline",
                            "refactor.rewrite",
                            "source",
                            "source.organizeImports"
                        ]
                    }
                },
                "honorsChangeAnnotations": true
            },
            "codeLens": {
                "dynamicRegistration": true
            },
            "formatting": {
                "dynamicRegistration": true
            },
            "rangeFormatting": {
                "dynamicRegistration": true,
                "rangesSupport": true
            },
            "onTypeFormatting": {
                "dynamicRegistration": true
            },
            "rename": {
                "dynamicRegistration": true,
                "prepareSupport": true,
                "prepareSupportDefaultBehavior": 1,
                "honorsChangeAnnotations": true
            },
            "documentLink": {
                "dynamicRegistration": true,
                "tooltipSupport": true
            },
            "typeDefinition": {
                "dynamicRegistration": true,
                "linkSupport": true
            },
            "implementation": {
                "dynamicRegistration": true,
                "linkSupport": true
            },
            "colorProvider": {
                "dynamicRegistration": true
            },
            "foldingRange": {
                "dynamicRegistration": true,
                "rangeLimit": 5000,
                "lineFoldingOnly": true,
                "foldingRangeKind": {
                    "valueSet": [
                        "comment",
                        "imports",
                        "region"
                    ]
                },
                "foldingRange": {
                    "collapsedText": false
                }
            },
            "declaration": {
                "dynamicRegistration": true,
                "linkSupport": true
            },
            "selectionRange": {
                "dynamicRegistration": true
            },
            "callHierarchy": {
                "dynamicRegistration": true
            },
            "semanticTokens": {
                "dynamicRegistration": true,
                "tokenTypes": [
                    "namespace",
                    "type",
                    "class",
                    "enum",
                    "interface",
                    "struct",
                    "typeParameter",
                    "parameter",
                    "variable",
                    "property",
                    "enumMember",
                    "event",
                    "function",
                    "method",
                    "macro",
                    "keyword",
                    "modifier",
                    "comment",
                    "string",
                    "number",
                    "regexp",
                    "operator",
                    "decorator"
                ],
                "tokenModifiers": [
                    "declaration",
                    "definition",
                    "readonly",
                    "static",
                    "deprecated",
                    "abstract",
                    "async",
                    "modification",
                    "documentation",
                    "defaultLibrary"
                ],
                "formats": [
                    "relative"
                ],
                "requests": {
                    "range": true,
                    "full": {
                        "delta": true
                    }
                },
                "multilineTokenSupport": false,
                "overlappingTokenSupport": false,
                "serverCancelSupport": true,
                "augmentsSyntaxTokens": true
            },
            "linkedEditingRange": {
                "dynamicRegistration": true
            },
            "typeHierarchy": {
                "dynamicRegistration": true
            },
            "inlineValue": {
                "dynamicRegistration": true
            },
            "inlayHint": {
                "dynamicRegistration": true,
                "resolveSupport": {
                    "properties": [
                        "tooltip",
                        "textEdits",
                        "label.tooltip",
                        "label.location",
                        "label.command"
                    ]
                }
            },
            "diagnostic": {
                "dynamicRegistration": true,
                "relatedDocumentSupport": false
            }
        },
        "window": {
            "showMessage": {
                "messageActionItem": {
                    "additionalPropertiesSupport": true
                }
            },
            "showDocument": {
                "support": true
            },
            "workDoneProgress": true
        },
        "general": {
            "staleRequestSupport": {
                "cancel": true,
                "retryOnContentModified": [
                    "textDocument/semanticTokens/full",
                    "textDocument/semanticTokens/range",
                    "textDocument/semanticTokens/full/delta"
                ]
            },
            "regularExpressions": {
                "engine": "ECMAScript",
                "version": "ES2020"
            },
            "markdown": {
                "parser": "marked",
                "version": "1.1.0"
            },
            "positionEncodings": [
                "utf-16"
            ]
        },
        "notebookDocument": {
            "synchronization": {
                "dynamicRegistration": true,
                "executionSummarySupport": true
            }
        }
    },
    "initializationOptions": {
        "language": "en",
        "extensionPath": "/home/iris/.vscode-oss/extensions/kylinideteam.cmake-intellisence-0.4.0-universal",
        "extSettings": {
            "loggingLevel": "debug",
            "cmakePath": "cmake",
            "pkgConfigPath": "pkg-config",
            "cmdCaseDiagnostics": true
        }
    },
    "trace": "verbose",
    "workspaceFolders": [
        {
            "uri": "file:///home/iris/Desktop",
            "name": "Desktop"
        },
        {
            "uri": "file:///home/iris/Documents",
            "name": "Documents"
        },
        {
            "uri": "file:///home/iris/Downloads",
            "name": "Downloads"
        },
        {
            "uri": "file:///home/iris/Music",
            "name": "Music"
        },
        {
            "uri": "file:///home/iris/Pictures",
            "name": "Pictures"
        },
        {
            "uri": "file:///home/iris/Public",
            "name": "Public"
        },
        {
            "uri": "file:///home/iris/Templates",
            "name": "Templates"
        },
        {
            "uri": "file:///home/iris/Videos",
            "name": "Videos"
        }
    ]
}


[Trace - 12:19:44 AM] Received response 'initialize - (0)' in 5128ms. Request failed: Request initialize failed with message: Command failed: "/usr/bin/cmake" --system-information
CMake Error at /usr/share/cmake/Modules/CMakeDetermineSystem.cmake:225 (configure_file):
  No such file or directory
Call Stack (most recent call first):
  CMakeLists.txt:6 (project)


CMake Error: CMake was unable to find a build program corresponding to "Unix Makefiles".  CMAKE_MAKE_PROGRAM is not set.  You probably need to select a different build tool.
CMake Error: CMAKE_C_COMPILER not set, after EnableLanguage
CMake Error: CMAKE_CXX_COMPILER not set, after EnableLanguage
Error: --system-information failed on internal CMake!
 (-32603).
[Error - 12:19:44 AM] Server initialization failed.
  Message: Request initialize failed with message: Command failed: "/usr/bin/cmake" --system-information
CMake Error at /usr/share/cmake/Modules/CMakeDetermineSystem.cmake:225 (configure_file):
  No such file or directory
Call Stack (most recent call first):
  CMakeLists.txt:6 (project)


CMake Error: CMake was unable to find a build program corresponding to "Unix Makefiles".  CMAKE_MAKE_PROGRAM is not set.  You probably need to select a different build tool.
CMake Error: CMAKE_C_COMPILER not set, after EnableLanguage
CMake Error: CMAKE_CXX_COMPILER not set, after EnableLanguage
Error: --system-information failed on internal CMake!

  Code: -32603 
[Error - 12:19:44 AM] CMake Language Server client: couldn't create connection to server.
  Message: Request initialize failed with message: Command failed: "/usr/bin/cmake" --system-information
CMake Error at /usr/share/cmake/Modules/CMakeDetermineSystem.cmake:225 (configure_file):
  No such file or directory
Call Stack (most recent call first):
  CMakeLists.txt:6 (project)


CMake Error: CMake was unable to find a build program corresponding to "Unix Makefiles".  CMAKE_MAKE_PROGRAM is not set.  You probably need to select a different build tool.
CMake Error: CMAKE_C_COMPILER not set, after EnableLanguage
CMake Error: CMAKE_CXX_COMPILER not set, after EnableLanguage
Error: --system-information failed on internal CMake!

  Code: -32603 
