[bookmarks] Loaded 0 bookmarks
[proc] Executing command: /usr/bin/cmake --version
[proc]   with environment: {"CHROME_DESKTOP":"codium.desktop","DBUS_SESSION_BUS_ADDRESS":"unix:path=/run/user/1000/bus","DEBUGINFOD_URLS":"https://debuginfod.archlinux.org ","DESKTOP_SESSION":"hyprland","DISPLAY":":1","EDITOR":"nvim","ELECTRON_NO_ATTACH_CONSOLE":"1","ELECTRON_OZONE_PLATFORM_HINT":"wayland","FC_FONTATIONS":"1","GDK_BACKEND":"wayland","GDK_SCALE":"1","HL_INITIAL_WORKSPACE_TOKEN":"81b14784-0c5c-461e-af6e-a50711629f81","HOME":"/home/iris","HYPRLAND_CMD":"Hyprland --watchdog-fd 4","HYPRLAND_INSTANCE_SIGNATURE":"4b07770b9ef1cceb2e6f56d33538aaffb9186b9c_1772981237_1038643159","LANG":"en_US.UTF-8","LOGNAME":"iris","MAIL":"/var/spool/mail/iris","MOTD_SHOWN":"pam","MOZ_ENABLE_WAYLAND":"1","NO_AT_BRIDGE":"1","PATH":"/home/iris/.spicetify:/usr/local/sbin:/usr/local/bin:/usr/bin:/usr/bin/site_perl:/usr/bin/vendor_perl:/usr/bin/core_perl:/usr/lib/rustup/bin","PWD":"/home/iris","QT_AUTO_SCREEN_SCALE_FACTOR":"1","QT_QPA_PLATFORM":"wayland;xcb","QT_QPA_PLATFORMTHEME":"qt6ct","QT_QUICK_CONTROLS_STYLE":"org.kde.desktop","QT_SCALE_FACTOR":"1","QT_WAYLAND_DISABLE_WINDOWDECORATION":"1","SDL_VIDEODRIVER":"wayland","SHELL":"/usr/bin/fish","SHLVL":"2","TERMINAL":"kitty -l","USER":"iris","VSCODE_CLI":"1","VSCODE_CODE_CACHE_PATH":"/home/iris/.config/VSCodium/CachedData/2a5b258b5b38d3d4c830bdaaa6e5c610eaacbd15","VSCODE_CRASH_REPORTER_PROCESS_TYPE":"extensionHost","VSCODE_CWD":"/home/iris","VSCODE_ESM_ENTRYPOINT":"vs/workbench/api/node/extensionHostProcess","VSCODE_HANDLES_UNCAUGHT_ERRORS":"true","VSCODE_IPC_HOOK":"/run/user/1000/vscode-79cee2d5-1.10-main.sock","VSCODE_NLS_CONFIG":"{\"userLocale\":\"en-us\",\"osLocale\":\"en-us\",\"resolvedLanguage\":\"en\",\"defaultMessagesFile\":\"/usr/share/vscodium/resources/app/out/nls.messages.json\",\"locale\":\"en-us\",\"availableLanguages\":{}}","VSCODE_PID":"605173","WAYLAND_DISPLAY":"wayland-1","WLR_RENDERER":"vulkan","WLR_RENDERER_ALLOW_SOFTWARE":"0","XDG_BACKEND":"wayland","XDG_CURRENT_DESKTOP":"Hyprland","XDG_RUNTIME_DIR":"/run/user/1000","XDG_SEAT":"seat0","XDG_SEAT_PATH":"/org/freedesktop/DisplayManager/Seat0","XDG_SESSION_CLASS":"user","XDG_SESSION_DESKTOP":"Hyprland","XDG_SESSION_ID":"2","XDG_SESSION_PATH":"/org/freedesktop/DisplayManager/Session1","XDG_SESSION_TYPE":"wayland","XDG_VTNR":"1","_":"/usr/share/vscodium/bin/../codium","_JAVA_AWT_WM_NONREPARENTING":"1","cacheDir":"/home/iris/.cache","confDir":"/home/iris/.config","dcolDir":"/home/iris/.cache/ivy-shell/shell","dunstDir":"/home/iris/.config/dunst","homDir":"/home/iris","hypr_border":"10","hypr_width":"2","hyprscrDir":"/home/iris/.config/hypr/scripts","ideCDir":"/home/iris/.cache/ivy-shell","ideDir":"/home/iris/.config/ivy-shell","localDir":"/home/iris/.local","rasiDir":"/home/iris/.config/rofi/shared","rofiAssetDir":"/home/iris/.config/rofi/shared/assets","rofiStyleDir":"/home/iris/.config/rofi/styles","wcDir":"/home/iris/.config/waybar","wlDir":"/home/iris/.config/waybar/Styles","ELECTRON_RUN_AS_NODE":"1"}
[proc] Executing command: /usr/bin/cmake -E capabilities
[proc]   with environment: {"CHROME_DESKTOP":"codium.desktop","DBUS_SESSION_BUS_ADDRESS":"unix:path=/run/user/1000/bus","DEBUGINFOD_URLS":"https://debuginfod.archlinux.org ","DESKTOP_SESSION":"hyprland","DISPLAY":":1","EDITOR":"nvim","ELECTRON_NO_ATTACH_CONSOLE":"1","ELECTRON_OZONE_PLATFORM_HINT":"wayland","FC_FONTATIONS":"1","GDK_BACKEND":"wayland","GDK_SCALE":"1","HL_INITIAL_WORKSPACE_TOKEN":"81b14784-0c5c-461e-af6e-a50711629f81","HOME":"/home/iris","HYPRLAND_CMD":"Hyprland --watchdog-fd 4","HYPRLAND_INSTANCE_SIGNATURE":"4b07770b9ef1cceb2e6f56d33538aaffb9186b9c_1772981237_1038643159","LANG":"en_US.UTF-8","LOGNAME":"iris","MAIL":"/var/spool/mail/iris","MOTD_SHOWN":"pam","MOZ_ENABLE_WAYLAND":"1","NO_AT_BRIDGE":"1","PATH":"/home/iris/.spicetify:/usr/local/sbin:/usr/local/bin:/usr/bin:/usr/bin/site_perl:/usr/bin/vendor_perl:/usr/bin/core_perl:/usr/lib/rustup/bin","PWD":"/home/iris","QT_AUTO_SCREEN_SCALE_FACTOR":"1","QT_QPA_PLATFORM":"wayland;xcb","QT_QPA_PLATFORMTHEME":"qt6ct","QT_QUICK_CONTROLS_STYLE":"org.kde.desktop","QT_SCALE_FACTOR":"1","QT_WAYLAND_DISABLE_WINDOWDECORATION":"1","SDL_VIDEODRIVER":"wayland","SHELL":"/usr/bin/fish","SHLVL":"2","TERMINAL":"kitty -l","USER":"iris","VSCODE_CLI":"1","VSCODE_CODE_CACHE_PATH":"/home/iris/.config/VSCodium/CachedData/2a5b258b5b38d3d4c830bdaaa6e5c610eaacbd15","VSCODE_CRASH_REPORTER_PROCESS_TYPE":"extensionHost","VSCODE_CWD":"/home/iris","VSCODE_ESM_ENTRYPOINT":"vs/workbench/api/node/extensionHostProcess","VSCODE_HANDLES_UNCAUGHT_ERRORS":"true","VSCODE_IPC_HOOK":"/run/user/1000/vscode-79cee2d5-1.10-main.sock","VSCODE_NLS_CONFIG":"{\"userLocale\":\"en-us\",\"osLocale\":\"en-us\",\"resolvedLanguage\":\"en\",\"defaultMessagesFile\":\"/usr/share/vscodium/resources/app/out/nls.messages.json\",\"locale\":\"en-us\",\"availableLanguages\":{}}","VSCODE_PID":"605173","WAYLAND_DISPLAY":"wayland-1","WLR_RENDERER":"vulkan","WLR_RENDERER_ALLOW_SOFTWARE":"0","XDG_BACKEND":"wayland","XDG_CURRENT_DESKTOP":"Hyprland","XDG_RUNTIME_DIR":"/run/user/1000","XDG_SEAT":"seat0","XDG_SEAT_PATH":"/org/freedesktop/DisplayManager/Seat0","XDG_SESSION_CLASS":"user","XDG_SESSION_DESKTOP":"Hyprland","XDG_SESSION_ID":"2","XDG_SESSION_PATH":"/org/freedesktop/DisplayManager/Session1","XDG_SESSION_TYPE":"wayland","XDG_VTNR":"1","_":"/usr/share/vscodium/bin/../codium","_JAVA_AWT_WM_NONREPARENTING":"1","cacheDir":"/home/iris/.cache","confDir":"/home/iris/.config","dcolDir":"/home/iris/.cache/ivy-shell/shell","dunstDir":"/home/iris/.config/dunst","homDir":"/home/iris","hypr_border":"10","hypr_width":"2","hyprscrDir":"/home/iris/.config/hypr/scripts","ideCDir":"/home/iris/.cache/ivy-shell","ideDir":"/home/iris/.config/ivy-shell","localDir":"/home/iris/.local","rasiDir":"/home/iris/.config/rofi/shared","rofiAssetDir":"/home/iris/.config/rofi/shared/assets","rofiStyleDir":"/home/iris/.config/rofi/styles","wcDir":"/home/iris/.config/waybar","wlDir":"/home/iris/.config/waybar/Styles","ELECTRON_RUN_AS_NODE":"1"}
[main] Safe constructing new CMakeProject instance
[variant] Constructing VariantManager
[main] Constructing new CMakeProject instance
[main] Starting CMake Tools second-phase init
[kit] Reading kits file /home/iris/.local/share/CMakeTools/cmake-tools-kits.json
[kit] Successfully loaded 3 kits from /home/iris/.local/share/CMakeTools/cmake-tools-kits.json
[kit] Not reading non-existent kits file: /home/iris/Desktop/.vscode/cmake-kits.json
[main] Injecting new Kit into CMake driver
[variant] Loaded new set of variants
[main] CMakeProject instance initialization complete.
[main] Safe constructing new CMakeProject instance
[variant] Constructing VariantManager
[main] Constructing new CMakeProject instance
[main] Starting CMake Tools second-phase init
[kit] Not reading non-existent kits file: /home/iris/Documents/.vscode/cmake-kits.json
[main] Injecting new Kit into CMake driver
[variant] Loaded new set of variants
[main] CMakeProject instance initialization complete.
[main] Safe constructing new CMakeProject instance
[variant] Constructing VariantManager
[main] Constructing new CMakeProject instance
[main] Starting CMake Tools second-phase init
[expand] expanded ${workspaceFolder}
[kit] Not reading non-existent kits file: /home/iris/Downloads/.vscode/cmake-kits.json
[variant] Loaded new set of variants
[main] CMakeProject instance initialization complete.
[main] Safe constructing new CMakeProject instance
[variant] Constructing VariantManager
[main] Constructing new CMakeProject instance
[main] Starting CMake Tools second-phase init
[expand] expanded ${workspaceFolder}
[extension] Configuring workspace on open /home/iris/Desktop
[main] Starting new CMake driver
[main] Starting CMake driver
[main] Using generator from user configuration: Ninja
[cmakefileapi-driver] Creating instance of CMakeFileApiDriver
[driver] Initializing base driver using kit
[kit] Testing Clang binary: /usr/bin/clang
[proc] Executing command: /usr/bin/clang -v
[kit] Not reading non-existent kits file: /home/iris/Music/.vscode/cmake-kits.json
[kit] Detected Clang compiler: /usr/bin/clang
[driver] CMakeDriver Kit set to Clang 21.1.6 x86_64-pc-linux-gnu
[kit] The environment for kit 'Clang 21.1.6 x86_64-pc-linux-gnu': {
  "CHROME_DESKTOP": "codium.desktop",
  "DBUS_SESSION_BUS_ADDRESS": "unix:path=/run/user/1000/bus",
  "DEBUGINFOD_URLS": "https://debuginfod.archlinux.org ",
  "DESKTOP_SESSION": "hyprland",
  "DISPLAY": ":1",
  "EDITOR": "nvim",
  "ELECTRON_NO_ATTACH_CONSOLE": "1",
  "ELECTRON_OZONE_PLATFORM_HINT": "wayland",
  "FC_FONTATIONS": "1",
  "GDK_BACKEND": "wayland",
  "GDK_SCALE": "1",
  "HL_INITIAL_WORKSPACE_TOKEN": "81b14784-0c5c-461e-af6e-a50711629f81",
  "HOME": "/home/iris",
  "HYPRLAND_CMD": "Hyprland --watchdog-fd 4",
  "HYPRLAND_INSTANCE_SIGNATURE": "4b07770b9ef1cceb2e6f56d33538aaffb9186b9c_1772981237_1038643159",
  "LANG": "en_US.UTF-8",
  "LOGNAME": "iris",
  "MAIL": "/var/spool/mail/iris",
  "MOTD_SHOWN": "pam",
  "MOZ_ENABLE_WAYLAND": "1",
  "NO_AT_BRIDGE": "1",
  "PATH": "/home/iris/.spicetify:/usr/local/sbin:/usr/local/bin:/usr/bin:/usr/bin/site_perl:/usr/bin/vendor_perl:/usr/bin/core_perl:/usr/lib/rustup/bin",
  "PWD": "/home/iris",
  "QT_AUTO_SCREEN_SCALE_FACTOR": "1",
  "QT_QPA_PLATFORM": "wayland;xcb",
  "QT_QPA_PLATFORMTHEME": "qt6ct",
  "QT_QUICK_CONTROLS_STYLE": "org.kde.desktop",
  "QT_SCALE_FACTOR": "1",
  "QT_WAYLAND_DISABLE_WINDOWDECORATION": "1",
  "SDL_VIDEODRIVER": "wayland",
  "SHELL": "/usr/bin/fish",
  "SHLVL": "2",
  "TERMINAL": "kitty -l",
  "USER": "iris",
  "VSCODE_CLI": "1",
  "VSCODE_CODE_CACHE_PATH": "/home/iris/.config/VSCodium/CachedData/2a5b258b5b38d3d4c830bdaaa6e5c610eaacbd15",
  "VSCODE_CRASH_REPORTER_PROCESS_TYPE": "extensionHost",
  "VSCODE_CWD": "/home/iris",
  "VSCODE_ESM_ENTRYPOINT": "vs/workbench/api/node/extensionHostProcess",
  "VSCODE_HANDLES_UNCAUGHT_ERRORS": "true",
  "VSCODE_IPC_HOOK": "/run/user/1000/vscode-79cee2d5-1.10-main.sock",
  "VSCODE_NLS_CONFIG": "{\"userLocale\":\"en-us\",\"osLocale\":\"en-us\",\"resolvedLanguage\":\"en\",\"defaultMessagesFile\":\"/usr/share/vscodium/resources/app/out/nls.messages.json\",\"locale\":\"en-us\",\"availableLanguages\":{}}",
  "VSCODE_PID": "605173",
  "WAYLAND_DISPLAY": "wayland-1",
  "WLR_RENDERER": "vulkan",
  "WLR_RENDERER_ALLOW_SOFTWARE": "0",
  "XDG_BACKEND": "wayland",
  "XDG_CURRENT_DESKTOP": "Hyprland",
  "XDG_RUNTIME_DIR": "/run/user/1000",
  "XDG_SEAT": "seat0",
  "XDG_SEAT_PATH": "/org/freedesktop/DisplayManager/Seat0",
  "XDG_SESSION_CLASS": "user",
  "XDG_SESSION_DESKTOP": "Hyprland",
  "XDG_SESSION_ID": "2",
  "XDG_SESSION_PATH": "/org/freedesktop/DisplayManager/Session1",
  "XDG_SESSION_TYPE": "wayland",
  "XDG_VTNR": "1",
  "_": "/usr/share/vscodium/bin/../codium",
  "_JAVA_AWT_WM_NONREPARENTING": "1",
  "cacheDir": "/home/iris/.cache",
  "confDir": "/home/iris/.config",
  "dcolDir": "/home/iris/.cache/ivy-shell/shell",
  "dunstDir": "/home/iris/.config/dunst",
  "homDir": "/home/iris",
  "hypr_border": "10",
  "hypr_width": "2",
  "hyprscrDir": "/home/iris/.config/hypr/scripts",
  "ideCDir": "/home/iris/.cache/ivy-shell",
  "ideDir": "/home/iris/.config/ivy-shell",
  "localDir": "/home/iris/.local",
  "rasiDir": "/home/iris/.config/rofi/shared",
  "rofiAssetDir": "/home/iris/.config/rofi/shared/assets",
  "rofiStyleDir": "/home/iris/.config/rofi/styles",
  "wcDir": "/home/iris/.config/waybar",
  "wlDir": "/home/iris/.config/waybar/Styles",
  "ELECTRON_RUN_AS_NODE": "1"
}
[expand] expanded ${workspaceFolder}/build
[cache] Reading CMake cache file /home/iris/Desktop/build/CMakeCache.txt
[extension] Configuring workspace on open /home/iris/Documents
[cache] Parsing CMake cache string
[cache] Reading CMake cache file /home/iris/Desktop/build/CMakeCache.txt
[main] Starting new CMake driver
[main] Starting CMake driver
[main] Using generator from user configuration: Ninja
[cmakefileapi-driver] Creating instance of CMakeFileApiDriver
[driver] Initializing base driver using kit
[driver] CMakeDriver Kit set to __unspec__
[kit] The environment for kit '__unspec__': {
  "CHROME_DESKTOP": "codium.desktop",
  "DBUS_SESSION_BUS_ADDRESS": "unix:path=/run/user/1000/bus",
  "DEBUGINFOD_URLS": "https://debuginfod.archlinux.org ",
  "DESKTOP_SESSION": "hyprland",
  "DISPLAY": ":1",
  "EDITOR": "nvim",
  "ELECTRON_NO_ATTACH_CONSOLE": "1",
  "ELECTRON_OZONE_PLATFORM_HINT": "wayland",
  "FC_FONTATIONS": "1",
  "GDK_BACKEND": "wayland",
  "GDK_SCALE": "1",
  "HL_INITIAL_WORKSPACE_TOKEN": "81b14784-0c5c-461e-af6e-a50711629f81",
  "HOME": "/home/iris",
  "HYPRLAND_CMD": "Hyprland --watchdog-fd 4",
  "HYPRLAND_INSTANCE_SIGNATURE": "4b07770b9ef1cceb2e6f56d33538aaffb9186b9c_1772981237_1038643159",
  "LANG": "en_US.UTF-8",
  "LOGNAME": "iris",
  "MAIL": "/var/spool/mail/iris",
  "MOTD_SHOWN": "pam",
  "MOZ_ENABLE_WAYLAND": "1",
  "NO_AT_BRIDGE": "1",
  "PATH": "/home/iris/.spicetify:/usr/local/sbin:/usr/local/bin:/usr/bin:/usr/bin/site_perl:/usr/bin/vendor_perl:/usr/bin/core_perl:/usr/lib/rustup/bin",
  "PWD": "/home/iris",
  "QT_AUTO_SCREEN_SCALE_FACTOR": "1",
  "QT_QPA_PLATFORM": "wayland;xcb",
  "QT_QPA_PLATFORMTHEME": "qt6ct",
  "QT_QUICK_CONTROLS_STYLE": "org.kde.desktop",
  "QT_SCALE_FACTOR": "1",
  "QT_WAYLAND_DISABLE_WINDOWDECORATION": "1",
  "SDL_VIDEODRIVER": "wayland",
  "SHELL": "/usr/bin/fish",
  "SHLVL": "2",
  "TERMINAL": "kitty -l",
  "USER": "iris",
  "VSCODE_CLI": "1",
  "VSCODE_CODE_CACHE_PATH": "/home/iris/.config/VSCodium/CachedData/2a5b258b5b38d3d4c830bdaaa6e5c610eaacbd15",
  "VSCODE_CRASH_REPORTER_PROCESS_TYPE": "extensionHost",
  "VSCODE_CWD": "/home/iris",
  "VSCODE_ESM_ENTRYPOINT": "vs/workbench/api/node/extensionHostProcess",
  "VSCODE_HANDLES_UNCAUGHT_ERRORS": "true",
  "VSCODE_IPC_HOOK": "/run/user/1000/vscode-79cee2d5-1.10-main.sock",
  "VSCODE_NLS_CONFIG": "{\"userLocale\":\"en-us\",\"osLocale\":\"en-us\",\"resolvedLanguage\":\"en\",\"defaultMessagesFile\":\"/usr/share/vscodium/resources/app/out/nls.messages.json\",\"locale\":\"en-us\",\"availableLanguages\":{}}",
  "VSCODE_PID": "605173",
  "WAYLAND_DISPLAY": "wayland-1",
  "WLR_RENDERER": "vulkan",
  "WLR_RENDERER_ALLOW_SOFTWARE": "0",
  "XDG_BACKEND": "wayland",
  "XDG_CURRENT_DESKTOP": "Hyprland",
  "XDG_RUNTIME_DIR": "/run/user/1000",
  "XDG_SEAT": "seat0",
  "XDG_SEAT_PATH": "/org/freedesktop/DisplayManager/Seat0",
  "XDG_SESSION_CLASS": "user",
  "XDG_SESSION_DESKTOP": "Hyprland",
  "XDG_SESSION_ID": "2",
  "XDG_SESSION_PATH": "/org/freedesktop/DisplayManager/Session1",
  "XDG_SESSION_TYPE": "wayland",
  "XDG_VTNR": "1",
  "_": "/usr/share/vscodium/bin/../codium",
  "_JAVA_AWT_WM_NONREPARENTING": "1",
  "cacheDir": "/home/iris/.cache",
  "confDir": "/home/iris/.config",
  "dcolDir": "/home/iris/.cache/ivy-shell/shell",
  "dunstDir": "/home/iris/.config/dunst",
  "homDir": "/home/iris",
  "hypr_border": "10",
  "hypr_width": "2",
  "hyprscrDir": "/home/iris/.config/hypr/scripts",
  "ideCDir": "/home/iris/.cache/ivy-shell",
  "ideDir": "/home/iris/.config/ivy-shell",
  "localDir": "/home/iris/.local",
  "rasiDir": "/home/iris/.config/rofi/shared",
  "rofiAssetDir": "/home/iris/.config/rofi/shared/assets",
  "rofiStyleDir": "/home/iris/.config/rofi/styles",
  "wcDir": "/home/iris/.config/waybar",
  "wlDir": "/home/iris/.config/waybar/Styles",
  "ELECTRON_RUN_AS_NODE": "1"
}
[expand] expanded ${workspaceFolder}/build
[driver] Setting new variant Debug
[variant] Loaded new set of variants
[main] CMakeProject instance initialization complete.
[main] Safe constructing new CMakeProject instance
[variant] Constructing VariantManager
[main] Constructing new CMakeProject instance
[main] Starting CMake Tools second-phase init
[cache] Parsing CMake cache string
[cmakefileapi-parser] Read reply folder: /home/iris/Desktop/build/.cmake/api/v1/reply
[expand] expanded ${workspaceFolder}/build
[main] Configuring project: Documents 
[main] Saving open files before configure/build
[cmakefileapi-parser] Found index files: ["cache-v2-3d3c4097f72e3286ad8e.json","cmakeFiles-v1-c934ed71f680f831ce88.json","codemodel-v2-d1bf3eae08234a9ea7ae.json","directory-.-Debug-9ad1a58d4644cf6543fa.json","index-2026-03-08T17-58-42-0507.json","target-Project1.app-Debug-eaae560083b0a2705d07.json","toolchains-v1-3a519d20a814cf9d3ac1.json"]
[kit] Not reading non-existent kits file: /home/iris/Pictures/.vscode/cmake-kits.json
[expand] expanded ${workspaceFolder}/build
[driver] Start configure 
[driver] Running pre-configure checks and steps
[expand] expanded ${workspaceFolder}/build
[variant] Loaded new set of variants
[main] CMakeProject instance initialization complete.
[main] Safe constructing new CMakeProject instance
[variant] Constructing VariantManager
[main] Constructing new CMakeProject instance
[main] Starting CMake Tools second-phase init
[expand] expanded ${workspaceFolder}
[kit] Not reading non-existent kits file: /home/iris/Public/.vscode/cmake-kits.json
[extension] Configuring workspace on open /home/iris/Pictures
[variant] Loaded new set of variants
[main] CMakeProject instance initialization complete.
[main] Safe constructing new CMakeProject instance
[variant] Constructing VariantManager
[main] Constructing new CMakeProject instance
[main] Starting CMake Tools second-phase init
[cmakefileapi-driver] Configuring using kit
[cmakefileapi-driver] Invoking CMake /usr/bin/cmake with arguments ["-DCMAKE_BUILD_TYPE:STRING=Debug","-DCMAKE_EXPORT_COMPILE_COMMANDS:BOOL=TRUE","--no-warn-unused-cli","-S","/home/iris/Desktop/Project1","-B","/home/iris/Documents/build","-G","Ninja"]
[proc] Executing command: /usr/bin/cmake -DCMAKE_BUILD_TYPE:STRING=Debug -DCMAKE_EXPORT_COMPILE_COMMANDS:BOOL=TRUE --no-warn-unused-cli -S /home/iris/Desktop/Project1 -B /home/iris/Documents/build -G Ninja
[proc]   with environment: {"CHROME_DESKTOP":"codium.desktop","DBUS_SESSION_BUS_ADDRESS":"unix:path=/run/user/1000/bus","DEBUGINFOD_URLS":"https://debuginfod.archlinux.org ","DESKTOP_SESSION":"hyprland","DISPLAY":":1","EDITOR":"nvim","ELECTRON_NO_ATTACH_CONSOLE":"1","ELECTRON_OZONE_PLATFORM_HINT":"wayland","FC_FONTATIONS":"1","GDK_BACKEND":"wayland","GDK_SCALE":"1","HL_INITIAL_WORKSPACE_TOKEN":"81b14784-0c5c-461e-af6e-a50711629f81","HOME":"/home/iris","HYPRLAND_CMD":"Hyprland --watchdog-fd 4","HYPRLAND_INSTANCE_SIGNATURE":"4b07770b9ef1cceb2e6f56d33538aaffb9186b9c_1772981237_1038643159","LANG":"en_US.UTF-8","LOGNAME":"iris","MAIL":"/var/spool/mail/iris","MOTD_SHOWN":"pam","MOZ_ENABLE_WAYLAND":"1","NO_AT_BRIDGE":"1","PATH":"/home/iris/.spicetify:/usr/local/sbin:/usr/local/bin:/usr/bin:/usr/bin/site_perl:/usr/bin/vendor_perl:/usr/bin/core_perl:/usr/lib/rustup/bin","PWD":"/home/iris","QT_AUTO_SCREEN_SCALE_FACTOR":"1","QT_QPA_PLATFORM":"wayland;xcb","QT_QPA_PLATFORMTHEME":"qt6ct","QT_QUICK_CONTROLS_STYLE":"org.kde.desktop","QT_SCALE_FACTOR":"1","QT_WAYLAND_DISABLE_WINDOWDECORATION":"1","SDL_VIDEODRIVER":"wayland","SHELL":"/usr/bin/fish","SHLVL":"2","TERMINAL":"kitty -l","USER":"iris","VSCODE_CLI":"1","VSCODE_CODE_CACHE_PATH":"/home/iris/.config/VSCodium/CachedData/2a5b258b5b38d3d4c830bdaaa6e5c610eaacbd15","VSCODE_CRASH_REPORTER_PROCESS_TYPE":"extensionHost","VSCODE_CWD":"/home/iris","VSCODE_ESM_ENTRYPOINT":"vs/workbench/api/node/extensionHostProcess","VSCODE_HANDLES_UNCAUGHT_ERRORS":"true","VSCODE_IPC_HOOK":"/run/user/1000/vscode-79cee2d5-1.10-main.sock","VSCODE_NLS_CONFIG":"{\"userLocale\":\"en-us\",\"osLocale\":\"en-us\",\"resolvedLanguage\":\"en\",\"defaultMessagesFile\":\"/usr/share/vscodium/resources/app/out/nls.messages.json\",\"locale\":\"en-us\",\"availableLanguages\":{}}","VSCODE_PID":"605173","WAYLAND_DISPLAY":"wayland-1","WLR_RENDERER":"vulkan","WLR_RENDERER_ALLOW_SOFTWARE":"0","XDG_BACKEND":"wayland","XDG_CURRENT_DESKTOP":"Hyprland","XDG_RUNTIME_DIR":"/run/user/1000","XDG_SEAT":"seat0","XDG_SEAT_PATH":"/org/freedesktop/DisplayManager/Seat0","XDG_SESSION_CLASS":"user","XDG_SESSION_DESKTOP":"Hyprland","XDG_SESSION_ID":"2","XDG_SESSION_PATH":"/org/freedesktop/DisplayManager/Session1","XDG_SESSION_TYPE":"wayland","XDG_VTNR":"1","_":"/usr/share/vscodium/bin/../codium","_JAVA_AWT_WM_NONREPARENTING":"1","cacheDir":"/home/iris/.cache","confDir":"/home/iris/.config","dcolDir":"/home/iris/.cache/ivy-shell/shell","dunstDir":"/home/iris/.config/dunst","homDir":"/home/iris","hypr_border":"10","hypr_width":"2","hyprscrDir":"/home/iris/.config/hypr/scripts","ideCDir":"/home/iris/.cache/ivy-shell","ideDir":"/home/iris/.config/ivy-shell","localDir":"/home/iris/.local","rasiDir":"/home/iris/.config/rofi/shared","rofiAssetDir":"/home/iris/.config/rofi/shared/assets","rofiStyleDir":"/home/iris/.config/rofi/styles","wcDir":"/home/iris/.config/waybar","wlDir":"/home/iris/.config/waybar/Styles","ELECTRON_RUN_AS_NODE":"1"}
[kit] Not reading non-existent kits file: /home/iris/Templates/.vscode/cmake-kits.json
[kitsController] Start selection of kits. Found 6 kits.
[kitsController] Opening kit selection QuickPick
[main] Injecting new Kit into CMake driver
[variant] Loaded new set of variants
[main] CMakeProject instance initialization complete.
[main] Safe constructing new CMakeProject instance
[variant] Constructing VariantManager
[main] Constructing new CMakeProject instance
[main] Starting CMake Tools second-phase init
[expand] expanded ${workspaceFolder}
[kit] Not reading non-existent kits file: /home/iris/Videos/.vscode/cmake-kits.json
[driver] Setting new variant Debug
[cmake] Not searching for unused variables given on the command line.
[cmake] -- The CXX compiler identification is GNU 15.2.1
[expand] expanded ${workspaceFolder}/build
[variant] Loaded new set of variants
[main] CMakeProject instance initialization complete.
[main] Configuring project: Desktop 
[main] Saving open files before configure/build
[cmake] -- Detecting CXX compiler ABI info
[expand] expanded ${workspaceFolder}/build
[driver] Start configure 
[driver] Running pre-configure checks and steps
[driver] Using compilers in Clang 21.1.6 x86_64-pc-linux-gnu for configure
[expand] expanded ${workspaceFolder}/build
[extension] Configuring workspace on open /home/iris/Templates
[cmakefileapi-driver] Configuring using kit
[cmakefileapi-driver] Invoking CMake /usr/bin/cmake with arguments ["-DCMAKE_BUILD_TYPE:STRING=Debug","-DCMAKE_EXPORT_COMPILE_COMMANDS:BOOL=TRUE","-DCMAKE_C_COMPILER:FILEPATH=/usr/bin/clang","-DCMAKE_CXX_COMPILER:FILEPATH=/usr/bin/clang++","--no-warn-unused-cli","-S","/home/iris/Desktop/Project1","-B","/home/iris/Desktop/build","-G","Ninja"]
[proc] Executing command: /usr/bin/cmake -DCMAKE_BUILD_TYPE:STRING=Debug -DCMAKE_EXPORT_COMPILE_COMMANDS:BOOL=TRUE -DCMAKE_C_COMPILER:FILEPATH=/usr/bin/clang -DCMAKE_CXX_COMPILER:FILEPATH=/usr/bin/clang++ --no-warn-unused-cli -S /home/iris/Desktop/Project1 -B /home/iris/Desktop/build -G Ninja
[proc]   with environment: {"CHROME_DESKTOP":"codium.desktop","DBUS_SESSION_BUS_ADDRESS":"unix:path=/run/user/1000/bus","DEBUGINFOD_URLS":"https://debuginfod.archlinux.org ","DESKTOP_SESSION":"hyprland","DISPLAY":":1","EDITOR":"nvim","ELECTRON_NO_ATTACH_CONSOLE":"1","ELECTRON_OZONE_PLATFORM_HINT":"wayland","FC_FONTATIONS":"1","GDK_BACKEND":"wayland","GDK_SCALE":"1","HL_INITIAL_WORKSPACE_TOKEN":"81b14784-0c5c-461e-af6e-a50711629f81","HOME":"/home/iris","HYPRLAND_CMD":"Hyprland --watchdog-fd 4","HYPRLAND_INSTANCE_SIGNATURE":"4b07770b9ef1cceb2e6f56d33538aaffb9186b9c_1772981237_1038643159","LANG":"en_US.UTF-8","LOGNAME":"iris","MAIL":"/var/spool/mail/iris","MOTD_SHOWN":"pam","MOZ_ENABLE_WAYLAND":"1","NO_AT_BRIDGE":"1","PATH":"/home/iris/.spicetify:/usr/local/sbin:/usr/local/bin:/usr/bin:/usr/bin/site_perl:/usr/bin/vendor_perl:/usr/bin/core_perl:/usr/lib/rustup/bin","PWD":"/home/iris","QT_AUTO_SCREEN_SCALE_FACTOR":"1","QT_QPA_PLATFORM":"wayland;xcb","QT_QPA_PLATFORMTHEME":"qt6ct","QT_QUICK_CONTROLS_STYLE":"org.kde.desktop","QT_SCALE_FACTOR":"1","QT_WAYLAND_DISABLE_WINDOWDECORATION":"1","SDL_VIDEODRIVER":"wayland","SHELL":"/usr/bin/fish","SHLVL":"2","TERMINAL":"kitty -l","USER":"iris","VSCODE_CLI":"1","VSCODE_CODE_CACHE_PATH":"/home/iris/.config/VSCodium/CachedData/2a5b258b5b38d3d4c830bdaaa6e5c610eaacbd15","VSCODE_CRASH_REPORTER_PROCESS_TYPE":"extensionHost","VSCODE_CWD":"/home/iris","VSCODE_ESM_ENTRYPOINT":"vs/workbench/api/node/extensionHostProcess","VSCODE_HANDLES_UNCAUGHT_ERRORS":"true","VSCODE_IPC_HOOK":"/run/user/1000/vscode-79cee2d5-1.10-main.sock","VSCODE_NLS_CONFIG":"{\"userLocale\":\"en-us\",\"osLocale\":\"en-us\",\"resolvedLanguage\":\"en\",\"defaultMessagesFile\":\"/usr/share/vscodium/resources/app/out/nls.messages.json\",\"locale\":\"en-us\",\"availableLanguages\":{}}","VSCODE_PID":"605173","WAYLAND_DISPLAY":"wayland-1","WLR_RENDERER":"vulkan","WLR_RENDERER_ALLOW_SOFTWARE":"0","XDG_BACKEND":"wayland","XDG_CURRENT_DESKTOP":"Hyprland","XDG_RUNTIME_DIR":"/run/user/1000","XDG_SEAT":"seat0","XDG_SEAT_PATH":"/org/freedesktop/DisplayManager/Seat0","XDG_SESSION_CLASS":"user","XDG_SESSION_DESKTOP":"Hyprland","XDG_SESSION_ID":"2","XDG_SESSION_PATH":"/org/freedesktop/DisplayManager/Session1","XDG_SESSION_TYPE":"wayland","XDG_VTNR":"1","_":"/usr/share/vscodium/bin/../codium","_JAVA_AWT_WM_NONREPARENTING":"1","cacheDir":"/home/iris/.cache","confDir":"/home/iris/.config","dcolDir":"/home/iris/.cache/ivy-shell/shell","dunstDir":"/home/iris/.config/dunst","homDir":"/home/iris","hypr_border":"10","hypr_width":"2","hyprscrDir":"/home/iris/.config/hypr/scripts","ideCDir":"/home/iris/.cache/ivy-shell","ideDir":"/home/iris/.config/ivy-shell","localDir":"/home/iris/.local","rasiDir":"/home/iris/.config/rofi/shared","rofiAssetDir":"/home/iris/.config/rofi/shared/assets","rofiStyleDir":"/home/iris/.config/rofi/styles","wcDir":"/home/iris/.config/waybar","wlDir":"/home/iris/.config/waybar/Styles","ELECTRON_RUN_AS_NODE":"1"}
[main] Starting new CMake driver
[main] Starting CMake driver
[main] Using generator from user configuration: Ninja
[cmakefileapi-driver] Creating instance of CMakeFileApiDriver
[driver] Initializing base driver using kit
[kit] Testing Clang binary: /usr/bin/clang
[proc] Executing command: /usr/bin/clang -v
[kit] Detected Clang compiler: /usr/bin/clang
[driver] CMakeDriver Kit set to Clang 21.1.6 x86_64-pc-linux-gnu
[kit] The environment for kit 'Clang 21.1.6 x86_64-pc-linux-gnu': {
  "CHROME_DESKTOP": "codium.desktop",
  "DBUS_SESSION_BUS_ADDRESS": "unix:path=/run/user/1000/bus",
  "DEBUGINFOD_URLS": "https://debuginfod.archlinux.org ",
  "DESKTOP_SESSION": "hyprland",
  "DISPLAY": ":1",
  "EDITOR": "nvim",
  "ELECTRON_NO_ATTACH_CONSOLE": "1",
  "ELECTRON_OZONE_PLATFORM_HINT": "wayland",
  "FC_FONTATIONS": "1",
  "GDK_BACKEND": "wayland",
  "GDK_SCALE": "1",
  "HL_INITIAL_WORKSPACE_TOKEN": "81b14784-0c5c-461e-af6e-a50711629f81",
  "HOME": "/home/iris",
  "HYPRLAND_CMD": "Hyprland --watchdog-fd 4",
  "HYPRLAND_INSTANCE_SIGNATURE": "4b07770b9ef1cceb2e6f56d33538aaffb9186b9c_1772981237_1038643159",
  "LANG": "en_US.UTF-8",
  "LOGNAME": "iris",
  "MAIL": "/var/spool/mail/iris",
  "MOTD_SHOWN": "pam",
  "MOZ_ENABLE_WAYLAND": "1",
  "NO_AT_BRIDGE": "1",
  "PATH": "/home/iris/.spicetify:/usr/local/sbin:/usr/local/bin:/usr/bin:/usr/bin/site_perl:/usr/bin/vendor_perl:/usr/bin/core_perl:/usr/lib/rustup/bin",
  "PWD": "/home/iris",
  "QT_AUTO_SCREEN_SCALE_FACTOR": "1",
  "QT_QPA_PLATFORM": "wayland;xcb",
  "QT_QPA_PLATFORMTHEME": "qt6ct",
  "QT_QUICK_CONTROLS_STYLE": "org.kde.desktop",
  "QT_SCALE_FACTOR": "1",
  "QT_WAYLAND_DISABLE_WINDOWDECORATION": "1",
  "SDL_VIDEODRIVER": "wayland",
  "SHELL": "/usr/bin/fish",
  "SHLVL": "2",
  "TERMINAL": "kitty -l",
  "USER": "iris",
  "VSCODE_CLI": "1",
  "VSCODE_CODE_CACHE_PATH": "/home/iris/.config/VSCodium/CachedData/2a5b258b5b38d3d4c830bdaaa6e5c610eaacbd15",
  "VSCODE_CRASH_REPORTER_PROCESS_TYPE": "extensionHost",
  "VSCODE_CWD": "/home/iris",
  "VSCODE_ESM_ENTRYPOINT": "vs/workbench/api/node/extensionHostProcess",
  "VSCODE_HANDLES_UNCAUGHT_ERRORS": "true",
  "VSCODE_IPC_HOOK": "/run/user/1000/vscode-79cee2d5-1.10-main.sock",
  "VSCODE_NLS_CONFIG": "{\"userLocale\":\"en-us\",\"osLocale\":\"en-us\",\"resolvedLanguage\":\"en\",\"defaultMessagesFile\":\"/usr/share/vscodium/resources/app/out/nls.messages.json\",\"locale\":\"en-us\",\"availableLanguages\":{}}",
  "VSCODE_PID": "605173",
  "WAYLAND_DISPLAY": "wayland-1",
  "WLR_RENDERER": "vulkan",
  "WLR_RENDERER_ALLOW_SOFTWARE": "0",
  "XDG_BACKEND": "wayland",
  "XDG_CURRENT_DESKTOP": "Hyprland",
  "XDG_RUNTIME_DIR": "/run/user/1000",
  "XDG_SEAT": "seat0",
  "XDG_SEAT_PATH": "/org/freedesktop/DisplayManager/Seat0",
  "XDG_SESSION_CLASS": "user",
  "XDG_SESSION_DESKTOP": "Hyprland",
  "XDG_SESSION_ID": "2",
  "XDG_SESSION_PATH": "/org/freedesktop/DisplayManager/Session1",
  "XDG_SESSION_TYPE": "wayland",
  "XDG_VTNR": "1",
  "_": "/usr/share/vscodium/bin/../codium",
  "_JAVA_AWT_WM_NONREPARENTING": "1",
  "cacheDir": "/home/iris/.cache",
  "confDir": "/home/iris/.config",
  "dcolDir": "/home/iris/.cache/ivy-shell/shell",
  "dunstDir": "/home/iris/.config/dunst",
  "homDir": "/home/iris",
  "hypr_border": "10",
  "hypr_width": "2",
  "hyprscrDir": "/home/iris/.config/hypr/scripts",
  "ideCDir": "/home/iris/.cache/ivy-shell",
  "ideDir": "/home/iris/.config/ivy-shell",
  "localDir": "/home/iris/.local",
  "rasiDir": "/home/iris/.config/rofi/shared",
  "rofiAssetDir": "/home/iris/.config/rofi/shared/assets",
  "rofiStyleDir": "/home/iris/.config/rofi/styles",
  "wcDir": "/home/iris/.config/waybar",
  "wlDir": "/home/iris/.config/waybar/Styles",
  "ELECTRON_RUN_AS_NODE": "1"
}
[expand] expanded ${workspaceFolder}/build
[cache] Reading CMake cache file /home/iris/Templates/build/CMakeCache.txt
[cache] Parsing CMake cache string
[cache] Reading CMake cache file /home/iris/Templates/build/CMakeCache.txt
[cmake] Not searching for unused variables given on the command line.
[cmake] -- Configuring done (0.3s)
[cmake] CMake Error at CMakeLists.txt:34 (target_sources):
[cmake]   Cannot find source file:
[cmake] 
[cmake]     src/main.cpp
[cmake] 
[cmake] 
[cmake] CMake Error at CMakeLists.txt:9 (add_executable):
[cmake]   No SOURCES given to target: Project1.app
[cmake] 
[cmake] 
[cmake] CMake Generate step failed.  Build files cannot be regenerated correctly.
[proc] The command: /usr/bin/cmake -DCMAKE_BUILD_TYPE:STRING=Debug -DCMAKE_EXPORT_COMPILE_COMMANDS:BOOL=TRUE -DCMAKE_C_COMPILER:FILEPATH=/usr/bin/clang -DCMAKE_CXX_COMPILER:FILEPATH=/usr/bin/clang++ --no-warn-unused-cli -S /home/iris/Desktop/Project1 -B /home/iris/Desktop/build -G Ninja exited with code: 1
[cmake] -- Detecting CXX compiler ABI info - done
[cache] Parsing CMake cache string
[cmakefileapi-parser] Read reply folder: /home/iris/Templates/build/.cmake/api/v1/reply
[cmake] -- Check for working CXX compiler: /usr/bin/c++ - skipped
[cmake] -- Detecting CXX compile features
[cmakefileapi-parser] Found index files: ["cache-v2-1630728b49c91005c0d8.json","cmakeFiles-v1-8500e3b194fdcbd12a62.json","codemodel-v2-fc7baa3c2e6713eb0510.json","directory-.-Debug-9ad1a58d4644cf6543fa.json","index-2026-03-08T17-58-42-0068.json","target-a.out-Debug-2ce63036c42a6a58c5bf.json","toolchains-v1-35a93553c3195ba7a020.json"]
[cmake] -- Detecting CXX compile features - done
[cmake] -- Configuring done (1.8s)
[cmake] CMake Error at CMakeLists.txt:34 (target_sources):
[cmake]   Cannot find source file:
[cmake] 
[cmake]     src/main.cpp
[cmake] 
[cmake] 
[cmake] CMake Error at CMakeLists.txt:9 (add_executable):
[cmake]   No SOURCES given to target: Project1.app
[cmake] 
[cmake] 
[cmake] CMake Generate step failed.  Build files cannot be regenerated correctly.
[proc] The command: /usr/bin/cmake -DCMAKE_BUILD_TYPE:STRING=Debug -DCMAKE_EXPORT_COMPILE_COMMANDS:BOOL=TRUE --no-warn-unused-cli -S /home/iris/Desktop/Project1 -B /home/iris/Documents/build -G Ninja exited with code: 1
[driver] Setting new variant Debug
[expand] expanded ${workspaceFolder}/build
[main] Configuring project: Templates 
[main] Saving open files before configure/build
[expand] expanded ${workspaceFolder}/build
[driver] Start configure 
[driver] Running pre-configure checks and steps
[driver] Using compilers in Clang 21.1.6 x86_64-pc-linux-gnu for configure
[expand] expanded ${workspaceFolder}/build
[cmakefileapi-driver] Configuring using kit
[cmakefileapi-driver] Invoking CMake /usr/bin/cmake with arguments ["-DCMAKE_BUILD_TYPE:STRING=Debug","-DCMAKE_EXPORT_COMPILE_COMMANDS:BOOL=TRUE","-DCMAKE_C_COMPILER:FILEPATH=/usr/bin/clang","-DCMAKE_CXX_COMPILER:FILEPATH=/usr/bin/clang++","--no-warn-unused-cli","-S","/home/iris/Templates/Nullix","-B","/home/iris/Templates/build","-G","Ninja"]
[proc] Executing command: /usr/bin/cmake -DCMAKE_BUILD_TYPE:STRING=Debug -DCMAKE_EXPORT_COMPILE_COMMANDS:BOOL=TRUE -DCMAKE_C_COMPILER:FILEPATH=/usr/bin/clang -DCMAKE_CXX_COMPILER:FILEPATH=/usr/bin/clang++ --no-warn-unused-cli -S /home/iris/Templates/Nullix -B /home/iris/Templates/build -G Ninja
[proc]   with environment: {"CHROME_DESKTOP":"codium.desktop","DBUS_SESSION_BUS_ADDRESS":"unix:path=/run/user/1000/bus","DEBUGINFOD_URLS":"https://debuginfod.archlinux.org ","DESKTOP_SESSION":"hyprland","DISPLAY":":1","EDITOR":"nvim","ELECTRON_NO_ATTACH_CONSOLE":"1","ELECTRON_OZONE_PLATFORM_HINT":"wayland","FC_FONTATIONS":"1","GDK_BACKEND":"wayland","GDK_SCALE":"1","HL_INITIAL_WORKSPACE_TOKEN":"81b14784-0c5c-461e-af6e-a50711629f81","HOME":"/home/iris","HYPRLAND_CMD":"Hyprland --watchdog-fd 4","HYPRLAND_INSTANCE_SIGNATURE":"4b07770b9ef1cceb2e6f56d33538aaffb9186b9c_1772981237_1038643159","LANG":"en_US.UTF-8","LOGNAME":"iris","MAIL":"/var/spool/mail/iris","MOTD_SHOWN":"pam","MOZ_ENABLE_WAYLAND":"1","NO_AT_BRIDGE":"1","PATH":"/home/iris/.spicetify:/usr/local/sbin:/usr/local/bin:/usr/bin:/usr/bin/site_perl:/usr/bin/vendor_perl:/usr/bin/core_perl:/usr/lib/rustup/bin","PWD":"/home/iris","QT_AUTO_SCREEN_SCALE_FACTOR":"1","QT_QPA_PLATFORM":"wayland;xcb","QT_QPA_PLATFORMTHEME":"qt6ct","QT_QUICK_CONTROLS_STYLE":"org.kde.desktop","QT_SCALE_FACTOR":"1","QT_WAYLAND_DISABLE_WINDOWDECORATION":"1","SDL_VIDEODRIVER":"wayland","SHELL":"/usr/bin/fish","SHLVL":"2","TERMINAL":"kitty -l","USER":"iris","VSCODE_CLI":"1","VSCODE_CODE_CACHE_PATH":"/home/iris/.config/VSCodium/CachedData/2a5b258b5b38d3d4c830bdaaa6e5c610eaacbd15","VSCODE_CRASH_REPORTER_PROCESS_TYPE":"extensionHost","VSCODE_CWD":"/home/iris","VSCODE_ESM_ENTRYPOINT":"vs/workbench/api/node/extensionHostProcess","VSCODE_HANDLES_UNCAUGHT_ERRORS":"true","VSCODE_IPC_HOOK":"/run/user/1000/vscode-79cee2d5-1.10-main.sock","VSCODE_NLS_CONFIG":"{\"userLocale\":\"en-us\",\"osLocale\":\"en-us\",\"resolvedLanguage\":\"en\",\"defaultMessagesFile\":\"/usr/share/vscodium/resources/app/out/nls.messages.json\",\"locale\":\"en-us\",\"availableLanguages\":{}}","VSCODE_PID":"605173","WAYLAND_DISPLAY":"wayland-1","WLR_RENDERER":"vulkan","WLR_RENDERER_ALLOW_SOFTWARE":"0","XDG_BACKEND":"wayland","XDG_CURRENT_DESKTOP":"Hyprland","XDG_RUNTIME_DIR":"/run/user/1000","XDG_SEAT":"seat0","XDG_SEAT_PATH":"/org/freedesktop/DisplayManager/Seat0","XDG_SESSION_CLASS":"user","XDG_SESSION_DESKTOP":"Hyprland","XDG_SESSION_ID":"2","XDG_SESSION_PATH":"/org/freedesktop/DisplayManager/Session1","XDG_SESSION_TYPE":"wayland","XDG_VTNR":"1","_":"/usr/share/vscodium/bin/../codium","_JAVA_AWT_WM_NONREPARENTING":"1","cacheDir":"/home/iris/.cache","confDir":"/home/iris/.config","dcolDir":"/home/iris/.cache/ivy-shell/shell","dunstDir":"/home/iris/.config/dunst","homDir":"/home/iris","hypr_border":"10","hypr_width":"2","hyprscrDir":"/home/iris/.config/hypr/scripts","ideCDir":"/home/iris/.cache/ivy-shell","ideDir":"/home/iris/.config/ivy-shell","localDir":"/home/iris/.local","rasiDir":"/home/iris/.config/rofi/shared","rofiAssetDir":"/home/iris/.config/rofi/shared/assets","rofiStyleDir":"/home/iris/.config/rofi/styles","wcDir":"/home/iris/.config/waybar","wlDir":"/home/iris/.config/waybar/Styles","ELECTRON_RUN_AS_NODE":"1"}
[cmake] Not searching for unused variables given on the command line.
[cmake] -- Configuring done (0.2s)
[cmake] -- Generating done (0.0s)
[cmake] -- Build files have been written to: /home/iris/Templates/build
[cmakefileapi-parser] Read reply folder: /home/iris/Templates/build/.cmake/api/v1/reply
[cmakefileapi-parser] Found index files: ["cache-v2-1630728b49c91005c0d8.json","cmakeFiles-v1-8500e3b194fdcbd12a62.json","codemodel-v2-fc7baa3c2e6713eb0510.json","directory-.-Debug-9ad1a58d4644cf6543fa.json","index-2026-03-08T18-19-54-0801.json","target-a.out-Debug-2ce63036c42a6a58c5bf.json","toolchains-v1-35a93553c3195ba7a020.json"]
[expand] expanded ${workspaceFolder}/compile_commands.json
[main] Copying compile_commands.json from /home/iris/Templates/build/compile_commands.json to /home/iris/Templates/compile_commands.json
[kitsController] User cancelled Kit selection
[extension] Deactivate CMakeTools
