[12:19:45 AM] [INFO] setStatusBarItem: status bar item is undefined
[12:19:45 AM] [INFO] [data.ts] extractRepo(): "/home/iris/Templates/Ether-Wallbash" less than "/home/iris/Desktop" and equal to "/home/iris/Desktop"
[12:19:45 AM] [INFO] [data.ts] extractRepo(): "/home/iris/Templates/Hyprland-Dots" less than "/home/iris/Desktop" and equal to "/home/iris/Desktop"
[12:19:45 AM] [INFO] [data.ts] extractRepo(): "/home/iris/Templates/HyDE" less than "/home/iris/Desktop" and equal to "/home/iris/Desktop"
[12:19:46 AM] [INFO] Discord Rich Presence for VS Code activated.
[12:19:46 AM] [INFO] Registered Discord Rich Presence commands
[12:19:46 AM] [INFO] Successfully connected to Discord
[12:19:46 AM] [INFO] [004] Debug: Enabling Discord Rich Presence
[12:19:46 AM] [INFO] [004] Debug: Logging in with client ID "810516608442695700"
[12:19:46 AM] [INFO] [004] Debug: Login - isConnected true isReady 810516608442695700
[12:19:46 AM] [INFO] [004] Debug: Login - [object Object]
[12:19:46 AM] [INFO] [004] Debug: Client Should be logged in
[12:19:46 AM] [INFO] [004] Debug: Enable - [object Object]
[12:19:46 AM] [INFO] [004] Debug: Enabled - isConnected true isReady 810516608442695700
[12:19:48 AM] [INFO] [data.ts] extractRepo(): "/home/iris/Templates/Ether-Wallbash" less than "/home/iris/Desktop" and equal to "/home/iris/Desktop"
[12:19:48 AM] [INFO] [data.ts] extractRepo(): "/home/iris/Templates/Hyprland-Dots" less than "/home/iris/Desktop" and equal to "/home/iris/Desktop"
[12:19:48 AM] [INFO] [data.ts] extractRepo(): "/home/iris/Templates/HyDE" less than "/home/iris/Desktop" and equal to "/home/iris/Desktop"
[12:19:48 AM] [INFO] [data.ts] extractRepo(): "/home/iris/Templates/IDE" less than "/home/iris/Desktop" and equal to "/home/iris/Desktop"
[12:19:50 AM] [INFO] [data.ts] extractRepo(): "/home/iris/Templates/Ether-Wallbash" less than "/home/iris/Desktop" and equal to "/home/iris/Desktop"
[12:19:50 AM] [INFO] [data.ts] extractRepo(): "/home/iris/Templates/Hyprland-Dots" less than "/home/iris/Desktop" and equal to "/home/iris/Desktop"
[12:19:50 AM] [INFO] [data.ts] extractRepo(): "/home/iris/Templates/HyDE" less than "/home/iris/Desktop" and equal to "/home/iris/Desktop"
[12:19:50 AM] [INFO] [data.ts] extractRepo(): "/home/iris/Templates/IDE" less than "/home/iris/Desktop" and equal to "/home/iris/Desktop"
[12:19:50 AM] [INFO] [data.ts] extractRepo(): "/home/iris/Templates/hyprdots" less than "/home/iris/Desktop" and equal to "/home/iris/Desktop"
[12:19:50 AM] [INFO] [data.ts] extractRepo(): "/home/iris/Templates/Ether-Wallbash" less than "/home/iris/Desktop" and equal to "/home/iris/Desktop"
[12:19:50 AM] [INFO] [data.ts] extractRepo(): "/home/iris/Templates/Hyprland-Dots" less than "/home/iris/Desktop" and equal to "/home/iris/Desktop"
[12:19:50 AM] [INFO] [data.ts] extractRepo(): "/home/iris/Templates/HyDE" less than "/home/iris/Desktop" and equal to "/home/iris/Desktop"
[12:19:50 AM] [INFO] [data.ts] extractRepo(): "/home/iris/Templates/IDE" less than "/home/iris/Desktop" and equal to "/home/iris/Desktop"
[12:19:50 AM] [INFO] [data.ts] extractRepo(): "/home/iris/Templates/hyprdots" less than "/home/iris/Desktop" and equal to "/home/iris/Desktop"
[12:19:51 AM] [INFO] [activity.ts] repo button1#gitRemoteUrl:  isGit false
[12:19:51 AM] [INFO] [activity.ts] createButton(): enabled true
[12:19:52 AM] [INFO] [activity.ts] createButton(): enabled true
[12:19:52 AM] [INFO] [activity.ts] getPresenceButtons button1: Active {
  "button": {
    "label": "Active Label Button 1",
    "url": "https://www.youtube.com/watch?v=dQw4w9WgXcQ"
  },
  "validationError": ""
}
[12:19:52 AM] [INFO] [activity.ts] getPresenceButtons button2: Active {
  "button": {
    "label": "Active Label Button 2",
    "url": "https://www.youtube.com/watch?v=dQw4w9WgXcQ"
  },
  "validationError": ""
}
[12:19:56 AM] [INFO] onDidChangeWindowState()
[12:19:56 AM] [INFO] [data.ts] extractRepo(): "/home/iris/Templates/Ether-Wallbash" less than "/home/iris/Desktop" and equal to "/home/iris/Desktop"
[12:19:56 AM] [INFO] [data.ts] extractRepo(): "/home/iris/Templates/Hyprland-Dots" less than "/home/iris/Desktop" and equal to "/home/iris/Desktop"
[12:19:56 AM] [INFO] [data.ts] extractRepo(): "/home/iris/Templates/hyprdots" less than "/home/iris/Desktop" and equal to "/home/iris/Desktop"
[12:19:56 AM] [INFO] [data.ts] extractRepo(): "/home/iris/Templates/HyDE" less than "/home/iris/Desktop" and equal to "/home/iris/Desktop"
[12:19:56 AM] [INFO] [data.ts] extractRepo(): "/home/iris/Templates/IDE" less than "/home/iris/Desktop" and equal to "/home/iris/Desktop"
[12:19:56 AM] [INFO] onDidChangeWindowState()
[12:19:56 AM] [INFO] [data.ts] extractRepo(): "/home/iris/Templates/Ether-Wallbash" less than "/home/iris/Desktop" and equal to "/home/iris/Desktop"
[12:19:56 AM] [INFO] [data.ts] extractRepo(): "/home/iris/Templates/Hyprland-Dots" less than "/home/iris/Desktop" and equal to "/home/iris/Desktop"
[12:19:56 AM] [INFO] [data.ts] extractRepo(): "/home/iris/Templates/hyprdots" less than "/home/iris/Desktop" and equal to "/home/iris/Desktop"
[12:19:56 AM] [INFO] [data.ts] extractRepo(): "/home/iris/Templates/HyDE" less than "/home/iris/Desktop" and equal to "/home/iris/Desktop"
[12:19:56 AM] [INFO] [data.ts] extractRepo(): "/home/iris/Templates/IDE" less than "/home/iris/Desktop" and equal to "/home/iris/Desktop"
[12:20:05 AM] [INFO] onDidChangeWindowState()
[12:20:05 AM] [INFO] [data.ts] extractRepo(): "/home/iris/Templates/Ether-Wallbash" less than "/home/iris/Desktop" and equal to "/home/iris/Desktop"
[12:20:05 AM] [INFO] [data.ts] extractRepo(): "/home/iris/Templates/Hyprland-Dots" less than "/home/iris/Desktop" and equal to "/home/iris/Desktop"
[12:20:05 AM] [INFO] [data.ts] extractRepo(): "/home/iris/Templates/hyprdots" less than "/home/iris/Desktop" and equal to "/home/iris/Desktop"
[12:20:05 AM] [INFO] [data.ts] extractRepo(): "/home/iris/Templates/HyDE" less than "/home/iris/Desktop" and equal to "/home/iris/Desktop"
[12:20:05 AM] [INFO] [data.ts] extractRepo(): "/home/iris/Templates/IDE" less than "/home/iris/Desktop" and equal to "/home/iris/Desktop"
[12:20:05 AM] [INFO] onDidChangeWindowState()
[12:20:05 AM] [INFO] [data.ts] extractRepo(): "/home/iris/Templates/Ether-Wallbash" less than "/home/iris/Desktop" and equal to "/home/iris/Desktop"
[12:20:05 AM] [INFO] [data.ts] extractRepo(): "/home/iris/Templates/Hyprland-Dots" less than "/home/iris/Desktop" and equal to "/home/iris/Desktop"
[12:20:05 AM] [INFO] [data.ts] extractRepo(): "/home/iris/Templates/hyprdots" less than "/home/iris/Desktop" and equal to "/home/iris/Desktop"
[12:20:05 AM] [INFO] [data.ts] extractRepo(): "/home/iris/Templates/HyDE" less than "/home/iris/Desktop" and equal to "/home/iris/Desktop"
[12:20:05 AM] [INFO] [data.ts] extractRepo(): "/home/iris/Templates/IDE" less than "/home/iris/Desktop" and equal to "/home/iris/Desktop"
[12:20:05 AM] [INFO] onDidChangeWindowState()
[12:20:05 AM] [INFO] [data.ts] extractRepo(): "/home/iris/Templates/Ether-Wallbash" less than "/home/iris/Desktop" and equal to "/home/iris/Desktop"
[12:20:05 AM] [INFO] [data.ts] extractRepo(): "/home/iris/Templates/Hyprland-Dots" less than "/home/iris/Desktop" and equal to "/home/iris/Desktop"
[12:20:05 AM] [INFO] [data.ts] extractRepo(): "/home/iris/Templates/hyprdots" less than "/home/iris/Desktop" and equal to "/home/iris/Desktop"
[12:20:05 AM] [INFO] [data.ts] extractRepo(): "/home/iris/Templates/HyDE" less than "/home/iris/Desktop" and equal to "/home/iris/Desktop"
[12:20:05 AM] [INFO] [data.ts] extractRepo(): "/home/iris/Templates/IDE" less than "/home/iris/Desktop" and equal to "/home/iris/Desktop"
[12:20:05 AM] [INFO] onDidChangeWindowState()
[12:20:05 AM] [INFO] [data.ts] extractRepo(): "/home/iris/Templates/Ether-Wallbash" less than "/home/iris/Desktop" and equal to "/home/iris/Desktop"
[12:20:05 AM] [INFO] [data.ts] extractRepo(): "/home/iris/Templates/Hyprland-Dots" less than "/home/iris/Desktop" and equal to "/home/iris/Desktop"
[12:20:05 AM] [INFO] [data.ts] extractRepo(): "/home/iris/Templates/hyprdots" less than "/home/iris/Desktop" and equal to "/home/iris/Desktop"
[12:20:05 AM] [INFO] [data.ts] extractRepo(): "/home/iris/Templates/HyDE" less than "/home/iris/Desktop" and equal to "/home/iris/Desktop"
[12:20:05 AM] [INFO] [data.ts] extractRepo(): "/home/iris/Templates/IDE" less than "/home/iris/Desktop" and equal to "/home/iris/Desktop"
[12:20:05 AM] [INFO] onDidChangeWindowState()
[12:20:05 AM] [INFO] [data.ts] extractRepo(): "/home/iris/Templates/Ether-Wallbash" less than "/home/iris/Desktop" and equal to "/home/iris/Desktop"
[12:20:05 AM] [INFO] [data.ts] extractRepo(): "/home/iris/Templates/Hyprland-Dots" less than "/home/iris/Desktop" and equal to "/home/iris/Desktop"
[12:20:05 AM] [INFO] [data.ts] extractRepo(): "/home/iris/Templates/hyprdots" less than "/home/iris/Desktop" and equal to "/home/iris/Desktop"
[12:20:05 AM] [INFO] [data.ts] extractRepo(): "/home/iris/Templates/HyDE" less than "/home/iris/Desktop" and equal to "/home/iris/Desktop"
[12:20:05 AM] [INFO] [data.ts] extractRepo(): "/home/iris/Templates/IDE" less than "/home/iris/Desktop" and equal to "/home/iris/Desktop"
[12:20:05 AM] [INFO] onDidChangeWindowState()
[12:20:05 AM] [INFO] [data.ts] extractRepo(): "/home/iris/Templates/Ether-Wallbash" less than "/home/iris/Desktop" and equal to "/home/iris/Desktop"
[12:20:05 AM] [INFO] [data.ts] extractRepo(): "/home/iris/Templates/Hyprland-Dots" less than "/home/iris/Desktop" and equal to "/home/iris/Desktop"
[12:20:05 AM] [INFO] [data.ts] extractRepo(): "/home/iris/Templates/hyprdots" less than "/home/iris/Desktop" and equal to "/home/iris/Desktop"
[12:20:05 AM] [INFO] [data.ts] extractRepo(): "/home/iris/Templates/HyDE" less than "/home/iris/Desktop" and equal to "/home/iris/Desktop"
[12:20:05 AM] [INFO] [data.ts] extractRepo(): "/home/iris/Templates/IDE" less than "/home/iris/Desktop" and equal to "/home/iris/Desktop"
[12:20:06 AM] [INFO] onDidChangeWindowState()
[12:20:06 AM] [INFO] [data.ts] extractRepo(): "/home/iris/Templates/Ether-Wallbash" less than "/home/iris/Desktop" and equal to "/home/iris/Desktop"
[12:20:06 AM] [INFO] [data.ts] extractRepo(): "/home/iris/Templates/Hyprland-Dots" less than "/home/iris/Desktop" and equal to "/home/iris/Desktop"
[12:20:06 AM] [INFO] [data.ts] extractRepo(): "/home/iris/Templates/hyprdots" less than "/home/iris/Desktop" and equal to "/home/iris/Desktop"
[12:20:06 AM] [INFO] [data.ts] extractRepo(): "/home/iris/Templates/HyDE" less than "/home/iris/Desktop" and equal to "/home/iris/Desktop"
[12:20:06 AM] [INFO] [data.ts] extractRepo(): "/home/iris/Templates/IDE" less than "/home/iris/Desktop" and equal to "/home/iris/Desktop"
[12:20:06 AM] [INFO] [data.ts] extractRepo(): "/home/iris/Templates/Hyprland-Dots" less than "/home/iris/Desktop" and equal to "/home/iris/Desktop"
[12:20:06 AM] [INFO] [data.ts] extractRepo(): "/home/iris/Templates/hyprdots" less than "/home/iris/Desktop" and equal to "/home/iris/Desktop"
[12:20:06 AM] [INFO] [data.ts] extractRepo(): "/home/iris/Templates/HyDE" less than "/home/iris/Desktop" and equal to "/home/iris/Desktop"
[12:20:06 AM] [INFO] [data.ts] extractRepo(): "/home/iris/Templates/IDE" less than "/home/iris/Desktop" and equal to "/home/iris/Desktop"
[12:20:06 AM] [INFO] [data.ts] extractRepo(): "/home/iris/Templates/hyprdots" less than "/home/iris/Desktop" and equal to "/home/iris/Desktop"
[12:20:06 AM] [INFO] [data.ts] extractRepo(): "/home/iris/Templates/HyDE" less than "/home/iris/Desktop" and equal to "/home/iris/Desktop"
[12:20:06 AM] [INFO] [data.ts] extractRepo(): "/home/iris/Templates/IDE" less than "/home/iris/Desktop" and equal to "/home/iris/Desktop"
[12:20:06 AM] [INFO] [data.ts] extractRepo(): "/home/iris/Templates/HyDE" less than "/home/iris/Desktop" and equal to "/home/iris/Desktop"
[12:20:06 AM] [INFO] [data.ts] extractRepo(): "/home/iris/Templates/IDE" less than "/home/iris/Desktop" and equal to "/home/iris/Desktop"
[12:20:06 AM] [INFO] [data.ts] extractRepo(): "/home/iris/Templates/IDE" less than "/home/iris/Desktop" and equal to "/home/iris/Desktop"
[12:20:06 AM] [INFO] Discord Rich Presence for VS Code deactivated.
[12:20:07 AM] [INFO] [activity.ts] repo button1#gitRemoteUrl:  isGit false
[12:20:07 AM] [INFO] [activity.ts] createButton(): enabled true
[12:20:07 AM] [INFO] [activity.ts] repo button1#gitRemoteUrl:  isGit false
[12:20:07 AM] [INFO] [activity.ts] createButton(): enabled true
[12:20:07 AM] [INFO] [activity.ts] repo button1#gitRemoteUrl:  isGit false
[12:20:07 AM] [INFO] [activity.ts] createButton(): enabled true
[12:20:07 AM] [INFO] [activity.ts] repo button1#gitRemoteUrl:  isGit false
[12:20:07 AM] [INFO] [activity.ts] createButton(): enabled true
[12:20:07 AM] [INFO] [activity.ts] createButton(): enabled true
[12:20:07 AM] [INFO] [activity.ts] createButton(): enabled true
[12:20:07 AM] [INFO] [activity.ts] createButton(): enabled true
[12:20:07 AM] [INFO] [activity.ts] createButton(): enabled true
[12:20:07 AM] [INFO] [activity.ts] getPresenceButtons button1: Active {
  "button": {
    "label": "Active Label Button 1",
    "url": "https://www.youtube.com/watch?v=dQw4w9WgXcQ"
  },
  "validationError": ""
}
[12:20:07 AM] [INFO] [activity.ts] getPresenceButtons button2: Active {
  "button": {
    "label": "Active Label Button 2",
    "url": "https://www.youtube.com/watch?v=dQw4w9WgXcQ"
  },
  "validationError": ""
}
[12:20:07 AM] [INFO] [activity.ts] getPresenceButtons button1: Active {
  "button": {
    "label": "Active Label Button 1",
    "url": "https://www.youtube.com/watch?v=dQw4w9WgXcQ"
  },
  "validationError": ""
}
[12:20:07 AM] [INFO] [activity.ts] getPresenceButtons button2: Active {
  "button": {
    "label": "Active Label Button 2",
    "url": "https://www.youtube.com/watch?v=dQw4w9WgXcQ"
  },
  "validationError": ""
}
[12:20:07 AM] [INFO] [activity.ts] getPresenceButtons button1: Active {
  "button": {
    "label": "Active Label Button 1",
    "url": "https://www.youtube.com/watch?v=dQw4w9WgXcQ"
  },
  "validationError": ""
}
[12:20:07 AM] [INFO] [activity.ts] getPresenceButtons button2: Active {
  "button": {
    "label": "Active Label Button 2",
    "url": "https://www.youtube.com/watch?v=dQw4w9WgXcQ"
  },
  "validationError": ""
}
[12:20:07 AM] [INFO] [activity.ts] getPresenceButtons button1: Active {
  "button": {
    "label": "Active Label Button 1",
    "url": "https://www.youtube.com/watch?v=dQw4w9WgXcQ"
  },
  "validationError": ""
}
[12:20:07 AM] [INFO] [activity.ts] getPresenceButtons button2: Active {
  "button": {
    "label": "Active Label Button 2",
    "url": "https://www.youtube.com/watch?v=dQw4w9WgXcQ"
  },
  "validationError": ""
}
