2026-03-14 01:10:01.601 [info] [main] Log level: Info
2026-03-14 01:10:01.601 [info] [main] Validating found git in: "git"
2026-03-14 01:10:01.601 [info] [main] Using git "2.53.0" from "git"
2026-03-14 01:10:01.601 [info] [Model][doInitialScan] Initial repository scan started
2026-03-14 01:10:01.601 [info] > git rev-parse --show-toplevel [85ms]
2026-03-14 01:10:01.601 [info] fatal: not a git repository (or any of the parent directories): .git
2026-03-14 01:10:01.601 [info] > git rev-parse --show-toplevel [77ms]
2026-03-14 01:10:01.601 [info] fatal: not a git repository (or any of the parent directories): .git
2026-03-14 01:10:01.601 [info] > git rev-parse --show-toplevel [20ms]
2026-03-14 01:10:01.601 [info] fatal: not a git repository (or any of the parent directories): .git
2026-03-14 01:10:01.616 [info] > git rev-parse --show-toplevel [7ms]
2026-03-14 01:10:01.616 [info] fatal: not a git repository (or any of the parent directories): .git
2026-03-14 01:10:01.632 [info] > git rev-parse --show-toplevel [8ms]
2026-03-14 01:10:01.632 [info] fatal: not a git repository (or any of the parent directories): .git
2026-03-14 01:10:01.785 [info] > git rev-parse --show-toplevel [145ms]
2026-03-14 01:10:01.830 [info] > git rev-parse --git-dir --git-common-dir --show-superproject-working-tree [34ms]
2026-03-14 01:10:01.900 [info] [Model][openRepository] Opened repository (path): /home/iris/Templates/Nullix/lib
2026-03-14 01:10:01.901 [info] [Model][openRepository] Opened repository (real path): /home/iris/Templates/Nullix/lib
2026-03-14 01:10:01.901 [info] [Model][openRepository] Opened repository (kind): repository
2026-03-14 01:10:01.940 [info] > git rev-parse --show-toplevel [23ms]
2026-03-14 01:10:01.940 [info] fatal: not a git repository (or any of the parent directories): .git
2026-03-14 01:10:01.941 [info] [Model][doInitialScan] Initial repository scan completed - repositories (1), closed repositories (0), parent repositories (0), unsafe repositories (0)
2026-03-14 01:10:01.943 [info] > git config --get commit.template [31ms]
2026-03-14 01:10:02.127 [info] > git for-each-ref --format=%(refname)%00%(upstream:short)%00%(objectname)%00%(upstream:track)%00%(upstream:remotename)%00%(upstream:remoteref) refs/heads/lib refs/remotes/lib [176ms]
2026-03-14 01:10:02.134 [warning] [Git][revParse] Unable to read file: ENOENT: no such file or directory, open '/home/iris/Templates/Nullix/lib/.git/refs/remotes/origin/lib'
2026-03-14 01:10:02.135 [info] > git rev-parse refs/remotes/origin/lib [1ms]
2026-03-14 01:10:02.159 [info] > git for-each-ref --sort -committerdate --format %(refname)%00%(objectname)%00%(*objectname) [1ms]
2026-03-14 01:10:03.874 [info] > git status -z -uall [1731ms]
2026-03-14 01:10:03.911 [info] > git for-each-ref --format=%(refname)%00%(upstream:short)%00%(objectname)%00%(upstream:track)%00%(upstream:remotename)%00%(upstream:remoteref) refs/heads/lib refs/remotes/lib [16ms]
2026-03-14 01:10:03.978 [info] > git config --get --local branch.lib.vscode-merge-base [60ms]
2026-03-14 01:10:03.978 [warning] [Git][config] git config failed: Failed to execute git
2026-03-14 01:10:03.982 [info] > git config --get commit.template [72ms]
2026-03-14 01:10:03.992 [info] > git for-each-ref --format=%(refname)%00%(upstream:short)%00%(objectname)%00%(upstream:track)%00%(upstream:remotename)%00%(upstream:remoteref) refs/heads/lib refs/remotes/lib [3ms]
2026-03-14 01:10:03.997 [warning] [Git][revParse] Unable to read file: ENOENT: no such file or directory, open '/home/iris/Templates/Nullix/lib/.git/refs/remotes/origin/lib'
2026-03-14 01:10:03.998 [info] > git rev-parse refs/remotes/origin/lib [1ms]
2026-03-14 01:10:04.007 [info] > git status -z -uall [5ms]
2026-03-14 01:10:04.008 [info] > git for-each-ref --sort -committerdate --format %(refname)%00%(objectname)%00%(*objectname) [1ms]
2026-03-14 01:10:04.207 [info] > git reflog lib --grep-reflog=branch: Created from *. [225ms]
2026-03-14 01:10:04.213 [info] > git symbolic-ref --short refs/remotes/origin/HEAD [1ms]
2026-03-14 01:10:04.213 [info] fatal: ref refs/remotes/origin/HEAD is not a symbolic ref
2026-03-14 01:10:04.213 [warning] [Repository][getDefaultBranch] Failed to get default branch details: Failed to execute git.
2026-03-14 01:10:04.228 [info] > git merge-base refs/heads/lib refs/remotes/origin/lib [9ms]
2026-03-14 01:10:04.236 [info] > git merge-base refs/heads/lib refs/remotes/origin/lib [11ms]
2026-03-14 01:10:04.527 [info] > git diff --raw --numstat --diff-filter=ADMR -z --find-renames=50% 94db5c224ddd2bc27e4c1b7f8b25300fe61eddad...refs/remotes/origin/lib -- [293ms]
2026-03-14 01:10:04.536 [info] > git diff --raw --numstat --diff-filter=ADMR -z --find-renames=50% 94db5c224ddd2bc27e4c1b7f8b25300fe61eddad...refs/remotes/origin/lib -- [292ms]
2026-03-14 01:10:04.819 [info] > git rev-parse --show-toplevel [3ms]
2026-03-14 01:10:04.819 [info] fatal: not a git repository (or any of the parent directories): .git
2026-03-14 01:10:06.067 [info] > git rev-parse --show-toplevel [3ms]
2026-03-14 01:10:06.358 [info] fatal: not a git repository (or any of the parent directories): .git
2026-03-14 01:10:06.599 [info] > git rev-parse --show-toplevel [2ms]
2026-03-14 01:10:06.600 [info] fatal: not a git repository (or any of the parent directories): .git
2026-03-14 01:10:06.736 [info] > git rev-parse --show-toplevel [4ms]
2026-03-14 01:10:07.284 [info] fatal: not a git repository (or any of the parent directories): .git
2026-03-14 01:10:08.345 [info] > git rev-parse --show-toplevel [2ms]
2026-03-14 01:10:08.345 [info] fatal: not a git repository (or any of the parent directories): .git
2026-03-14 01:10:10.390 [info] > git rev-parse --show-toplevel [1ms]
2026-03-14 01:10:10.390 [info] fatal: not a git repository (or any of the parent directories): .git
