[1:10:03 AM] [INFO] setStatusBarItem: status bar item is undefined
[1:10:03 AM] [INFO] [data.ts] extractRepo(): "/home/iris/Templates/Nullix/lib" less than "/home/iris/Templates/Nullix/src" and equal to "/home/iris/Templates/Nullix/src"
[1:10:03 AM] [INFO] Discord Rich Presence for VS Code activated.
[1:10:03 AM] [INFO] Registered Discord Rich Presence commands
[1:10:04 AM] [INFO] Successfully connected to Discord
[1:10:04 AM] [INFO] [004] Debug: Enabling Discord Rich Presence
[1:10:04 AM] [INFO] [004] Debug: Logging in with client ID "810516608442695700"
[1:10:04 AM] [INFO] [004] Debug: Login - isConnected true isReady 810516608442695700
[1:10:04 AM] [INFO] [004] Debug: Login - [object Object]
[1:10:04 AM] [INFO] [004] Debug: Client Should be logged in
[1:10:04 AM] [INFO] [004] Debug: Enable - [object Object]
[1:10:04 AM] [INFO] [004] Debug: Enabled - isConnected true isReady 810516608442695700
[1:10:04 AM] [INFO] [activity.ts] repo button1#gitRemoteUrl:  isGit false
[1:10:04 AM] [INFO] [activity.ts] createButton(): enabled true
[1:10:04 AM] [INFO] [activity.ts] createButton(): enabled true
[1:10:04 AM] [INFO] [activity.ts] getPresenceButtons button1: Active {
  "button": {
    "label": "Active Label Button 1",
    "url": "https://www.youtube.com/watch?v=dQw4w9WgXcQ"
  },
  "validationError": ""
}
[1:10:04 AM] [INFO] [activity.ts] getPresenceButtons button2: Active {
  "button": {
    "label": "Active Label Button 2",
    "url": "https://www.youtube.com/watch?v=dQw4w9WgXcQ"
  },
  "validationError": ""
}
[1:10:30 AM] [INFO] onDidChangeWindowState()
[1:10:30 AM] [INFO] [data.ts] extractRepo(): "/home/iris/Templates/Nullix/lib" less than "/home/iris/Templates/Nullix/src" and equal to "/home/iris/Templates/Nullix/src"
[1:10:50 AM] [INFO] onDidChangeWindowState()
[1:10:50 AM] [INFO] [data.ts] extractRepo(): "/home/iris/Templates/Nullix/lib" less than "/home/iris/Templates/Nullix/src" and equal to "/home/iris/Templates/Nullix/src"
[1:10:50 AM] [INFO] [activity.ts] repo button1#gitRemoteUrl:  isGit false
[1:10:50 AM] [INFO] [activity.ts] createButton(): enabled true
[1:10:50 AM] [INFO] [activity.ts] createButton(): enabled true
[1:10:50 AM] [INFO] [activity.ts] getPresenceButtons button1: Active {
  "button": {
    "label": "Active Label Button 1",
    "url": "https://www.youtube.com/watch?v=dQw4w9WgXcQ"
  },
  "validationError": ""
}
[1:10:50 AM] [INFO] [activity.ts] getPresenceButtons button2: Active {
  "button": {
    "label": "Active Label Button 2",
    "url": "https://www.youtube.com/watch?v=dQw4w9WgXcQ"
  },
  "validationError": ""
}
[1:10:56 AM] [INFO] onDidChangeWindowState()
[1:10:56 AM] [INFO] [data.ts] extractRepo(): "/home/iris/Templates/Nullix/lib" less than "/home/iris/Templates/Nullix/src" and equal to "/home/iris/Templates/Nullix/src"
[1:10:57 AM] [INFO] onDidChangeWindowState()
[1:10:57 AM] [INFO] [data.ts] extractRepo(): "/home/iris/Templates/Nullix/lib" less than "/home/iris/Templates/Nullix/src" and equal to "/home/iris/Templates/Nullix/src"
[1:10:57 AM] [INFO] [activity.ts] repo button1#gitRemoteUrl:  isGit false
[1:10:57 AM] [INFO] [activity.ts] createButton(): enabled true
[1:10:57 AM] [INFO] [activity.ts] createButton(): enabled true
[1:10:57 AM] [INFO] [activity.ts] getPresenceButtons button1: Active {
  "button": {
    "label": "Active Label Button 1",
    "url": "https://www.youtube.com/watch?v=dQw4w9WgXcQ"
  },
  "validationError": ""
}
[1:10:57 AM] [INFO] [activity.ts] getPresenceButtons button2: Active {
  "button": {
    "label": "Active Label Button 2",
    "url": "https://www.youtube.com/watch?v=dQw4w9WgXcQ"
  },
  "validationError": ""
}
[1:11:04 AM] [INFO] onDidChangeWindowState()
[1:11:04 AM] [INFO] [data.ts] extractRepo(): "/home/iris/Templates/Nullix/lib" less than "/home/iris/Templates/Nullix/src" and equal to "/home/iris/Templates/Nullix/src"
[1:11:05 AM] [INFO] onDidChangeWindowState()
[1:11:05 AM] [INFO] [data.ts] extractRepo(): "/home/iris/Templates/Nullix/lib" less than "/home/iris/Templates/Nullix/src" and equal to "/home/iris/Templates/Nullix/src"
[1:11:05 AM] [INFO] [activity.ts] repo button1#gitRemoteUrl:  isGit false
[1:11:05 AM] [INFO] [activity.ts] createButton(): enabled true
[1:11:05 AM] [INFO] [activity.ts] createButton(): enabled true
[1:11:05 AM] [INFO] [activity.ts] getPresenceButtons button1: Active {
  "button": {
    "label": "Active Label Button 1",
    "url": "https://www.youtube.com/watch?v=dQw4w9WgXcQ"
  },
  "validationError": ""
}
[1:11:05 AM] [INFO] [activity.ts] getPresenceButtons button2: Active {
  "button": {
    "label": "Active Label Button 2",
    "url": "https://www.youtube.com/watch?v=dQw4w9WgXcQ"
  },
  "validationError": ""
}
[1:11:11 AM] [INFO] onDidChangeWindowState()
[1:11:11 AM] [INFO] [data.ts] extractRepo(): "/home/iris/Templates/Nullix/lib" less than "/home/iris/Templates/Nullix/src" and equal to "/home/iris/Templates/Nullix/src"
[1:12:15 AM] [INFO] onDidChangeWindowState()
[1:12:15 AM] [INFO] [data.ts] extractRepo(): "/home/iris/Templates/Nullix/lib" less than "/home/iris/Templates/Nullix/src" and equal to "/home/iris/Templates/Nullix/src"
[1:12:52 AM] [INFO] onDidChangeWindowState()
[1:12:52 AM] [INFO] [data.ts] extractRepo(): "/home/iris/Templates/Nullix/lib" less than "/home/iris/Templates/Nullix/src" and equal to "/home/iris/Templates/Nullix/src"
[1:12:52 AM] [INFO] [activity.ts] repo button1#gitRemoteUrl:  isGit false
[1:12:52 AM] [INFO] [activity.ts] createButton(): enabled true
[1:12:52 AM] [INFO] [activity.ts] createButton(): enabled true
[1:12:52 AM] [INFO] [activity.ts] getPresenceButtons button1: Active {
  "button": {
    "label": "Active Label Button 1",
    "url": "https://www.youtube.com/watch?v=dQw4w9WgXcQ"
  },
  "validationError": ""
}
[1:12:52 AM] [INFO] [activity.ts] getPresenceButtons button2: Active {
  "button": {
    "label": "Active Label Button 2",
    "url": "https://www.youtube.com/watch?v=dQw4w9WgXcQ"
  },
  "validationError": ""
}
[1:12:59 AM] [INFO] onDidChangeWindowState()
[1:12:59 AM] [INFO] [data.ts] extractRepo(): "/home/iris/Templates/Nullix/lib" less than "/home/iris/Templates/Nullix/src" and equal to "/home/iris/Templates/Nullix/src"
[1:12:59 AM] [INFO] [activity.ts] repo button1#gitRemoteUrl:  isGit false
[1:12:59 AM] [INFO] [activity.ts] createButton(): enabled true
[1:12:59 AM] [INFO] [activity.ts] createButton(): enabled true
[1:12:59 AM] [INFO] [activity.ts] getPresenceButtons button1: Active {
  "button": {
    "label": "Active Label Button 1",
    "url": "https://www.youtube.com/watch?v=dQw4w9WgXcQ"
  },
  "validationError": ""
}
[1:12:59 AM] [INFO] [activity.ts] getPresenceButtons button2: Active {
  "button": {
    "label": "Active Label Button 2",
    "url": "https://www.youtube.com/watch?v=dQw4w9WgXcQ"
  },
  "validationError": ""
}
[1:13:00 AM] [INFO] onDidChangeWindowState()
[1:13:00 AM] [INFO] [data.ts] extractRepo(): "/home/iris/Templates/Nullix/lib" less than "/home/iris/Templates/Nullix/src" and equal to "/home/iris/Templates/Nullix/src"
[1:13:25 AM] [INFO] onDidChangeWindowState()
[1:13:25 AM] [INFO] [data.ts] extractRepo(): "/home/iris/Templates/Nullix/lib" less than "/home/iris/Templates/Nullix/src" and equal to "/home/iris/Templates/Nullix/src"
[1:13:25 AM] [INFO] [activity.ts] repo button1#gitRemoteUrl:  isGit false
[1:13:25 AM] [INFO] [activity.ts] createButton(): enabled true
[1:13:25 AM] [INFO] [activity.ts] createButton(): enabled true
[1:13:25 AM] [INFO] [activity.ts] getPresenceButtons button1: Active {
  "button": {
    "label": "Active Label Button 1",
    "url": "https://www.youtube.com/watch?v=dQw4w9WgXcQ"
  },
  "validationError": ""
}
[1:13:25 AM] [INFO] [activity.ts] getPresenceButtons button2: Active {
  "button": {
    "label": "Active Label Button 2",
    "url": "https://www.youtube.com/watch?v=dQw4w9WgXcQ"
  },
  "validationError": ""
}
[1:13:27 AM] [INFO] onDidChangeTextDocument()
[1:13:27 AM] [INFO] [data.ts] extractRepo(): "/home/iris/Templates/Nullix/lib" less than "/home/iris/Templates/Nullix/src" and equal to "/home/iris/Templates/Nullix/src"
[1:13:27 AM] [INFO] onDidChangeTextDocument()
[1:13:27 AM] [INFO] [data.ts] extractRepo(): "/home/iris/Templates/Nullix/lib" less than "/home/iris/Templates/Nullix/src" and equal to "/home/iris/Templates/Nullix/src"
[1:13:27 AM] [INFO] onDidChangeTextEditorSelection()
[1:13:27 AM] [INFO] [data.ts] extractRepo(): "/home/iris/Templates/Nullix/lib" less than "/home/iris/Templates/Nullix/src" and equal to "/home/iris/Templates/Nullix/src"
[1:13:27 AM] [INFO] onDidChangeTextDocument()
[1:13:27 AM] [INFO] [data.ts] extractRepo(): "/home/iris/Templates/Nullix/lib" less than "/home/iris/Templates/Nullix/src" and equal to "/home/iris/Templates/Nullix/src"
[1:13:27 AM] [INFO] onDidChangeTextEditorSelection()
[1:13:27 AM] [INFO] [data.ts] extractRepo(): "/home/iris/Templates/Nullix/lib" less than "/home/iris/Templates/Nullix/src" and equal to "/home/iris/Templates/Nullix/src"
[1:13:27 AM] [INFO] onDidChangeTextDocument()
[1:13:27 AM] [INFO] [data.ts] extractRepo(): "/home/iris/Templates/Nullix/lib" less than "/home/iris/Templates/Nullix/src" and equal to "/home/iris/Templates/Nullix/src"
[1:13:27 AM] [INFO] onDidChangeTextEditorSelection()
[1:13:27 AM] [INFO] [data.ts] extractRepo(): "/home/iris/Templates/Nullix/lib" less than "/home/iris/Templates/Nullix/src" and equal to "/home/iris/Templates/Nullix/src"
[1:13:27 AM] [INFO] [activity.ts] repo button1#gitRemoteUrl:  isGit false
[1:13:27 AM] [INFO] [activity.ts] createButton(): enabled true
[1:13:27 AM] [INFO] [activity.ts] createButton(): enabled true
[1:13:27 AM] [INFO] [activity.ts] getPresenceButtons button1: Active {
  "button": {
    "label": "Active Label Button 1",
    "url": "https://www.youtube.com/watch?v=dQw4w9WgXcQ"
  },
  "validationError": ""
}
[1:13:27 AM] [INFO] [activity.ts] getPresenceButtons button2: Active {
  "button": {
    "label": "Active Label Button 2",
    "url": "https://www.youtube.com/watch?v=dQw4w9WgXcQ"
  },
  "validationError": ""
}
[1:13:28 AM] [INFO] onDidChangeTextDocument()
[1:13:28 AM] [INFO] [data.ts] extractRepo(): "/home/iris/Templates/Nullix/lib" less than "/home/iris/Templates/Nullix/src" and equal to "/home/iris/Templates/Nullix/src"
[1:13:28 AM] [INFO] onDidChangeTextEditorSelection()
[1:13:28 AM] [INFO] [data.ts] extractRepo(): "/home/iris/Templates/Nullix/lib" less than "/home/iris/Templates/Nullix/src" and equal to "/home/iris/Templates/Nullix/src"
[1:13:28 AM] [INFO] onDidChangeTextDocument()
[1:13:28 AM] [INFO] [data.ts] extractRepo(): "/home/iris/Templates/Nullix/lib" less than "/home/iris/Templates/Nullix/src" and equal to "/home/iris/Templates/Nullix/src"
[1:13:28 AM] [INFO] onDidChangeTextEditorSelection()
[1:13:28 AM] [INFO] [data.ts] extractRepo(): "/home/iris/Templates/Nullix/lib" less than "/home/iris/Templates/Nullix/src" and equal to "/home/iris/Templates/Nullix/src"
[1:13:28 AM] [INFO] onDidChangeTextDocument()
[1:13:28 AM] [INFO] [data.ts] extractRepo(): "/home/iris/Templates/Nullix/lib" less than "/home/iris/Templates/Nullix/src" and equal to "/home/iris/Templates/Nullix/src"
[1:13:28 AM] [INFO] onDidChangeTextEditorSelection()
[1:13:28 AM] [INFO] [data.ts] extractRepo(): "/home/iris/Templates/Nullix/lib" less than "/home/iris/Templates/Nullix/src" and equal to "/home/iris/Templates/Nullix/src"
[1:13:29 AM] [INFO] [activity.ts] repo button1#gitRemoteUrl:  isGit false
[1:13:29 AM] [INFO] [activity.ts] createButton(): enabled true
[1:13:29 AM] [INFO] [activity.ts] createButton(): enabled true
[1:13:29 AM] [INFO] [activity.ts] getPresenceButtons button1: Active {
  "button": {
    "label": "Active Label Button 1",
    "url": "https://www.youtube.com/watch?v=dQw4w9WgXcQ"
  },
  "validationError": ""
}
[1:13:29 AM] [INFO] [activity.ts] getPresenceButtons button2: Active {
  "button": {
    "label": "Active Label Button 2",
    "url": "https://www.youtube.com/watch?v=dQw4w9WgXcQ"
  },
  "validationError": ""
}
[1:13:30 AM] [INFO] onDidChangeTextDocument()
[1:13:30 AM] [INFO] [data.ts] extractRepo(): "/home/iris/Templates/Nullix/lib" less than "/home/iris/Templates/Nullix/src" and equal to "/home/iris/Templates/Nullix/src"
[1:13:30 AM] [INFO] onDidChangeTextDocument()
[1:13:30 AM] [INFO] [data.ts] extractRepo(): "/home/iris/Templates/Nullix/lib" less than "/home/iris/Templates/Nullix/src" and equal to "/home/iris/Templates/Nullix/src"
[1:13:31 AM] [INFO] [activity.ts] repo button1#gitRemoteUrl:  isGit false
[1:13:31 AM] [INFO] [activity.ts] createButton(): enabled true
[1:13:31 AM] [INFO] [activity.ts] createButton(): enabled true
[1:13:31 AM] [INFO] [activity.ts] getPresenceButtons button1: Active {
  "button": {
    "label": "Active Label Button 1",
    "url": "https://www.youtube.com/watch?v=dQw4w9WgXcQ"
  },
  "validationError": ""
}
[1:13:31 AM] [INFO] [activity.ts] getPresenceButtons button2: Active {
  "button": {
    "label": "Active Label Button 2",
    "url": "https://www.youtube.com/watch?v=dQw4w9WgXcQ"
  },
  "validationError": ""
}
[1:13:47 AM] [INFO] onDidChangeWindowState()
[1:13:47 AM] [INFO] [data.ts] extractRepo(): "/home/iris/Templates/Nullix/lib" less than "/home/iris/Templates/Nullix/src" and equal to "/home/iris/Templates/Nullix/src"
[1:13:49 AM] [INFO] onDidChangeWindowState()
[1:13:49 AM] [INFO] [data.ts] extractRepo(): "/home/iris/Templates/Nullix/lib" less than "/home/iris/Templates/Nullix/src" and equal to "/home/iris/Templates/Nullix/src"
[1:13:49 AM] [INFO] [activity.ts] repo button1#gitRemoteUrl:  isGit false
[1:13:49 AM] [INFO] [activity.ts] createButton(): enabled true
[1:13:49 AM] [INFO] [activity.ts] createButton(): enabled true
[1:13:49 AM] [INFO] [activity.ts] getPresenceButtons button1: Active {
  "button": {
    "label": "Active Label Button 1",
    "url": "https://www.youtube.com/watch?v=dQw4w9WgXcQ"
  },
  "validationError": ""
}
[1:13:49 AM] [INFO] [activity.ts] getPresenceButtons button2: Active {
  "button": {
    "label": "Active Label Button 2",
    "url": "https://www.youtube.com/watch?v=dQw4w9WgXcQ"
  },
  "validationError": ""
}
[1:14:24 AM] [INFO] onDidChangeWindowState()
[1:14:24 AM] [INFO] [data.ts] extractRepo(): "/home/iris/Templates/Nullix/lib" less than "/home/iris/Templates/Nullix/src" and equal to "/home/iris/Templates/Nullix/src"
[1:14:25 AM] [INFO] onDidChangeWindowState()
[1:14:25 AM] [INFO] [data.ts] extractRepo(): "/home/iris/Templates/Nullix/lib" less than "/home/iris/Templates/Nullix/src" and equal to "/home/iris/Templates/Nullix/src"
[1:14:26 AM] [INFO] [activity.ts] repo button1#gitRemoteUrl:  isGit false
[1:14:26 AM] [INFO] [activity.ts] createButton(): enabled true
[1:14:26 AM] [INFO] [activity.ts] createButton(): enabled true
[1:14:26 AM] [INFO] [activity.ts] getPresenceButtons button1: Active {
  "button": {
    "label": "Active Label Button 1",
    "url": "https://www.youtube.com/watch?v=dQw4w9WgXcQ"
  },
  "validationError": ""
}
[1:14:26 AM] [INFO] [activity.ts] getPresenceButtons button2: Active {
  "button": {
    "label": "Active Label Button 2",
    "url": "https://www.youtube.com/watch?v=dQw4w9WgXcQ"
  },
  "validationError": ""
}
[1:14:34 AM] [INFO] onDidChangeWindowState()
[1:14:34 AM] [INFO] [data.ts] extractRepo(): "/home/iris/Templates/Nullix/lib" less than "/home/iris/Templates/Nullix/src" and equal to "/home/iris/Templates/Nullix/src"
[1:14:52 AM] [INFO] onDidChangeWindowState()
[1:14:52 AM] [INFO] [data.ts] extractRepo(): "/home/iris/Templates/Nullix/lib" less than "/home/iris/Templates/Nullix/src" and equal to "/home/iris/Templates/Nullix/src"
[1:14:52 AM] [INFO] [activity.ts] repo button1#gitRemoteUrl:  isGit false
[1:14:52 AM] [INFO] [activity.ts] createButton(): enabled true
[1:14:52 AM] [INFO] [activity.ts] createButton(): enabled true
[1:14:52 AM] [INFO] [activity.ts] getPresenceButtons button1: Active {
  "button": {
    "label": "Active Label Button 1",
    "url": "https://www.youtube.com/watch?v=dQw4w9WgXcQ"
  },
  "validationError": ""
}
[1:14:52 AM] [INFO] [activity.ts] getPresenceButtons button2: Active {
  "button": {
    "label": "Active Label Button 2",
    "url": "https://www.youtube.com/watch?v=dQw4w9WgXcQ"
  },
  "validationError": ""
}
[1:14:53 AM] [INFO] onDidChangeWindowState()
[1:14:53 AM] [INFO] [data.ts] extractRepo(): "/home/iris/Templates/Nullix/lib" less than "/home/iris/Templates/Nullix/src" and equal to "/home/iris/Templates/Nullix/src"
[1:15:05 AM] [INFO] [activity.ts] repo button1#gitRemoteUrl:  isGit false
[1:15:05 AM] [INFO] [activity.ts] createButton(): enabled true
[1:15:05 AM] [INFO] [activity.ts] createButton(): enabled true
[1:15:05 AM] [INFO] [activity.ts] getPresenceButtons button1: Idle {
  "button": {
    "label": "Idle Label Button 1",
    "url": "https://www.youtube.com/watch?v=dQw4w9WgXcQ"
  },
  "validationError": ""
}
[1:15:05 AM] [INFO] [activity.ts] getPresenceButtons button2: Idle {
  "button": {
    "label": "Idle Label Button 2",
    "url": "https://www.youtube.com/watch?v=dQw4w9WgXcQ"
  },
  "validationError": ""
}
[1:15:09 AM] [INFO] onDidChangeWindowState()
[1:15:09 AM] [INFO] [data.ts] extractRepo(): "/home/iris/Templates/Nullix/lib" less than "/home/iris/Templates/Nullix/src" and equal to "/home/iris/Templates/Nullix/src"
[1:15:09 AM] [INFO] [activity.ts] repo button1#gitRemoteUrl:  isGit false
[1:15:09 AM] [INFO] [activity.ts] createButton(): enabled true
[1:15:09 AM] [INFO] [activity.ts] createButton(): enabled true
[1:15:09 AM] [INFO] [activity.ts] getPresenceButtons button1: Active {
  "button": {
    "label": "Active Label Button 1",
    "url": "https://www.youtube.com/watch?v=dQw4w9WgXcQ"
  },
  "validationError": ""
}
[1:15:09 AM] [INFO] [activity.ts] getPresenceButtons button2: Active {
  "button": {
    "label": "Active Label Button 2",
    "url": "https://www.youtube.com/watch?v=dQw4w9WgXcQ"
  },
  "validationError": ""
}
[1:15:13 AM] [INFO] onDidChangeWindowState()
[1:15:13 AM] [INFO] [data.ts] extractRepo(): "/home/iris/Templates/Nullix/lib" less than "/home/iris/Templates/Nullix/src" and equal to "/home/iris/Templates/Nullix/src"
[1:15:39 AM] [INFO] onDidChangeWindowState()
[1:15:39 AM] [INFO] [data.ts] extractRepo(): "/home/iris/Templates/Nullix/lib" less than "/home/iris/Templates/Nullix/src" and equal to "/home/iris/Templates/Nullix/src"
[1:15:49 AM] [INFO] onDidChangeWindowState()
[1:15:49 AM] [INFO] [data.ts] extractRepo(): "/home/iris/Templates/Nullix/lib" less than "/home/iris/Templates/Nullix/src" and equal to "/home/iris/Templates/Nullix/src"
[1:15:49 AM] [INFO] [activity.ts] repo button1#gitRemoteUrl:  isGit false
[1:15:49 AM] [INFO] [activity.ts] createButton(): enabled true
[1:15:49 AM] [INFO] [activity.ts] createButton(): enabled true
[1:15:49 AM] [INFO] [activity.ts] getPresenceButtons button1: Active {
  "button": {
    "label": "Active Label Button 1",
    "url": "https://www.youtube.com/watch?v=dQw4w9WgXcQ"
  },
  "validationError": ""
}
[1:15:49 AM] [INFO] [activity.ts] getPresenceButtons button2: Active {
  "button": {
    "label": "Active Label Button 2",
    "url": "https://www.youtube.com/watch?v=dQw4w9WgXcQ"
  },
  "validationError": ""
}
[1:15:49 AM] [INFO] onDidChangeWindowState()
[1:15:49 AM] [INFO] [data.ts] extractRepo(): "/home/iris/Templates/Nullix/lib" less than "/home/iris/Templates/Nullix/src" and equal to "/home/iris/Templates/Nullix/src"
[1:15:49 AM] [INFO] [activity.ts] repo button1#gitRemoteUrl:  isGit false
[1:15:49 AM] [INFO] [activity.ts] createButton(): enabled true
[1:15:49 AM] [INFO] [activity.ts] createButton(): enabled true
[1:15:49 AM] [INFO] [activity.ts] getPresenceButtons button1: Active {
  "button": {
    "label": "Active Label Button 1",
    "url": "https://www.youtube.com/watch?v=dQw4w9WgXcQ"
  },
  "validationError": ""
}
[1:15:49 AM] [INFO] [activity.ts] getPresenceButtons button2: Active {
  "button": {
    "label": "Active Label Button 2",
    "url": "https://www.youtube.com/watch?v=dQw4w9WgXcQ"
  },
  "validationError": ""
}
[1:15:56 AM] [INFO] onDidChangeWindowState()
[1:15:56 AM] [INFO] [data.ts] extractRepo(): "/home/iris/Templates/Nullix/lib" less than "/home/iris/Templates/Nullix/src" and equal to "/home/iris/Templates/Nullix/src"
[1:16:11 AM] [INFO] [activity.ts] repo button1#gitRemoteUrl:  isGit false
[1:16:11 AM] [INFO] [activity.ts] createButton(): enabled true
[1:16:11 AM] [INFO] [activity.ts] createButton(): enabled true
[1:16:11 AM] [INFO] [activity.ts] getPresenceButtons button1: Idle {
  "button": {
    "label": "Idle Label Button 1",
    "url": "https://www.youtube.com/watch?v=dQw4w9WgXcQ"
  },
  "validationError": ""
}
[1:16:11 AM] [INFO] [activity.ts] getPresenceButtons button2: Idle {
  "button": {
    "label": "Idle Label Button 2",
    "url": "https://www.youtube.com/watch?v=dQw4w9WgXcQ"
  },
  "validationError": ""
}
[1:16:44 AM] [INFO] onDidChangeWindowState()
[1:16:44 AM] [INFO] [data.ts] extractRepo(): "/home/iris/Templates/Nullix/lib" less than "/home/iris/Templates/Nullix/src" and equal to "/home/iris/Templates/Nullix/src"
[1:16:44 AM] [INFO] [activity.ts] repo button1#gitRemoteUrl:  isGit false
[1:16:44 AM] [INFO] [activity.ts] createButton(): enabled true
[1:16:44 AM] [INFO] [activity.ts] createButton(): enabled true
[1:16:44 AM] [INFO] [activity.ts] getPresenceButtons button1: Active {
  "button": {
    "label": "Active Label Button 1",
    "url": "https://www.youtube.com/watch?v=dQw4w9WgXcQ"
  },
  "validationError": ""
}
[1:16:44 AM] [INFO] [activity.ts] getPresenceButtons button2: Active {
  "button": {
    "label": "Active Label Button 2",
    "url": "https://www.youtube.com/watch?v=dQw4w9WgXcQ"
  },
  "validationError": ""
}
[1:16:49 AM] [INFO] onDidChangeWindowState()
[1:16:49 AM] [INFO] [data.ts] extractRepo(): "/home/iris/Templates/Nullix/lib" less than "/home/iris/Templates/Nullix/src" and equal to "/home/iris/Templates/Nullix/src"
[1:16:54 AM] [INFO] onDidChangeWindowState()
[1:16:54 AM] [INFO] [data.ts] extractRepo(): "/home/iris/Templates/Nullix/lib" less than "/home/iris/Templates/Nullix/src" and equal to "/home/iris/Templates/Nullix/src"
[1:16:54 AM] [INFO] [activity.ts] repo button1#gitRemoteUrl:  isGit false
[1:16:54 AM] [INFO] [activity.ts] createButton(): enabled true
[1:16:54 AM] [INFO] [activity.ts] createButton(): enabled true
[1:16:54 AM] [INFO] [activity.ts] getPresenceButtons button1: Active {
  "button": {
    "label": "Active Label Button 1",
    "url": "https://www.youtube.com/watch?v=dQw4w9WgXcQ"
  },
  "validationError": ""
}
[1:16:54 AM] [INFO] [activity.ts] getPresenceButtons button2: Active {
  "button": {
    "label": "Active Label Button 2",
    "url": "https://www.youtube.com/watch?v=dQw4w9WgXcQ"
  },
  "validationError": ""
}
[1:16:54 AM] [INFO] onDidChangeWindowState()
[1:16:54 AM] [INFO] [data.ts] extractRepo(): "/home/iris/Templates/Nullix/lib" less than "/home/iris/Templates/Nullix/src" and equal to "/home/iris/Templates/Nullix/src"
[1:17:41 AM] [INFO] onDidChangeWindowState()
[1:17:41 AM] [INFO] [data.ts] extractRepo(): "/home/iris/Templates/Nullix/lib" less than "/home/iris/Templates/Nullix/src" and equal to "/home/iris/Templates/Nullix/src"
[1:17:41 AM] [INFO] [activity.ts] repo button1#gitRemoteUrl:  isGit false
[1:17:41 AM] [INFO] [activity.ts] createButton(): enabled true
[1:17:41 AM] [INFO] [activity.ts] createButton(): enabled true
[1:17:41 AM] [INFO] [activity.ts] getPresenceButtons button1: Active {
  "button": {
    "label": "Active Label Button 1",
    "url": "https://www.youtube.com/watch?v=dQw4w9WgXcQ"
  },
  "validationError": ""
}
[1:17:41 AM] [INFO] [activity.ts] getPresenceButtons button2: Active {
  "button": {
    "label": "Active Label Button 2",
    "url": "https://www.youtube.com/watch?v=dQw4w9WgXcQ"
  },
  "validationError": ""
}
[1:17:42 AM] [INFO] onDidChangeWindowState()
[1:17:42 AM] [INFO] [data.ts] extractRepo(): "/home/iris/Templates/Nullix/lib" less than "/home/iris/Templates/Nullix/src" and equal to "/home/iris/Templates/Nullix/src"
[1:17:57 AM] [INFO] onDidChangeWindowState()
[1:17:57 AM] [INFO] [data.ts] extractRepo(): "/home/iris/Templates/Nullix/lib" less than "/home/iris/Templates/Nullix/src" and equal to "/home/iris/Templates/Nullix/src"
[1:17:57 AM] [INFO] [activity.ts] repo button1#gitRemoteUrl:  isGit false
[1:17:57 AM] [INFO] [activity.ts] createButton(): enabled true
[1:17:57 AM] [INFO] [activity.ts] createButton(): enabled true
[1:17:57 AM] [INFO] [activity.ts] getPresenceButtons button1: Active {
  "button": {
    "label": "Active Label Button 1",
    "url": "https://www.youtube.com/watch?v=dQw4w9WgXcQ"
  },
  "validationError": ""
}
[1:17:57 AM] [INFO] [activity.ts] getPresenceButtons button2: Active {
  "button": {
    "label": "Active Label Button 2",
    "url": "https://www.youtube.com/watch?v=dQw4w9WgXcQ"
  },
  "validationError": ""
}
[1:18:09 AM] [INFO] onDidChangeWindowState()
[1:18:09 AM] [INFO] [data.ts] extractRepo(): "/home/iris/Templates/Nullix/lib" less than "/home/iris/Templates/Nullix/src" and equal to "/home/iris/Templates/Nullix/src"
[1:18:10 AM] [INFO] onDidChangeWindowState()
[1:18:10 AM] [INFO] [data.ts] extractRepo(): "/home/iris/Templates/Nullix/lib" less than "/home/iris/Templates/Nullix/src" and equal to "/home/iris/Templates/Nullix/src"
[1:18:10 AM] [INFO] [activity.ts] repo button1#gitRemoteUrl:  isGit false
[1:18:10 AM] [INFO] [activity.ts] createButton(): enabled true
[1:18:10 AM] [INFO] [activity.ts] createButton(): enabled true
[1:18:10 AM] [INFO] [activity.ts] getPresenceButtons button1: Active {
  "button": {
    "label": "Active Label Button 1",
    "url": "https://www.youtube.com/watch?v=dQw4w9WgXcQ"
  },
  "validationError": ""
}
[1:18:10 AM] [INFO] [activity.ts] getPresenceButtons button2: Active {
  "button": {
    "label": "Active Label Button 2",
    "url": "https://www.youtube.com/watch?v=dQw4w9WgXcQ"
  },
  "validationError": ""
}
[1:18:21 AM] [INFO] onDidChangeWindowState()
[1:18:21 AM] [INFO] [data.ts] extractRepo(): "/home/iris/Templates/Nullix/lib" less than "/home/iris/Templates/Nullix/src" and equal to "/home/iris/Templates/Nullix/src"
[1:18:34 AM] [INFO] onDidChangeWindowState()
[1:18:34 AM] [INFO] [data.ts] extractRepo(): "/home/iris/Templates/Nullix/lib" less than "/home/iris/Templates/Nullix/src" and equal to "/home/iris/Templates/Nullix/src"
[1:18:34 AM] [INFO] [activity.ts] repo button1#gitRemoteUrl:  isGit false
[1:18:34 AM] [INFO] [activity.ts] createButton(): enabled true
[1:18:34 AM] [INFO] [activity.ts] createButton(): enabled true
[1:18:34 AM] [INFO] [activity.ts] getPresenceButtons button1: Active {
  "button": {
    "label": "Active Label Button 1",
    "url": "https://www.youtube.com/watch?v=dQw4w9WgXcQ"
  },
  "validationError": ""
}
[1:18:34 AM] [INFO] [activity.ts] getPresenceButtons button2: Active {
  "button": {
    "label": "Active Label Button 2",
    "url": "https://www.youtube.com/watch?v=dQw4w9WgXcQ"
  },
  "validationError": ""
}
[1:18:34 AM] [INFO] onDidChangeWindowState()
[1:18:34 AM] [INFO] [data.ts] extractRepo(): "/home/iris/Templates/Nullix/lib" less than "/home/iris/Templates/Nullix/src" and equal to "/home/iris/Templates/Nullix/src"
[1:18:37 AM] [INFO] onDidChangeWindowState()
[1:18:37 AM] [INFO] [data.ts] extractRepo(): "/home/iris/Templates/Nullix/lib" less than "/home/iris/Templates/Nullix/src" and equal to "/home/iris/Templates/Nullix/src"
[1:18:37 AM] [INFO] [activity.ts] repo button1#gitRemoteUrl:  isGit false
[1:18:37 AM] [INFO] [activity.ts] createButton(): enabled true
[1:18:37 AM] [INFO] [activity.ts] createButton(): enabled true
[1:18:37 AM] [INFO] [activity.ts] getPresenceButtons button1: Active {
  "button": {
    "label": "Active Label Button 1",
    "url": "https://www.youtube.com/watch?v=dQw4w9WgXcQ"
  },
  "validationError": ""
}
[1:18:37 AM] [INFO] [activity.ts] getPresenceButtons button2: Active {
  "button": {
    "label": "Active Label Button 2",
    "url": "https://www.youtube.com/watch?v=dQw4w9WgXcQ"
  },
  "validationError": ""
}
[1:18:37 AM] [INFO] onDidChangeWindowState()
[1:18:37 AM] [INFO] [data.ts] extractRepo(): "/home/iris/Templates/Nullix/lib" less than "/home/iris/Templates/Nullix/src" and equal to "/home/iris/Templates/Nullix/src"
[1:19:08 AM] [INFO] onDidChangeWindowState()
[1:19:08 AM] [INFO] [data.ts] extractRepo(): "/home/iris/Templates/Nullix/lib" less than "/home/iris/Templates/Nullix/src" and equal to "/home/iris/Templates/Nullix/src"
[1:20:11 AM] [INFO] onDidChangeWindowState()
[1:20:11 AM] [INFO] [data.ts] extractRepo(): "/home/iris/Templates/Nullix/lib" less than "/home/iris/Templates/Nullix/src" and equal to "/home/iris/Templates/Nullix/src"
[1:20:11 AM] [INFO] [activity.ts] repo button1#gitRemoteUrl:  isGit false
[1:20:11 AM] [INFO] [activity.ts] createButton(): enabled true
[1:20:11 AM] [INFO] [activity.ts] createButton(): enabled true
[1:20:11 AM] [INFO] [activity.ts] getPresenceButtons button1: Active {
  "button": {
    "label": "Active Label Button 1",
    "url": "https://www.youtube.com/watch?v=dQw4w9WgXcQ"
  },
  "validationError": ""
}
[1:20:11 AM] [INFO] [activity.ts] getPresenceButtons button2: Active {
  "button": {
    "label": "Active Label Button 2",
    "url": "https://www.youtube.com/watch?v=dQw4w9WgXcQ"
  },
  "validationError": ""
}
[1:20:11 AM] [INFO] onDidChangeWindowState()
[1:20:11 AM] [INFO] [data.ts] extractRepo(): "/home/iris/Templates/Nullix/lib" less than "/home/iris/Templates/Nullix/src" and equal to "/home/iris/Templates/Nullix/src"
[1:20:13 AM] [INFO] [activity.ts] repo button1#gitRemoteUrl:  isGit false
[1:20:13 AM] [INFO] [activity.ts] createButton(): enabled true
[1:20:13 AM] [INFO] [activity.ts] createButton(): enabled true
[1:20:13 AM] [INFO] [activity.ts] getPresenceButtons button1: Idle {
  "button": {
    "label": "Idle Label Button 1",
    "url": "https://www.youtube.com/watch?v=dQw4w9WgXcQ"
  },
  "validationError": ""
}
[1:20:13 AM] [INFO] [activity.ts] getPresenceButtons button2: Idle {
  "button": {
    "label": "Idle Label Button 2",
    "url": "https://www.youtube.com/watch?v=dQw4w9WgXcQ"
  },
  "validationError": ""
}
[1:23:37 AM] [INFO] [activity.ts] repo button1#gitRemoteUrl:  isGit false
[1:23:37 AM] [INFO] [activity.ts] createButton(): enabled true
[1:23:37 AM] [INFO] [activity.ts] createButton(): enabled true
[1:23:37 AM] [INFO] [activity.ts] getPresenceButtons button1: Idle {
  "button": {
    "label": "Idle Label Button 1",
    "url": "https://www.youtube.com/watch?v=dQw4w9WgXcQ"
  },
  "validationError": ""
}
[1:23:37 AM] [INFO] [activity.ts] getPresenceButtons button2: Idle {
  "button": {
    "label": "Idle Label Button 2",
    "url": "https://www.youtube.com/watch?v=dQw4w9WgXcQ"
  },
  "validationError": ""
}
[1:23:58 AM] [INFO] onDidChangeWindowState()
[1:23:58 AM] [INFO] [data.ts] extractRepo(): "/home/iris/Templates/Nullix/lib" less than "/home/iris/Templates/Nullix/src" and equal to "/home/iris/Templates/Nullix/src"
[1:23:58 AM] [INFO] [activity.ts] repo button1#gitRemoteUrl:  isGit false
[1:23:58 AM] [INFO] [activity.ts] createButton(): enabled true
[1:23:58 AM] [INFO] [activity.ts] createButton(): enabled true
[1:23:58 AM] [INFO] [activity.ts] getPresenceButtons button1: Active {
  "button": {
    "label": "Active Label Button 1",
    "url": "https://www.youtube.com/watch?v=dQw4w9WgXcQ"
  },
  "validationError": ""
}
[1:23:58 AM] [INFO] [activity.ts] getPresenceButtons button2: Active {
  "button": {
    "label": "Active Label Button 2",
    "url": "https://www.youtube.com/watch?v=dQw4w9WgXcQ"
  },
  "validationError": ""
}
[1:23:58 AM] [INFO] onDidChangeWindowState()
[1:23:58 AM] [INFO] [data.ts] extractRepo(): "/home/iris/Templates/Nullix/lib" less than "/home/iris/Templates/Nullix/src" and equal to "/home/iris/Templates/Nullix/src"
[1:23:58 AM] [INFO] [activity.ts] repo button1#gitRemoteUrl:  isGit false
[1:23:58 AM] [INFO] [activity.ts] createButton(): enabled true
[1:23:58 AM] [INFO] [activity.ts] createButton(): enabled true
[1:23:58 AM] [INFO] [activity.ts] getPresenceButtons button1: Active {
  "button": {
    "label": "Active Label Button 1",
    "url": "https://www.youtube.com/watch?v=dQw4w9WgXcQ"
  },
  "validationError": ""
}
[1:23:58 AM] [INFO] [activity.ts] getPresenceButtons button2: Active {
  "button": {
    "label": "Active Label Button 2",
    "url": "https://www.youtube.com/watch?v=dQw4w9WgXcQ"
  },
  "validationError": ""
}
[1:23:59 AM] [INFO] onDidChangeWindowState()
[1:23:59 AM] [INFO] [data.ts] extractRepo(): "/home/iris/Templates/Nullix/lib" less than "/home/iris/Templates/Nullix/src" and equal to "/home/iris/Templates/Nullix/src"
[1:24:44 AM] [INFO] onDidChangeWindowState()
[1:24:44 AM] [INFO] [data.ts] extractRepo(): "/home/iris/Templates/Nullix/lib" less than "/home/iris/Templates/Nullix/src" and equal to "/home/iris/Templates/Nullix/src"
[1:24:44 AM] [INFO] [activity.ts] repo button1#gitRemoteUrl:  isGit false
[1:24:44 AM] [INFO] [activity.ts] createButton(): enabled true
[1:24:44 AM] [INFO] [activity.ts] createButton(): enabled true
[1:24:44 AM] [INFO] [activity.ts] getPresenceButtons button1: Active {
  "button": {
    "label": "Active Label Button 1",
    "url": "https://www.youtube.com/watch?v=dQw4w9WgXcQ"
  },
  "validationError": ""
}
[1:24:44 AM] [INFO] [activity.ts] getPresenceButtons button2: Active {
  "button": {
    "label": "Active Label Button 2",
    "url": "https://www.youtube.com/watch?v=dQw4w9WgXcQ"
  },
  "validationError": ""
}
[1:24:45 AM] [INFO] onDidChangeWindowState()
[1:24:45 AM] [INFO] [data.ts] extractRepo(): "/home/iris/Templates/Nullix/lib" less than "/home/iris/Templates/Nullix/src" and equal to "/home/iris/Templates/Nullix/src"
[1:24:48 AM] [INFO] onDidChangeWindowState()
[1:24:48 AM] [INFO] [data.ts] extractRepo(): "/home/iris/Templates/Nullix/lib" less than "/home/iris/Templates/Nullix/src" and equal to "/home/iris/Templates/Nullix/src"
[1:24:48 AM] [INFO] [activity.ts] repo button1#gitRemoteUrl:  isGit false
[1:24:48 AM] [INFO] [activity.ts] createButton(): enabled true
[1:24:48 AM] [INFO] [activity.ts] createButton(): enabled true
[1:24:48 AM] [INFO] [activity.ts] getPresenceButtons button1: Active {
  "button": {
    "label": "Active Label Button 1",
    "url": "https://www.youtube.com/watch?v=dQw4w9WgXcQ"
  },
  "validationError": ""
}
[1:24:48 AM] [INFO] [activity.ts] getPresenceButtons button2: Active {
  "button": {
    "label": "Active Label Button 2",
    "url": "https://www.youtube.com/watch?v=dQw4w9WgXcQ"
  },
  "validationError": ""
}
[1:24:49 AM] [INFO] onDidChangeWindowState()
[1:24:49 AM] [INFO] [data.ts] extractRepo(): "/home/iris/Templates/Nullix/lib" less than "/home/iris/Templates/Nullix/src" and equal to "/home/iris/Templates/Nullix/src"
[1:24:49 AM] [INFO] onDidChangeWindowState()
[1:24:49 AM] [INFO] [data.ts] extractRepo(): "/home/iris/Templates/Nullix/lib" less than "/home/iris/Templates/Nullix/src" and equal to "/home/iris/Templates/Nullix/src"
[1:24:49 AM] [INFO] [activity.ts] repo button1#gitRemoteUrl:  isGit false
[1:24:49 AM] [INFO] [activity.ts] createButton(): enabled true
[1:24:49 AM] [INFO] [activity.ts] createButton(): enabled true
[1:24:49 AM] [INFO] [activity.ts] getPresenceButtons button1: Active {
  "button": {
    "label": "Active Label Button 1",
    "url": "https://www.youtube.com/watch?v=dQw4w9WgXcQ"
  },
  "validationError": ""
}
[1:24:49 AM] [INFO] [activity.ts] getPresenceButtons button2: Active {
  "button": {
    "label": "Active Label Button 2",
    "url": "https://www.youtube.com/watch?v=dQw4w9WgXcQ"
  },
  "validationError": ""
}
[1:24:50 AM] [INFO] onDidChangeWindowState()
[1:24:50 AM] [INFO] [data.ts] extractRepo(): "/home/iris/Templates/Nullix/lib" less than "/home/iris/Templates/Nullix/src" and equal to "/home/iris/Templates/Nullix/src"
[1:24:51 AM] [INFO] onDidChangeWindowState()
[1:24:51 AM] [INFO] [data.ts] extractRepo(): "/home/iris/Templates/Nullix/lib" less than "/home/iris/Templates/Nullix/src" and equal to "/home/iris/Templates/Nullix/src"
[1:24:51 AM] [INFO] [activity.ts] repo button1#gitRemoteUrl:  isGit false
[1:24:51 AM] [INFO] [activity.ts] createButton(): enabled true
[1:24:51 AM] [INFO] [activity.ts] createButton(): enabled true
[1:24:51 AM] [INFO] [activity.ts] getPresenceButtons button1: Active {
  "button": {
    "label": "Active Label Button 1",
    "url": "https://www.youtube.com/watch?v=dQw4w9WgXcQ"
  },
  "validationError": ""
}
[1:24:51 AM] [INFO] [activity.ts] getPresenceButtons button2: Active {
  "button": {
    "label": "Active Label Button 2",
    "url": "https://www.youtube.com/watch?v=dQw4w9WgXcQ"
  },
  "validationError": ""
}
[1:24:51 AM] [INFO] onDidChangeWindowState()
[1:24:51 AM] [INFO] [data.ts] extractRepo(): "/home/iris/Templates/Nullix/lib" less than "/home/iris/Templates/Nullix/src" and equal to "/home/iris/Templates/Nullix/src"
[1:25:11 AM] [INFO] onDidChangeWindowState()
[1:25:11 AM] [INFO] [data.ts] extractRepo(): "/home/iris/Templates/Nullix/lib" less than "/home/iris/Templates/Nullix/src" and equal to "/home/iris/Templates/Nullix/src"
[1:25:12 AM] [INFO] [activity.ts] repo button1#gitRemoteUrl:  isGit false
[1:25:12 AM] [INFO] [activity.ts] createButton(): enabled true
[1:25:12 AM] [INFO] [activity.ts] createButton(): enabled true
[1:25:12 AM] [INFO] [activity.ts] getPresenceButtons button1: Active {
  "button": {
    "label": "Active Label Button 1",
    "url": "https://www.youtube.com/watch?v=dQw4w9WgXcQ"
  },
  "validationError": ""
}
[1:25:12 AM] [INFO] [activity.ts] getPresenceButtons button2: Active {
  "button": {
    "label": "Active Label Button 2",
    "url": "https://www.youtube.com/watch?v=dQw4w9WgXcQ"
  },
  "validationError": ""
}
[1:25:13 AM] [INFO] Discord Rich Presence for VS Code deactivated.
[1:25:13 AM] [INFO] setStatusBarItem: status bar item is undefined
[1:25:13 AM] [INFO] [004] Destroyed Discord RPC client
