[bookmarks] Loaded 0 bookmarks
[proc] Executing command: /usr/bin/cmake --version
[proc]   with environment: {"CHROME_DESKTOP":"codium.desktop","DBUS_SESSION_BUS_ADDRESS":"unix:path=/run/user/1000/bus","DEBUGINFOD_URLS":"https://debuginfod.archlinux.org ","DESKTOP_SESSION":"hyprland","DISPLAY":":1","EDITOR":"nvim","ELECTRON_NO_ATTACH_CONSOLE":"1","ELECTRON_OZONE_PLATFORM_HINT":"wayland","FC_FONTATIONS":"1","GDK_BACKEND":"wayland","GDK_SCALE":"1","HL_INITIAL_WORKSPACE_TOKEN":"81b14784-0c5c-461e-af6e-a50711629f81","HOME":"/home/iris","HYPRLAND_CMD":"Hyprland --watchdog-fd 4","HYPRLAND_INSTANCE_SIGNATURE":"4b07770b9ef1cceb2e6f56d33538aaffb9186b9c_1772981237_1038643159","LANG":"en_US.UTF-8","LOGNAME":"iris","MAIL":"/var/spool/mail/iris","MOTD_SHOWN":"pam","MOZ_ENABLE_WAYLAND":"1","NO_AT_BRIDGE":"1","PATH":"/home/iris/.spicetify:/usr/local/sbin:/usr/local/bin:/usr/bin:/usr/bin/site_perl:/usr/bin/vendor_perl:/usr/bin/core_perl:/usr/lib/rustup/bin","PWD":"/home/iris","QT_AUTO_SCREEN_SCALE_FACTOR":"1","QT_QPA_PLATFORM":"wayland;xcb","QT_QPA_PLATFORMTHEME":"qt6ct","QT_QUICK_CONTROLS_STYLE":"org.kde.desktop","QT_SCALE_FACTOR":"1","QT_WAYLAND_DISABLE_WINDOWDECORATION":"1","SDL_VIDEODRIVER":"wayland","SHELL":"/usr/bin/fish","SHLVL":"2","TERMINAL":"kitty -l","USER":"iris","VSCODE_CLI":"1","VSCODE_CODE_CACHE_PATH":"/home/iris/.config/VSCodium/CachedData/2a5b258b5b38d3d4c830bdaaa6e5c610eaacbd15","VSCODE_CRASH_REPORTER_PROCESS_TYPE":"extensionHost","VSCODE_CWD":"/home/iris","VSCODE_ESM_ENTRYPOINT":"vs/workbench/api/node/extensionHostProcess","VSCODE_HANDLES_UNCAUGHT_ERRORS":"true","VSCODE_IPC_HOOK":"/run/user/1000/vscode-79cee2d5-1.10-main.sock","VSCODE_NLS_CONFIG":"{\"userLocale\":\"en-us\",\"osLocale\":\"en-us\",\"resolvedLanguage\":\"en\",\"defaultMessagesFile\":\"/usr/share/vscodium/resources/app/out/nls.messages.json\",\"locale\":\"en-us\",\"availableLanguages\":{}}","VSCODE_PID":"605173","WAYLAND_DISPLAY":"wayland-1","WLR_RENDERER":"vulkan","WLR_RENDERER_ALLOW_SOFTWARE":"0","XDG_BACKEND":"wayland","XDG_CURRENT_DESKTOP":"Hyprland","XDG_RUNTIME_DIR":"/run/user/1000","XDG_SEAT":"seat0","XDG_SEAT_PATH":"/org/freedesktop/DisplayManager/Seat0","XDG_SESSION_CLASS":"user","XDG_SESSION_DESKTOP":"Hyprland","XDG_SESSION_ID":"2","XDG_SESSION_PATH":"/org/freedesktop/DisplayManager/Session1","XDG_SESSION_TYPE":"wayland","XDG_VTNR":"1","_":"/usr/share/vscodium/bin/../codium","_JAVA_AWT_WM_NONREPARENTING":"1","cacheDir":"/home/iris/.cache","confDir":"/home/iris/.config","dcolDir":"/home/iris/.cache/ivy-shell/shell","dunstDir":"/home/iris/.config/dunst","homDir":"/home/iris","hypr_border":"10","hypr_width":"2","hyprscrDir":"/home/iris/.config/hypr/scripts","ideCDir":"/home/iris/.cache/ivy-shell","ideDir":"/home/iris/.config/ivy-shell","localDir":"/home/iris/.local","rasiDir":"/home/iris/.config/rofi/shared","rofiAssetDir":"/home/iris/.config/rofi/shared/assets","rofiStyleDir":"/home/iris/.config/rofi/styles","wcDir":"/home/iris/.config/waybar","wlDir":"/home/iris/.config/waybar/Styles","ELECTRON_RUN_AS_NODE":"1","VSCODE_L10N_BUNDLE_LOCATION":""}
[proc] Executing command: /usr/bin/cmake -E capabilities
[proc]   with environment: {"CHROME_DESKTOP":"codium.desktop","DBUS_SESSION_BUS_ADDRESS":"unix:path=/run/user/1000/bus","DEBUGINFOD_URLS":"https://debuginfod.archlinux.org ","DESKTOP_SESSION":"hyprland","DISPLAY":":1","EDITOR":"nvim","ELECTRON_NO_ATTACH_CONSOLE":"1","ELECTRON_OZONE_PLATFORM_HINT":"wayland","FC_FONTATIONS":"1","GDK_BACKEND":"wayland","GDK_SCALE":"1","HL_INITIAL_WORKSPACE_TOKEN":"81b14784-0c5c-461e-af6e-a50711629f81","HOME":"/home/iris","HYPRLAND_CMD":"Hyprland --watchdog-fd 4","HYPRLAND_INSTANCE_SIGNATURE":"4b07770b9ef1cceb2e6f56d33538aaffb9186b9c_1772981237_1038643159","LANG":"en_US.UTF-8","LOGNAME":"iris","MAIL":"/var/spool/mail/iris","MOTD_SHOWN":"pam","MOZ_ENABLE_WAYLAND":"1","NO_AT_BRIDGE":"1","PATH":"/home/iris/.spicetify:/usr/local/sbin:/usr/local/bin:/usr/bin:/usr/bin/site_perl:/usr/bin/vendor_perl:/usr/bin/core_perl:/usr/lib/rustup/bin","PWD":"/home/iris","QT_AUTO_SCREEN_SCALE_FACTOR":"1","QT_QPA_PLATFORM":"wayland;xcb","QT_QPA_PLATFORMTHEME":"qt6ct","QT_QUICK_CONTROLS_STYLE":"org.kde.desktop","QT_SCALE_FACTOR":"1","QT_WAYLAND_DISABLE_WINDOWDECORATION":"1","SDL_VIDEODRIVER":"wayland","SHELL":"/usr/bin/fish","SHLVL":"2","TERMINAL":"kitty -l","USER":"iris","VSCODE_CLI":"1","VSCODE_CODE_CACHE_PATH":"/home/iris/.config/VSCodium/CachedData/2a5b258b5b38d3d4c830bdaaa6e5c610eaacbd15","VSCODE_CRASH_REPORTER_PROCESS_TYPE":"extensionHost","VSCODE_CWD":"/home/iris","VSCODE_ESM_ENTRYPOINT":"vs/workbench/api/node/extensionHostProcess","VSCODE_HANDLES_UNCAUGHT_ERRORS":"true","VSCODE_IPC_HOOK":"/run/user/1000/vscode-79cee2d5-1.10-main.sock","VSCODE_NLS_CONFIG":"{\"userLocale\":\"en-us\",\"osLocale\":\"en-us\",\"resolvedLanguage\":\"en\",\"defaultMessagesFile\":\"/usr/share/vscodium/resources/app/out/nls.messages.json\",\"locale\":\"en-us\",\"availableLanguages\":{}}","VSCODE_PID":"605173","WAYLAND_DISPLAY":"wayland-1","WLR_RENDERER":"vulkan","WLR_RENDERER_ALLOW_SOFTWARE":"0","XDG_BACKEND":"wayland","XDG_CURRENT_DESKTOP":"Hyprland","XDG_RUNTIME_DIR":"/run/user/1000","XDG_SEAT":"seat0","XDG_SEAT_PATH":"/org/freedesktop/DisplayManager/Seat0","XDG_SESSION_CLASS":"user","XDG_SESSION_DESKTOP":"Hyprland","XDG_SESSION_ID":"2","XDG_SESSION_PATH":"/org/freedesktop/DisplayManager/Session1","XDG_SESSION_TYPE":"wayland","XDG_VTNR":"1","_":"/usr/share/vscodium/bin/../codium","_JAVA_AWT_WM_NONREPARENTING":"1","cacheDir":"/home/iris/.cache","confDir":"/home/iris/.config","dcolDir":"/home/iris/.cache/ivy-shell/shell","dunstDir":"/home/iris/.config/dunst","homDir":"/home/iris","hypr_border":"10","hypr_width":"2","hyprscrDir":"/home/iris/.config/hypr/scripts","ideCDir":"/home/iris/.cache/ivy-shell","ideDir":"/home/iris/.config/ivy-shell","localDir":"/home/iris/.local","rasiDir":"/home/iris/.config/rofi/shared","rofiAssetDir":"/home/iris/.config/rofi/shared/assets","rofiStyleDir":"/home/iris/.config/rofi/styles","wcDir":"/home/iris/.config/waybar","wlDir":"/home/iris/.config/waybar/Styles","ELECTRON_RUN_AS_NODE":"1","VSCODE_L10N_BUNDLE_LOCATION":""}
[main] Safe constructing new CMakeProject instance
[variant] Constructing VariantManager
[main] Constructing new CMakeProject instance
[main] Starting CMake Tools second-phase init
[expand] expanded ${workspaceFolder}
[kit] Reading kits file /home/iris/.local/share/CMakeTools/cmake-tools-kits.json
[kit] Successfully loaded 3 kits from /home/iris/.local/share/CMakeTools/cmake-tools-kits.json
[kit] Not reading non-existent kits file: /home/iris/Templates/Nullix/.vscode/cmake-kits.json
[main] Injecting new Kit into CMake driver
[variant] Loaded new set of variants
[main] CMakeProject instance initialization complete.
[main] Starting new CMake driver
[main] Starting CMake driver
[main] Using generator from user configuration: Ninja
[cmakefileapi-driver] Creating instance of CMakeFileApiDriver
[driver] Initializing base driver using kit
[kit] Testing Clang binary: /usr/bin/clang
[proc] Executing command: /usr/bin/clang -v
[kit] Detected Clang compiler: /usr/bin/clang
[driver] CMakeDriver Kit set to Clang 21.1.6 x86_64-pc-linux-gnu
[kit] The environment for kit 'Clang 21.1.6 x86_64-pc-linux-gnu': {
  "CHROME_DESKTOP": "codium.desktop",
  "DBUS_SESSION_BUS_ADDRESS": "unix:path=/run/user/1000/bus",
  "DEBUGINFOD_URLS": "https://debuginfod.archlinux.org ",
  "DESKTOP_SESSION": "hyprland",
  "DISPLAY": ":1",
  "EDITOR": "nvim",
  "ELECTRON_NO_ATTACH_CONSOLE": "1",
  "ELECTRON_OZONE_PLATFORM_HINT": "wayland",
  "FC_FONTATIONS": "1",
  "GDK_BACKEND": "wayland",
  "GDK_SCALE": "1",
  "HL_INITIAL_WORKSPACE_TOKEN": "81b14784-0c5c-461e-af6e-a50711629f81",
  "HOME": "/home/iris",
  "HYPRLAND_CMD": "Hyprland --watchdog-fd 4",
  "HYPRLAND_INSTANCE_SIGNATURE": "4b07770b9ef1cceb2e6f56d33538aaffb9186b9c_1772981237_1038643159",
  "LANG": "en_US.UTF-8",
  "LOGNAME": "iris",
  "MAIL": "/var/spool/mail/iris",
  "MOTD_SHOWN": "pam",
  "MOZ_ENABLE_WAYLAND": "1",
  "NO_AT_BRIDGE": "1",
  "PATH": "/home/iris/.spicetify:/usr/local/sbin:/usr/local/bin:/usr/bin:/usr/bin/site_perl:/usr/bin/vendor_perl:/usr/bin/core_perl:/usr/lib/rustup/bin",
  "PWD": "/home/iris",
  "QT_AUTO_SCREEN_SCALE_FACTOR": "1",
  "QT_QPA_PLATFORM": "wayland;xcb",
  "QT_QPA_PLATFORMTHEME": "qt6ct",
  "QT_QUICK_CONTROLS_STYLE": "org.kde.desktop",
  "QT_SCALE_FACTOR": "1",
  "QT_WAYLAND_DISABLE_WINDOWDECORATION": "1",
  "SDL_VIDEODRIVER": "wayland",
  "SHELL": "/usr/bin/fish",
  "SHLVL": "2",
  "TERMINAL": "kitty -l",
  "USER": "iris",
  "VSCODE_CLI": "1",
  "VSCODE_CODE_CACHE_PATH": "/home/iris/.config/VSCodium/CachedData/2a5b258b5b38d3d4c830bdaaa6e5c610eaacbd15",
  "VSCODE_CRASH_REPORTER_PROCESS_TYPE": "extensionHost",
  "VSCODE_CWD": "/home/iris",
  "VSCODE_ESM_ENTRYPOINT": "vs/workbench/api/node/extensionHostProcess",
  "VSCODE_HANDLES_UNCAUGHT_ERRORS": "true",
  "VSCODE_IPC_HOOK": "/run/user/1000/vscode-79cee2d5-1.10-main.sock",
  "VSCODE_NLS_CONFIG": "{\"userLocale\":\"en-us\",\"osLocale\":\"en-us\",\"resolvedLanguage\":\"en\",\"defaultMessagesFile\":\"/usr/share/vscodium/resources/app/out/nls.messages.json\",\"locale\":\"en-us\",\"availableLanguages\":{}}",
  "VSCODE_PID": "605173",
  "WAYLAND_DISPLAY": "wayland-1",
  "WLR_RENDERER": "vulkan",
  "WLR_RENDERER_ALLOW_SOFTWARE": "0",
  "XDG_BACKEND": "wayland",
  "XDG_CURRENT_DESKTOP": "Hyprland",
  "XDG_RUNTIME_DIR": "/run/user/1000",
  "XDG_SEAT": "seat0",
  "XDG_SEAT_PATH": "/org/freedesktop/DisplayManager/Seat0",
  "XDG_SESSION_CLASS": "user",
  "XDG_SESSION_DESKTOP": "Hyprland",
  "XDG_SESSION_ID": "2",
  "XDG_SESSION_PATH": "/org/freedesktop/DisplayManager/Session1",
  "XDG_SESSION_TYPE": "wayland",
  "XDG_VTNR": "1",
  "_": "/usr/share/vscodium/bin/../codium",
  "_JAVA_AWT_WM_NONREPARENTING": "1",
  "cacheDir": "/home/iris/.cache",
  "confDir": "/home/iris/.config",
  "dcolDir": "/home/iris/.cache/ivy-shell/shell",
  "dunstDir": "/home/iris/.config/dunst",
  "homDir": "/home/iris",
  "hypr_border": "10",
  "hypr_width": "2",
  "hyprscrDir": "/home/iris/.config/hypr/scripts",
  "ideCDir": "/home/iris/.cache/ivy-shell",
  "ideDir": "/home/iris/.config/ivy-shell",
  "localDir": "/home/iris/.local",
  "rasiDir": "/home/iris/.config/rofi/shared",
  "rofiAssetDir": "/home/iris/.config/rofi/shared/assets",
  "rofiStyleDir": "/home/iris/.config/rofi/styles",
  "wcDir": "/home/iris/.config/waybar",
  "wlDir": "/home/iris/.config/waybar/Styles",
  "ELECTRON_RUN_AS_NODE": "1",
  "VSCODE_L10N_BUNDLE_LOCATION": ""
}
[expand] expanded ${workspaceFolder}/build
[driver] Setting new variant Debug
[expand] expanded ${workspaceFolder}/build
[extension] [6971] cmake.configure started
[main] Configuring project: Nullix 
[main] Saving open files before configure/build
[expand] expanded ${workspaceFolder}/build
[driver] Start configure 
[driver] Running pre-configure checks and steps
[driver] Using compilers in Clang 21.1.6 x86_64-pc-linux-gnu for configure
[expand] expanded ${workspaceFolder}/build
[cmakefileapi-driver] Configuring using kit
[cmakefileapi-driver] Invoking CMake /usr/bin/cmake with arguments ["-DCMAKE_BUILD_TYPE:STRING=Debug","-DCMAKE_EXPORT_COMPILE_COMMANDS:BOOL=TRUE","-DCMAKE_C_COMPILER:FILEPATH=/usr/bin/clang","-DCMAKE_CXX_COMPILER:FILEPATH=/usr/bin/clang++","--no-warn-unused-cli","-S","/home/iris/Templates/Nullix","-B","/home/iris/Templates/Nullix/build","-G","Ninja"]
[proc] Executing command: /usr/bin/cmake -DCMAKE_BUILD_TYPE:STRING=Debug -DCMAKE_EXPORT_COMPILE_COMMANDS:BOOL=TRUE -DCMAKE_C_COMPILER:FILEPATH=/usr/bin/clang -DCMAKE_CXX_COMPILER:FILEPATH=/usr/bin/clang++ --no-warn-unused-cli -S /home/iris/Templates/Nullix -B /home/iris/Templates/Nullix/build -G Ninja
[proc]   with environment: {"CHROME_DESKTOP":"codium.desktop","DBUS_SESSION_BUS_ADDRESS":"unix:path=/run/user/1000/bus","DEBUGINFOD_URLS":"https://debuginfod.archlinux.org ","DESKTOP_SESSION":"hyprland","DISPLAY":":1","EDITOR":"nvim","ELECTRON_NO_ATTACH_CONSOLE":"1","ELECTRON_OZONE_PLATFORM_HINT":"wayland","FC_FONTATIONS":"1","GDK_BACKEND":"wayland","GDK_SCALE":"1","HL_INITIAL_WORKSPACE_TOKEN":"81b14784-0c5c-461e-af6e-a50711629f81","HOME":"/home/iris","HYPRLAND_CMD":"Hyprland --watchdog-fd 4","HYPRLAND_INSTANCE_SIGNATURE":"4b07770b9ef1cceb2e6f56d33538aaffb9186b9c_1772981237_1038643159","LANG":"en_US.UTF-8","LOGNAME":"iris","MAIL":"/var/spool/mail/iris","MOTD_SHOWN":"pam","MOZ_ENABLE_WAYLAND":"1","NO_AT_BRIDGE":"1","PATH":"/home/iris/.spicetify:/usr/local/sbin:/usr/local/bin:/usr/bin:/usr/bin/site_perl:/usr/bin/vendor_perl:/usr/bin/core_perl:/usr/lib/rustup/bin","PWD":"/home/iris","QT_AUTO_SCREEN_SCALE_FACTOR":"1","QT_QPA_PLATFORM":"wayland;xcb","QT_QPA_PLATFORMTHEME":"qt6ct","QT_QUICK_CONTROLS_STYLE":"org.kde.desktop","QT_SCALE_FACTOR":"1","QT_WAYLAND_DISABLE_WINDOWDECORATION":"1","SDL_VIDEODRIVER":"wayland","SHELL":"/usr/bin/fish","SHLVL":"2","TERMINAL":"kitty -l","USER":"iris","VSCODE_CLI":"1","VSCODE_CODE_CACHE_PATH":"/home/iris/.config/VSCodium/CachedData/2a5b258b5b38d3d4c830bdaaa6e5c610eaacbd15","VSCODE_CRASH_REPORTER_PROCESS_TYPE":"extensionHost","VSCODE_CWD":"/home/iris","VSCODE_ESM_ENTRYPOINT":"vs/workbench/api/node/extensionHostProcess","VSCODE_HANDLES_UNCAUGHT_ERRORS":"true","VSCODE_IPC_HOOK":"/run/user/1000/vscode-79cee2d5-1.10-main.sock","VSCODE_NLS_CONFIG":"{\"userLocale\":\"en-us\",\"osLocale\":\"en-us\",\"resolvedLanguage\":\"en\",\"defaultMessagesFile\":\"/usr/share/vscodium/resources/app/out/nls.messages.json\",\"locale\":\"en-us\",\"availableLanguages\":{}}","VSCODE_PID":"605173","WAYLAND_DISPLAY":"wayland-1","WLR_RENDERER":"vulkan","WLR_RENDERER_ALLOW_SOFTWARE":"0","XDG_BACKEND":"wayland","XDG_CURRENT_DESKTOP":"Hyprland","XDG_RUNTIME_DIR":"/run/user/1000","XDG_SEAT":"seat0","XDG_SEAT_PATH":"/org/freedesktop/DisplayManager/Seat0","XDG_SESSION_CLASS":"user","XDG_SESSION_DESKTOP":"Hyprland","XDG_SESSION_ID":"2","XDG_SESSION_PATH":"/org/freedesktop/DisplayManager/Session1","XDG_SESSION_TYPE":"wayland","XDG_VTNR":"1","_":"/usr/share/vscodium/bin/../codium","_JAVA_AWT_WM_NONREPARENTING":"1","cacheDir":"/home/iris/.cache","confDir":"/home/iris/.config","dcolDir":"/home/iris/.cache/ivy-shell/shell","dunstDir":"/home/iris/.config/dunst","homDir":"/home/iris","hypr_border":"10","hypr_width":"2","hyprscrDir":"/home/iris/.config/hypr/scripts","ideCDir":"/home/iris/.cache/ivy-shell","ideDir":"/home/iris/.config/ivy-shell","localDir":"/home/iris/.local","rasiDir":"/home/iris/.config/rofi/shared","rofiAssetDir":"/home/iris/.config/rofi/shared/assets","rofiStyleDir":"/home/iris/.config/rofi/styles","wcDir":"/home/iris/.config/waybar","wlDir":"/home/iris/.config/waybar/Styles","ELECTRON_RUN_AS_NODE":"1","VSCODE_L10N_BUNDLE_LOCATION":""}
[cmake] Not searching for unused variables given on the command line.
[cmake] -- The CXX compiler identification is Clang 21.1.8
[cmake] -- Detecting CXX compiler ABI info
[cmake] -- Detecting CXX compiler ABI info - done
[cmake] -- Check for working CXX compiler: /usr/bin/clang++ - skipped
[cmake] -- Detecting CXX compile features
[cmake] -- Detecting CXX compile features - done
[cmake] -- Configuring done (1.6s)
[cmake] CMake Error at CMakeLists.txt:24 (target_sources):
[cmake]   Cannot find source file:
[cmake] 
[cmake]     main.cpp
[cmake] 
[cmake] 
[cmake] CMake Error at CMakeLists.txt:11 (add_executable):
[cmake]   No SOURCES given to target: a.out
[cmake] 
[cmake] 
[cmake] CMake Generate step failed.  Build files cannot be regenerated correctly.
[proc] The command: /usr/bin/cmake -DCMAKE_BUILD_TYPE:STRING=Debug -DCMAKE_EXPORT_COMPILE_COMMANDS:BOOL=TRUE -DCMAKE_C_COMPILER:FILEPATH=/usr/bin/clang -DCMAKE_CXX_COMPILER:FILEPATH=/usr/bin/clang++ --no-warn-unused-cli -S /home/iris/Templates/Nullix -B /home/iris/Templates/Nullix/build -G Ninja exited with code: 1
[extension] [6971] cmake.configure finished (returned 1)
[extension] [4375] cmake.configure started
[main] Configuring project: Nullix 
[main] Saving open files before configure/build
[expand] expanded ${workspaceFolder}/build
[driver] Start configure 
[driver] Running pre-configure checks and steps
[driver] Using compilers in Clang 21.1.6 x86_64-pc-linux-gnu for configure
[expand] expanded ${workspaceFolder}/build
[cmakefileapi-driver] Configuring using kit
[cmakefileapi-driver] Invoking CMake /usr/bin/cmake with arguments ["-DCMAKE_BUILD_TYPE:STRING=Debug","-DCMAKE_EXPORT_COMPILE_COMMANDS:BOOL=TRUE","-DCMAKE_C_COMPILER:FILEPATH=/usr/bin/clang","-DCMAKE_CXX_COMPILER:FILEPATH=/usr/bin/clang++","--no-warn-unused-cli","-S","/home/iris/Templates/Nullix","-B","/home/iris/Templates/Nullix/build","-G","Ninja"]
[proc] Executing command: /usr/bin/cmake -DCMAKE_BUILD_TYPE:STRING=Debug -DCMAKE_EXPORT_COMPILE_COMMANDS:BOOL=TRUE -DCMAKE_C_COMPILER:FILEPATH=/usr/bin/clang -DCMAKE_CXX_COMPILER:FILEPATH=/usr/bin/clang++ --no-warn-unused-cli -S /home/iris/Templates/Nullix -B /home/iris/Templates/Nullix/build -G Ninja
[proc]   with environment: {"CHROME_DESKTOP":"codium.desktop","DBUS_SESSION_BUS_ADDRESS":"unix:path=/run/user/1000/bus","DEBUGINFOD_URLS":"https://debuginfod.archlinux.org ","DESKTOP_SESSION":"hyprland","DISPLAY":":1","EDITOR":"nvim","ELECTRON_NO_ATTACH_CONSOLE":"1","ELECTRON_OZONE_PLATFORM_HINT":"wayland","FC_FONTATIONS":"1","GDK_BACKEND":"wayland","GDK_SCALE":"1","HL_INITIAL_WORKSPACE_TOKEN":"81b14784-0c5c-461e-af6e-a50711629f81","HOME":"/home/iris","HYPRLAND_CMD":"Hyprland --watchdog-fd 4","HYPRLAND_INSTANCE_SIGNATURE":"4b07770b9ef1cceb2e6f56d33538aaffb9186b9c_1772981237_1038643159","LANG":"en_US.UTF-8","LOGNAME":"iris","MAIL":"/var/spool/mail/iris","MOTD_SHOWN":"pam","MOZ_ENABLE_WAYLAND":"1","NO_AT_BRIDGE":"1","PATH":"/home/iris/.spicetify:/usr/local/sbin:/usr/local/bin:/usr/bin:/usr/bin/site_perl:/usr/bin/vendor_perl:/usr/bin/core_perl:/usr/lib/rustup/bin","PWD":"/home/iris","QT_AUTO_SCREEN_SCALE_FACTOR":"1","QT_QPA_PLATFORM":"wayland;xcb","QT_QPA_PLATFORMTHEME":"qt6ct","QT_QUICK_CONTROLS_STYLE":"org.kde.desktop","QT_SCALE_FACTOR":"1","QT_WAYLAND_DISABLE_WINDOWDECORATION":"1","SDL_VIDEODRIVER":"wayland","SHELL":"/usr/bin/fish","SHLVL":"2","TERMINAL":"kitty -l","USER":"iris","VSCODE_CLI":"1","VSCODE_CODE_CACHE_PATH":"/home/iris/.config/VSCodium/CachedData/2a5b258b5b38d3d4c830bdaaa6e5c610eaacbd15","VSCODE_CRASH_REPORTER_PROCESS_TYPE":"extensionHost","VSCODE_CWD":"/home/iris","VSCODE_ESM_ENTRYPOINT":"vs/workbench/api/node/extensionHostProcess","VSCODE_HANDLES_UNCAUGHT_ERRORS":"true","VSCODE_IPC_HOOK":"/run/user/1000/vscode-79cee2d5-1.10-main.sock","VSCODE_NLS_CONFIG":"{\"userLocale\":\"en-us\",\"osLocale\":\"en-us\",\"resolvedLanguage\":\"en\",\"defaultMessagesFile\":\"/usr/share/vscodium/resources/app/out/nls.messages.json\",\"locale\":\"en-us\",\"availableLanguages\":{}}","VSCODE_PID":"605173","WAYLAND_DISPLAY":"wayland-1","WLR_RENDERER":"vulkan","WLR_RENDERER_ALLOW_SOFTWARE":"0","XDG_BACKEND":"wayland","XDG_CURRENT_DESKTOP":"Hyprland","XDG_RUNTIME_DIR":"/run/user/1000","XDG_SEAT":"seat0","XDG_SEAT_PATH":"/org/freedesktop/DisplayManager/Seat0","XDG_SESSION_CLASS":"user","XDG_SESSION_DESKTOP":"Hyprland","XDG_SESSION_ID":"2","XDG_SESSION_PATH":"/org/freedesktop/DisplayManager/Session1","XDG_SESSION_TYPE":"wayland","XDG_VTNR":"1","_":"/usr/share/vscodium/bin/../codium","_JAVA_AWT_WM_NONREPARENTING":"1","cacheDir":"/home/iris/.cache","confDir":"/home/iris/.config","dcolDir":"/home/iris/.cache/ivy-shell/shell","dunstDir":"/home/iris/.config/dunst","homDir":"/home/iris","hypr_border":"10","hypr_width":"2","hyprscrDir":"/home/iris/.config/hypr/scripts","ideCDir":"/home/iris/.cache/ivy-shell","ideDir":"/home/iris/.config/ivy-shell","localDir":"/home/iris/.local","rasiDir":"/home/iris/.config/rofi/shared","rofiAssetDir":"/home/iris/.config/rofi/shared/assets","rofiStyleDir":"/home/iris/.config/rofi/styles","wcDir":"/home/iris/.config/waybar","wlDir":"/home/iris/.config/waybar/Styles","ELECTRON_RUN_AS_NODE":"1","VSCODE_L10N_BUNDLE_LOCATION":""}
[cmake] Not searching for unused variables given on the command line.
[cmake] -- Configuring done (0.2s)
[cmake] -- Generating done (0.0s)
[cmake] -- Build files have been written to: /home/iris/Templates/Nullix/build
[cmakefileapi-parser] Read reply folder: /home/iris/Templates/Nullix/build/.cmake/api/v1/reply
[cmakefileapi-parser] Found index files: ["cache-v2-b156ed4ff416a01444d9.json","cmakeFiles-v1-0b8bc9cad78d6ade0e2b.json","codemodel-v2-edcc3ef2ca8da4b5b56a.json","directory-.-Debug-9ad1a58d4644cf6543fa.json","index-2026-03-09T07-26-11-0817.json","target-a.out-Debug-38f26444ae4f2d51bf9a.json","toolchains-v1-35a93553c3195ba7a020.json"]
[expand] expanded ${workspaceFolder}/compile_commands.json
[main] Copying compile_commands.json from /home/iris/Templates/Nullix/build/compile_commands.json to /home/iris/Templates/Nullix/compile_commands.json
[extension] [4375] cmake.configure finished (returned 0)
[extension] [7801] cmake.launchTarget started
[main] Building folder: /home/iris/Templates/Nullix/build all
[main] Saving open files before configure/build
[build] Starting build
[driver] Start build all
[proc] Executing command: /usr/bin/cmake --build /home/iris/Templates/Nullix/build --config Debug --target all --
[proc]   with environment: {"CHROME_DESKTOP":"codium.desktop","DBUS_SESSION_BUS_ADDRESS":"unix:path=/run/user/1000/bus","DEBUGINFOD_URLS":"https://debuginfod.archlinux.org ","DESKTOP_SESSION":"hyprland","DISPLAY":":1","EDITOR":"nvim","ELECTRON_NO_ATTACH_CONSOLE":"1","ELECTRON_OZONE_PLATFORM_HINT":"wayland","FC_FONTATIONS":"1","GDK_BACKEND":"wayland","GDK_SCALE":"1","HL_INITIAL_WORKSPACE_TOKEN":"81b14784-0c5c-461e-af6e-a50711629f81","HOME":"/home/iris","HYPRLAND_CMD":"Hyprland --watchdog-fd 4","HYPRLAND_INSTANCE_SIGNATURE":"4b07770b9ef1cceb2e6f56d33538aaffb9186b9c_1772981237_1038643159","LANG":"en_US.UTF-8","LOGNAME":"iris","MAIL":"/var/spool/mail/iris","MOTD_SHOWN":"pam","MOZ_ENABLE_WAYLAND":"1","NO_AT_BRIDGE":"1","PATH":"/home/iris/.spicetify:/usr/local/sbin:/usr/local/bin:/usr/bin:/usr/bin/site_perl:/usr/bin/vendor_perl:/usr/bin/core_perl:/usr/lib/rustup/bin","PWD":"/home/iris","QT_AUTO_SCREEN_SCALE_FACTOR":"1","QT_QPA_PLATFORM":"wayland;xcb","QT_QPA_PLATFORMTHEME":"qt6ct","QT_QUICK_CONTROLS_STYLE":"org.kde.desktop","QT_SCALE_FACTOR":"1","QT_WAYLAND_DISABLE_WINDOWDECORATION":"1","SDL_VIDEODRIVER":"wayland","SHELL":"/usr/bin/fish","SHLVL":"2","TERMINAL":"kitty -l","USER":"iris","VSCODE_CLI":"1","VSCODE_CODE_CACHE_PATH":"/home/iris/.config/VSCodium/CachedData/2a5b258b5b38d3d4c830bdaaa6e5c610eaacbd15","VSCODE_CRASH_REPORTER_PROCESS_TYPE":"extensionHost","VSCODE_CWD":"/home/iris","VSCODE_ESM_ENTRYPOINT":"vs/workbench/api/node/extensionHostProcess","VSCODE_HANDLES_UNCAUGHT_ERRORS":"true","VSCODE_IPC_HOOK":"/run/user/1000/vscode-79cee2d5-1.10-main.sock","VSCODE_NLS_CONFIG":"{\"userLocale\":\"en-us\",\"osLocale\":\"en-us\",\"resolvedLanguage\":\"en\",\"defaultMessagesFile\":\"/usr/share/vscodium/resources/app/out/nls.messages.json\",\"locale\":\"en-us\",\"availableLanguages\":{}}","VSCODE_PID":"605173","WAYLAND_DISPLAY":"wayland-1","WLR_RENDERER":"vulkan","WLR_RENDERER_ALLOW_SOFTWARE":"0","XDG_BACKEND":"wayland","XDG_CURRENT_DESKTOP":"Hyprland","XDG_RUNTIME_DIR":"/run/user/1000","XDG_SEAT":"seat0","XDG_SEAT_PATH":"/org/freedesktop/DisplayManager/Seat0","XDG_SESSION_CLASS":"user","XDG_SESSION_DESKTOP":"Hyprland","XDG_SESSION_ID":"2","XDG_SESSION_PATH":"/org/freedesktop/DisplayManager/Session1","XDG_SESSION_TYPE":"wayland","XDG_VTNR":"1","_":"/usr/share/vscodium/bin/../codium","_JAVA_AWT_WM_NONREPARENTING":"1","cacheDir":"/home/iris/.cache","confDir":"/home/iris/.config","dcolDir":"/home/iris/.cache/ivy-shell/shell","dunstDir":"/home/iris/.config/dunst","homDir":"/home/iris","hypr_border":"10","hypr_width":"2","hyprscrDir":"/home/iris/.config/hypr/scripts","ideCDir":"/home/iris/.cache/ivy-shell","ideDir":"/home/iris/.config/ivy-shell","localDir":"/home/iris/.local","rasiDir":"/home/iris/.config/rofi/shared","rofiAssetDir":"/home/iris/.config/rofi/shared/assets","rofiStyleDir":"/home/iris/.config/rofi/styles","wcDir":"/home/iris/.config/waybar","wlDir":"/home/iris/.config/waybar/Styles","ELECTRON_RUN_AS_NODE":"1","VSCODE_L10N_BUNDLE_LOCATION":"","NINJA_STATUS":"[%s/%t %p :: %e] "}
[build] [6/22   4% :: 0.747] Scanning /home/iris/Templates/Nullix/src/main.cpp for CXX dependencies
[build] [7/22   9% :: 0.775] Scanning /home/iris/Templates/Nullix/lib/uniqx/source/system/process/ProcPipe.cpp for CXX dependencies
[build] [8/22  13% :: 0.955] Scanning /home/iris/Templates/Nullix/lib/nullix/source/host/host.cpp for CXX dependencies
[build] [9/22  18% :: 1.029] Scanning /home/iris/Templates/Nullix/lib/uniqx/source/system/process/SubProcess.cpp for CXX dependencies
[build] [10/22  22% :: 1.321] Scanning /home/iris/Templates/Nullix/lib/uniqx/source/system/process/ProcStream.cpp for CXX dependencies
[build] [10/22  27% :: 1.453] Scanning /home/iris/Templates/Nullix/lib/nullix/source/diagnostics/error.cpp for CXX dependencies
[build] [10/22  31% :: 1.590] Scanning /home/iris/Templates/Nullix/lib/uniqx/source/system/process/ProcPd.cpp for CXX dependencies
[build] [10/22  36% :: 1.710] Scanning /home/iris/Templates/Nullix/lib/uniqx/source/system/file_tree/PathProxy.cpp for CXX dependencies
[build] [10/22  40% :: 1.737] Scanning /home/iris/Templates/Nullix/lib/uniqx/source/system/process/ProcResult.cpp for CXX dependencies
[build] [10/22  45% :: 1.974] Scanning /home/iris/Templates/Nullix/lib/uniqx/source/system/file_tree/FileTree.cpp for CXX dependencies
[build] [11/22  50% :: 2.013] Generating CXX dyndep file CMakeFiles/a.out.dir/CXX.dd
[build] [17/22  54% :: 17.807] Building CXX object CMakeFiles/a.out.dir/src/main.cpp.o
[build] FAILED: [code=1] CMakeFiles/a.out.dir/src/main.cpp.o 
[build] /usr/bin/clang++  -I/home/iris/Templates/Nullix/lib/uniqx/include/system/file_tree -I/home/iris/Templates/Nullix/lib/uniqx/include/system/process -I/home/iris/Templates/Nullix/lib/uniqx/include/system -I/home/iris/Templates/Nullix/lib/nullix/include -I/home/iris/Templates/Nullix/lib/uniqx/include -I/home/iris/Templates/Nullix/lib/nullix -I/home/iris/Templates/Nullix/lib/uniqx -I/home/iris/Templates/Nullix/lib -g -std=gnu++26 -fcolor-diagnostics -Werror -Weverything -Wno-c++98-compat -Wno-switch-default -Wno-c++98-compat-pedantic -Wno-covered-switch-default -ferror-limit=999999 -fdiagnostics-color -MD -MT CMakeFiles/a.out.dir/src/main.cpp.o -MF CMakeFiles/a.out.dir/src/main.cpp.o.d @CMakeFiles/a.out.dir/src/main.cpp.o.modmap -o CMakeFiles/a.out.dir/src/main.cpp.o -c /home/iris/Templates/Nullix/src/main.cpp
[build] In file included from /home/iris/Templates/Nullix/src/main.cpp:1:
[build] In file included from /home/iris/Templates/Nullix/lib/uniqx/include/system/process/ProcStream.hpp:11:
[build] In file included from /home/iris/Templates/Nullix/lib/uniqx/uniqx.hpp:4:
[build] In file included from /home/iris/Templates/Nullix/lib/globals.hpp:10:
[build] /home/iris/Templates/Nullix/lib/diagnostics/Diagnostics.hpp:83:10: warning: "Warn: Header '<diagnostics.h>' has been supressed Ignore this warning if you are not using header '<diagnostics.h>'" [-W#warnings]
[build]    83 |         #warning "Warn: Header '<diagnostics.h>' has been supressed Ignore this warning if you are not using header '<diagnostics.h>'"
[build]       |          ^
[build] In file included from /home/iris/Templates/Nullix/src/main.cpp:1:
[build] In file included from /home/iris/Templates/Nullix/lib/uniqx/include/system/process/ProcStream.hpp:11:
[build] In file included from /home/iris/Templates/Nullix/lib/uniqx/uniqx.hpp:4:
[build] /home/iris/Templates/Nullix/lib/globals.hpp:68:13: warning: unknown attribute 'gblx_detail_::documentation_' ignored [-Wunknown-attributes]
[build]    68 |             gblx_detail_::documentation_
[build]       |             ^~~~~~~~~~~~~~~~~~~~~~~~~~~~
[build] /home/iris/Templates/Nullix/src/main.cpp:37:51: error: too few arguments to function call, expected at least 1, have 0
[build]    37 |         auto const& pkgCheck { SubProcess::create() };
[build]       |                                ~~~~~~~~~~~~~~~~~~ ^
[build] /home/iris/Templates/Nullix/lib/uniqx/include/system/process/SubProcess.hpp:55:28: note: 'create' declared here
[build]    55 |                     static create
[build]       |                            ^
[build]    56 |                     (
[build]    57 |                         string_t const& /* kr_str_binName_ */ ,
[build]       |                         ~~~~~~~~~~~~~~~~~~~~~~~~~~~~~~~~~~~~~~~
[build]    58 |                         vecStr_t const& /* kr_vecStr_argv_ */ = { }
[build]       |                         ~~~~~~~~~~~~~~~~~~~~~~~~~~~~~~~~~~~~~~~~~~~
[build] 2 warnings and 1 error generated.
[build] [17/22  59% :: 18.190] Building CXX object CMakeFiles/a.out.dir/lib/nullix/source/diagnostics/error.cpp.o
[build] In file included from /home/iris/Templates/Nullix/lib/nullix/source/diagnostics/error.cpp:7:
[build] In file included from /home/iris/Templates/Nullix/lib/nullix/nullix.hpp:105:
[build] In file included from /home/iris/Templates/Nullix/lib/nullix/include/host/host.hpp:17:
[build] In file included from /home/iris/Templates/Nullix/lib/uniqx/uniqx.hpp:4:
[build] In file included from /home/iris/Templates/Nullix/lib/globals.hpp:10:
[build] /home/iris/Templates/Nullix/lib/diagnostics/Diagnostics.hpp:83:10: warning: "Warn: Header '<diagnostics.h>' has been supressed Ignore this warning if you are not using header '<diagnostics.h>'" [-W#warnings]
[build]    83 |         #warning "Warn: Header '<diagnostics.h>' has been supressed Ignore this warning if you are not using header '<diagnostics.h>'"
[build]       |          ^
[build] In file included from /home/iris/Templates/Nullix/lib/nullix/source/diagnostics/error.cpp:7:
[build] In file included from /home/iris/Templates/Nullix/lib/nullix/nullix.hpp:105:
[build] In file included from /home/iris/Templates/Nullix/lib/nullix/include/host/host.hpp:17:
[build] In file included from /home/iris/Templates/Nullix/lib/uniqx/uniqx.hpp:4:
[build] /home/iris/Templates/Nullix/lib/globals.hpp:68:13: warning: unknown attribute 'gblx_detail_::documentation_' ignored [-Wunknown-attributes]
[build]    68 |             gblx_detail_::documentation_
[build]       |             ^~~~~~~~~~~~~~~~~~~~~~~~~~~~
[build] 2 warnings generated.
[build] [17/22  63% :: 22.464] Building CXX object CMakeFiles/a.out.dir/lib/uniqx/source/system/process/ProcPipe.cpp.o
[build] In file included from /home/iris/Templates/Nullix/lib/uniqx/source/system/process/ProcPipe.cpp:6:
[build] In file included from /home/iris/Templates/Nullix/lib/uniqx/include/system/process/ProcPipe.hpp:8:
[build] In file included from /home/iris/Templates/Nullix/lib/uniqx/uniqx.hpp:4:
[build] In file included from /home/iris/Templates/Nullix/lib/globals.hpp:10:
[build] /home/iris/Templates/Nullix/lib/diagnostics/Diagnostics.hpp:83:10: warning: "Warn: Header '<diagnostics.h>' has been supressed Ignore this warning if you are not using header '<diagnostics.h>'" [-W#warnings]
[build]    83 |         #warning "Warn: Header '<diagnostics.h>' has been supressed Ignore this warning if you are not using header '<diagnostics.h>'"
[build]       |          ^
[build] In file included from /home/iris/Templates/Nullix/lib/uniqx/source/system/process/ProcPipe.cpp:6:
[build] In file included from /home/iris/Templates/Nullix/lib/uniqx/include/system/process/ProcPipe.hpp:8:
[build] In file included from /home/iris/Templates/Nullix/lib/uniqx/uniqx.hpp:4:
[build] /home/iris/Templates/Nullix/lib/globals.hpp:68:13: warning: unknown attribute 'gblx_detail_::documentation_' ignored [-Wunknown-attributes]
[build]    68 |             gblx_detail_::documentation_
[build]       |             ^~~~~~~~~~~~~~~~~~~~~~~~~~~~
[build] 2 warnings generated.
[build] [17/22  68% :: 22.981] Building CXX object CMakeFiles/a.out.dir/lib/nullix/source/host/host.cpp.o
[build] In file included from /home/iris/Templates/Nullix/lib/nullix/source/host/host.cpp:11:
[build] In file included from /home/iris/Templates/Nullix/lib/nullix/include/host/host.hpp:17:
[build] In file included from /home/iris/Templates/Nullix/lib/uniqx/uniqx.hpp:4:
[build] In file included from /home/iris/Templates/Nullix/lib/globals.hpp:10:
[build] /home/iris/Templates/Nullix/lib/diagnostics/Diagnostics.hpp:83:10: warning: "Warn: Header '<diagnostics.h>' has been supressed Ignore this warning if you are not using header '<diagnostics.h>'" [-W#warnings]
[build]    83 |         #warning "Warn: Header '<diagnostics.h>' has been supressed Ignore this warning if you are not using header '<diagnostics.h>'"
[build]       |          ^
[build] In file included from /home/iris/Templates/Nullix/lib/nullix/source/host/host.cpp:11:
[build] In file included from /home/iris/Templates/Nullix/lib/nullix/include/host/host.hpp:17:
[build] In file included from /home/iris/Templates/Nullix/lib/uniqx/uniqx.hpp:4:
[build] /home/iris/Templates/Nullix/lib/globals.hpp:68:13: warning: unknown attribute 'gblx_detail_::documentation_' ignored [-Wunknown-attributes]
[build]    68 |             gblx_detail_::documentation_
[build]       |             ^~~~~~~~~~~~~~~~~~~~~~~~~~~~
[build] 2 warnings generated.
[build] [17/22  72% :: 25.340] Building CXX object CMakeFiles/a.out.dir/lib/uniqx/source/system/process/ProcPd.cpp.o
[build] In file included from /home/iris/Templates/Nullix/lib/uniqx/source/system/process/ProcPd.cpp:13:
[build] In file included from /home/iris/Templates/Nullix/lib/globals.hpp:10:
[build] /home/iris/Templates/Nullix/lib/diagnostics/Diagnostics.hpp:83:10: warning: "Warn: Header '<diagnostics.h>' has been supressed Ignore this warning if you are not using header '<diagnostics.h>'" [-W#warnings]
[build]    83 |         #warning "Warn: Header '<diagnostics.h>' has been supressed Ignore this warning if you are not using header '<diagnostics.h>'"
[build]       |          ^
[build] In file included from /home/iris/Templates/Nullix/lib/uniqx/source/system/process/ProcPd.cpp:13:
[build] /home/iris/Templates/Nullix/lib/globals.hpp:68:13: warning: unknown attribute 'gblx_detail_::documentation_' ignored [-Wunknown-attributes]
[build]    68 |             gblx_detail_::documentation_
[build]       |             ^~~~~~~~~~~~~~~~~~~~~~~~~~~~
[build] 2 warnings generated.
[build] [17/22  77% :: 26.382] Building CXX object CMakeFiles/a.out.dir/lib/uniqx/source/system/process/SubProcess.cpp.o
[build] In file included from /home/iris/Templates/Nullix/lib/uniqx/source/system/process/SubProcess.cpp:12:
[build] In file included from /home/iris/Templates/Nullix/lib/globals.hpp:10:
[build] /home/iris/Templates/Nullix/lib/diagnostics/Diagnostics.hpp:83:10: warning: "Warn: Header '<diagnostics.h>' has been supressed Ignore this warning if you are not using header '<diagnostics.h>'" [-W#warnings]
[build]    83 |         #warning "Warn: Header '<diagnostics.h>' has been supressed Ignore this warning if you are not using header '<diagnostics.h>'"
[build]       |          ^
[build] In file included from /home/iris/Templates/Nullix/lib/uniqx/source/system/process/SubProcess.cpp:12:
[build] /home/iris/Templates/Nullix/lib/globals.hpp:68:13: warning: unknown attribute 'gblx_detail_::documentation_' ignored [-Wunknown-attributes]
[build]    68 |             gblx_detail_::documentation_
[build]       |             ^~~~~~~~~~~~~~~~~~~~~~~~~~~~
[build] 2 warnings generated.
[build] ninja: build stopped: subcommand failed.
[proc] The command: /usr/bin/cmake --build /home/iris/Templates/Nullix/build --config Debug --target all -- exited with code: 1
[driver] Build completed: 00:00:27.178
[cmakefileapi-parser] Read reply folder: /home/iris/Templates/Nullix/build/.cmake/api/v1/reply
[cmakefileapi-parser] Found index files: ["cache-v2-b156ed4ff416a01444d9.json","cmakeFiles-v1-0b8bc9cad78d6ade0e2b.json","codemodel-v2-edcc3ef2ca8da4b5b56a.json","directory-.-Debug-9ad1a58d4644cf6543fa.json","index-2026-03-09T07-26-11-0817.json","target-a.out-Debug-38f26444ae4f2d51bf9a.json","toolchains-v1-35a93553c3195ba7a020.json"]
[expand] expanded ${workspaceFolder}/build
[build] Build finished with exit code 1
[expand] expanded ${workspaceFolder}/compile_commands.json
[main] Copying compile_commands.json from /home/iris/Templates/Nullix/build/compile_commands.json to /home/iris/Templates/Nullix/compile_commands.json
[main] Build failed
[extension] [7801] cmake.launchTarget finished (returned null)
[extension] Deactivate CMakeTools
