[INFO - 12:19:36 AM] Start CMake Language Server ...
[Trace - 12:19:36 AM] Sending request 'initialize - (0)'.
Params: {
    "processId": 605486,
    "clientInfo": {
        "name": "VSCodium",
        "version": "1.109.5"
    },
    "locale": "en",
    "rootPath": "/home/iris/Desktop/Project1/build",
    "rootUri": "file:///home/iris/Desktop/Project1/build",
    "capabilities": {
        "workspace": {
            "applyEdit": true,
            "workspaceEdit": {
                "documentChanges": true,
                "resourceOperations": [
                    "create",
                    "rename",
                    "delete"
                ],
                "failureHandling": "textOnlyTransactional",
                "normalizesLineEndings": true,
                "changeAnnotationSupport": {
                    "groupsOnLabel": true
                }
            },
            "configuration": true,
            "didChangeWatchedFiles": {
                "dynamicRegistration": true,
                "relativePatternSupport": true
            },
            "symbol": {
                "dynamicRegistration": true,
                "symbolKind": {
                    "valueSet": [
                        1,
                        2,
                        3,
                        4,
                        5,
                        6,
                        7,
                        8,
                        9,
                        10,
                        11,
                        12,
                        13,
                        14,
                        15,
                        16,
                        17,
                        18,
                        19,
                        20,
                        21,
                        22,
                        23,
                        24,
                        25,
                        26
                    ]
                },
                "tagSupport": {
                    "valueSet": [
                        1
                    ]
                },
                "resolveSupport": {
                    "properties": [
                        "location.range"
                    ]
                }
            },
            "codeLens": {
                "refreshSupport": true
            },
            "executeCommand": {
                "dynamicRegistration": true
            },
            "didChangeConfiguration": {
                "dynamicRegistration": true
            },
            "workspaceFolders": true,
            "foldingRange": {
                "refreshSupport": true
            },
            "semanticTokens": {
                "refreshSupport": true
            },
            "fileOperations": {
                "dynamicRegistration": true,
                "didCreate": true,
                "didRename": true,
                "didDelete": true,
                "willCreate": true,
                "willRename": true,
                "willDelete": true
            },
            "inlineValue": {
                "refreshSupport": true
            },
            "inlayHint": {
                "refreshSupport": true
            },
            "diagnostics": {
                "refreshSupport": true
            }
        },
        "textDocument": {
            "publishDiagnostics": {
                "relatedInformation": true,
                "versionSupport": false,
                "tagSupport": {
                    "valueSet": [
                        1,
                        2
                    ]
                },
                "codeDescriptionSupport": true,
                "dataSupport": true
            },
            "synchronization": {
                "dynamicRegistration": true,
                "willSave": true,
                "willSaveWaitUntil": true,
                "didSave": true
            },
            "completion": {
                "dynamicRegistration": true,
                "contextSupport": true,
                "completionItem": {
                    "snippetSupport": true,
                    "commitCharactersSupport": true,
                    "documentationFormat": [
                        "markdown",
                        "plaintext"
                    ],
                    "deprecatedSupport": true,
                    "preselectSupport": true,
                    "tagSupport": {
                        "valueSet": [
                            1
                        ]
                    },
                    "insertReplaceSupport": true,
                    "resolveSupport": {
                        "properties": [
                            "documentation",
                            "detail",
                            "additionalTextEdits"
                        ]
                    },
                    "insertTextModeSupport": {
                        "valueSet": [
                            1,
                            2
                        ]
                    },
                    "labelDetailsSupport": true
                },
                "insertTextMode": 2,
                "completionItemKind": {
                    "valueSet": [
                        1,
                        2,
                        3,
                        4,
                        5,
                        6,
                        7,
                        8,
                        9,
                        10,
                        11,
                        12,
                        13,
                        14,
                        15,
                        16,
                        17,
                        18,
                        19,
                        20,
                        21,
                        22,
                        23,
                        24,
                        25
                    ]
                },
                "completionList": {
                    "itemDefaults": [
                        "commitCharacters",
                        "editRange",
                        "insertTextFormat",
                        "insertTextMode",
                        "data"
                    ]
                }
            },
            "hover": {
                "dynamicRegistration": true,
                "contentFormat": [
                    "markdown",
                    "plaintext"
                ]
            },
            "signatureHelp": {
                "dynamicRegistration": true,
                "signatureInformation": {
                    "documentationFormat": [
                        "markdown",
                        "plaintext"
                    ],
                    "parameterInformation": {
                        "labelOffsetSupport": true
                    },
                    "activeParameterSupport": true
                },
                "contextSupport": true
            },
            "definition": {
                "dynamicRegistration": true,
                "linkSupport": true
            },
            "references": {
                "dynamicRegistration": true
            },
            "documentHighlight": {
                "dynamicRegistration": true
            },
            "documentSymbol": {
                "dynamicRegistration": true,
                "symbolKind": {
                    "valueSet": [
                        1,
                        2,
                        3,
                        4,
                        5,
                        6,
                        7,
                        8,
                        9,
                        10,
                        11,
                        12,
                        13,
                        14,
                        15,
                        16,
                        17,
                        18,
                        19,
                        20,
                        21,
                        22,
                        23,
                        24,
                        25,
                        26
                    ]
                },
                "hierarchicalDocumentSymbolSupport": true,
                "tagSupport": {
                    "valueSet": [
                        1
                    ]
                },
                "labelSupport": true
            },
            "codeAction": {
                "dynamicRegistration": true,
                "isPreferredSupport": true,
                "disabledSupport": true,
                "dataSupport": true,
                "resolveSupport": {
                    "properties": [
                        "edit"
                    ]
                },
                "codeActionLiteralSupport": {
                    "codeActionKind": {
                        "valueSet": [
                            "",
                            "quickfix",
                            "refactor",
                            "refactor.extract",
                            "refactor.inline",
                            "refactor.rewrite",
                            "source",
                            "source.organizeImports"
                        ]
                    }
                },
                "honorsChangeAnnotations": true
            },
            "codeLens": {
                "dynamicRegistration": true
            },
            "formatting": {
                "dynamicRegistration": true
            },
            "rangeFormatting": {
                "dynamicRegistration": true,
                "rangesSupport": true
            },
            "onTypeFormatting": {
                "dynamicRegistration": true
            },
            "rename": {
                "dynamicRegistration": true,
                "prepareSupport": true,
                "prepareSupportDefaultBehavior": 1,
                "honorsChangeAnnotations": true
            },
            "documentLink": {
                "dynamicRegistration": true,
                "tooltipSupport": true
            },
            "typeDefinition": {
                "dynamicRegistration": true,
                "linkSupport": true
            },
            "implementation": {
                "dynamicRegistration": true,
                "linkSupport": true
            },
            "colorProvider": {
                "dynamicRegistration": true
            },
            "foldingRange": {
                "dynamicRegistration": true,
                "rangeLimit": 5000,
                "lineFoldingOnly": true,
                "foldingRangeKind": {
                    "valueSet": [
                        "comment",
                        "imports",
                        "region"
                    ]
                },
                "foldingRange": {
                    "collapsedText": false
                }
            },
            "declaration": {
                "dynamicRegistration": true,
                "linkSupport": true
            },
            "selectionRange": {
                "dynamicRegistration": true
            },
            "callHierarchy": {
                "dynamicRegistration": true
            },
            "semanticTokens": {
                "dynamicRegistration": true,
                "tokenTypes": [
                    "namespace",
                    "type",
                    "class",
                    "enum",
                    "interface",
                    "struct",
                    "typeParameter",
                    "parameter",
                    "variable",
                    "property",
                    "enumMember",
                    "event",
                    "function",
                    "method",
                    "macro",
                    "keyword",
                    "modifier",
                    "comment",
                    "string",
                    "number",
                    "regexp",
                    "operator",
                    "decorator"
                ],
                "tokenModifiers": [
                    "declaration",
                    "definition",
                    "readonly",
                    "static",
                    "deprecated",
                    "abstract",
                    "async",
                    "modification",
                    "documentation",
                    "defaultLibrary"
                ],
                "formats": [
                    "relative"
                ],
                "requests": {
                    "range": true,
                    "full": {
                        "delta": true
                    }
                },
                "multilineTokenSupport": false,
                "overlappingTokenSupport": false,
                "serverCancelSupport": true,
                "augmentsSyntaxTokens": true
            },
            "linkedEditingRange": {
                "dynamicRegistration": true
            },
            "typeHierarchy": {
                "dynamicRegistration": true
            },
            "inlineValue": {
                "dynamicRegistration": true
            },
            "inlayHint": {
                "dynamicRegistration": true,
                "resolveSupport": {
                    "properties": [
                        "tooltip",
                        "textEdits",
                        "label.tooltip",
                        "label.location",
                        "label.command"
                    ]
                }
            },
            "diagnostic": {
                "dynamicRegistration": true,
                "relatedDocumentSupport": false
            }
        },
        "window": {
            "showMessage": {
                "messageActionItem": {
                    "additionalPropertiesSupport": true
                }
            },
            "showDocument": {
                "support": true
            },
            "workDoneProgress": true
        },
        "general": {
            "staleRequestSupport": {
                "cancel": true,
                "retryOnContentModified": [
                    "textDocument/semanticTokens/full",
                    "textDocument/semanticTokens/range",
                    "textDocument/semanticTokens/full/delta"
                ]
            },
            "regularExpressions": {
                "engine": "ECMAScript",
                "version": "ES2020"
            },
            "markdown": {
                "parser": "marked",
                "version": "1.1.0"
            },
            "positionEncodings": [
                "utf-16"
            ]
        },
        "notebookDocument": {
            "synchronization": {
                "dynamicRegistration": true,
                "executionSummarySupport": true
            }
        }
    },
    "initializationOptions": {
        "language": "en",
        "extensionPath": "/home/iris/.vscode-oss/extensions/kylinideteam.cmake-intellisence-0.4.0-universal",
        "extSettings": {
            "loggingLevel": "debug",
            "cmakePath": "cmake",
            "pkgConfigPath": "pkg-config",
            "cmdCaseDiagnostics": true
        }
    },
    "trace": "verbose",
    "workspaceFolders": [
        {
            "uri": "file:///home/iris/Desktop/Project1/build",
            "name": "build"
        },
        {
            "uri": "file:///home/iris/Desktop/Project1/include",
            "name": "include"
        },
        {
            "uri": "file:///home/iris/Desktop/Project1/src",
            "name": "src"
        }
    ]
}


CMakeInfo.init, cmakeRoot: /usr/share/cmake
[Trace - 12:20:05 AM] Received response 'initialize - (0)' in 28966ms.
Result: {
    "capabilities": {
        "textDocumentSync": 2,
        "hoverProvider": true,
        "signatureHelpProvider": {
            "triggerCharacters": [
                "("
            ],
            "retriggerCharacters": [
                " "
            ]
        },
        "completionProvider": {
            "triggerCharacters": [
                "/",
                "(",
                " "
            ],
            "resolveProvider": true
        },
        "documentFormattingProvider": true,
        "documentSymbolProvider": true,
        "definitionProvider": true,
        "semanticTokensProvider": {
            "legend": {
                "tokenTypes": [
                    "namespace",
                    "type",
                    "class",
                    "enum",
                    "parameter",
                    "variable",
                    "property",
                    "function",
                    "macro",
                    "keyword",
                    "modifier",
                    "comment",
                    "string",
                    "number",
                    "regexp",
                    "operator"
                ],
                "tokenModifiers": [
                    "declaration",
                    "definition",
                    "readonly",
                    "deprecated",
                    "documentation"
                ]
            },
            "range": false,
            "full": {
                "delta": true
            }
        },
        "codeActionProvider": {
            "codeActionKinds": [
                "quickfix"
            ]
        },
        "documentLinkProvider": {}
    },
    "serverInfo": {
        "name": "cmakels",
        "version": "0.1"
    }
}


[Trace - 12:20:05 AM] Sending notification 'initialized'.
Params: {}


[Trace - 12:20:05 AM] Received request 'client/registerCapability - (0)'.
Params: {
    "registrations": [
        {
            "id": "c5d209ed-4c8a-46df-a506-67845ba1406c",
            "method": "workspace/didChangeConfiguration",
            "registerOptions": {}
        }
    ]
}


[Trace - 12:20:05 AM] Sending response 'client/registerCapability - (0)'. Processing request took 17ms
No result returned.


[Trace - 12:20:06 AM] Sending notification '$/setTrace'.
Params: {
    "value": "verbose"
}


[Trace - 12:20:06 AM] Sending notification 'workspace/didChangeConfiguration'.
Params: {
    "settings": null
}


[Trace - 12:20:06 AM] Received request 'workspace/configuration - (1)'.
Params: {
    "items": [
        {
            "section": "cmakeIntelliSence.cmakePath"
        },
        {
            "section": "cmakeIntelliSence.loggingLevel"
        },
        {
            "section": "cmakeIntelliSence.cmdCaseDiagnostics"
        },
        {
            "section": "cmakeIntelliSence.pkgConfigPath"
        }
    ]
}


[Trace - 12:20:06 AM] Sending response 'workspace/configuration - (1)'. Processing request took 3ms
Result: [
    "cmake",
    "debug",
    true,
    "pkg-config"
]


[Trace - 12:28:00 AM] Sending notification '$/setTrace'.
Params: {
    "value": "verbose"
}


[Trace - 12:28:00 AM] Sending notification 'workspace/didChangeConfiguration'.
Params: {
    "settings": null
}


[Trace - 12:28:00 AM] Received request 'workspace/configuration - (2)'.
Params: {
    "items": [
        {
            "section": "cmakeIntelliSence.cmakePath"
        },
        {
            "section": "cmakeIntelliSence.loggingLevel"
        },
        {
            "section": "cmakeIntelliSence.cmdCaseDiagnostics"
        },
        {
            "section": "cmakeIntelliSence.pkgConfigPath"
        }
    ]
}


[Trace - 12:28:00 AM] Sending response 'workspace/configuration - (2)'. Processing request took 0ms
Result: [
    "cmake",
    "debug",
    true,
    "pkg-config"
]


[Trace - 12:28:04 AM] Sending notification '$/setTrace'.
Params: {
    "value": "verbose"
}


[Trace - 12:28:04 AM] Sending notification 'workspace/didChangeConfiguration'.
Params: {
    "settings": null
}


[Trace - 12:28:04 AM] Received request 'workspace/configuration - (3)'.
Params: {
    "items": [
        {
            "section": "cmakeIntelliSence.cmakePath"
        },
        {
            "section": "cmakeIntelliSence.loggingLevel"
        },
        {
            "section": "cmakeIntelliSence.cmdCaseDiagnostics"
        },
        {
            "section": "cmakeIntelliSence.pkgConfigPath"
        }
    ]
}


[Trace - 12:28:04 AM] Sending response 'workspace/configuration - (3)'. Processing request took 2ms
Result: [
    "cmake",
    "debug",
    true,
    "pkg-config"
]


[Trace - 12:28:06 AM] Sending notification '$/setTrace'.
Params: {
    "value": "verbose"
}


[Trace - 12:28:06 AM] Sending notification 'workspace/didChangeConfiguration'.
Params: {
    "settings": null
}


[Trace - 12:28:06 AM] Received request 'workspace/configuration - (4)'.
Params: {
    "items": [
        {
            "section": "cmakeIntelliSence.cmakePath"
        },
        {
            "section": "cmakeIntelliSence.loggingLevel"
        },
        {
            "section": "cmakeIntelliSence.cmdCaseDiagnostics"
        },
        {
            "section": "cmakeIntelliSence.pkgConfigPath"
        }
    ]
}


[Trace - 12:28:06 AM] Sending response 'workspace/configuration - (4)'. Processing request took 1ms
Result: [
    "cmake",
    "debug",
    true,
    "pkg-config"
]


